#
# There is insufficient memory for the Java Runtime Environment to continue.
# Native memory allocation (mmap) failed to map 427819008 bytes. Error detail: G1 virtual space
# Possible reasons:
#   The system is out of physical RAM or swap space
#   This process is running with CompressedOops enabled, and the Java Heap may be blocking the growth of the native heap
# Possible solutions:
#   Reduce memory load on the system
#   Increase physical memory or swap space
#   Check if swap backing store is full
#   Decrease Java heap size (-Xmx/-Xms)
#   Decrease number of Java threads
#   Decrease Java thread stack sizes (-Xss)
#   Set larger code cache with -XX:ReservedCodeCacheSize=
#   JVM is running with Zero Based Compressed Oops mode in which the Java heap is
#     placed in the first 32GB address space. The Java Heap base address is the
#     maximum limit for the native heap growth. Please use -XX:HeapBaseMinAddress
#     to set the Java Heap base and to place the Java Heap above 32GB virtual address.
# This output file may be truncated or incomplete.
#
#  Out of Memory Error (os_windows.cpp:3686), pid=296, tid=8056
#
# JRE version: OpenJDK Runtime Environment Temurin-21.0.7+6 (21.0.7+6) (build 21.0.7+6-LTS)
# Java VM: OpenJDK 64-Bit Server VM Temurin-21.0.7+6 (21.0.7+6-LTS, mixed mode, sharing, tiered, compressed oops, compressed class ptrs, g1 gc, windows-amd64)
# No core dump will be written. Minidumps are not enabled by default on client versions of Windows
#

---------------  S U M M A R Y ------------

Command Line: -XX:MaxMetaspaceSize=2G -XX:+HeapDumpOnOutOfMemoryError --add-opens=java.base/java.util=ALL-UNNAMED --add-opens=java.base/java.lang=ALL-UNNAMED --add-opens=java.base/java.lang.invoke=ALL-UNNAMED --add-opens=java.prefs/java.util.prefs=ALL-UNNAMED --add-exports=jdk.compiler/com.sun.tools.javac.api=ALL-UNNAMED --add-exports=jdk.compiler/com.sun.tools.javac.util=ALL-UNNAMED --add-opens=java.base/java.nio.charset=ALL-UNNAMED --add-opens=java.base/java.net=ALL-UNNAMED --add-opens=java.base/java.util.concurrent.atomic=ALL-UNNAMED -Xmx4G -Dfile.encoding=utf8 -Duser.country=TR -Duser.language=tr -Duser.variant -javaagent:C:\Users\System Bilgisayar\.gradle\wrapper\dists\gradle-8.9-bin\90cnw93cvbtalezasaz0blq0a\gradle-8.9\lib\agents\gradle-instrumentation-agent-8.9.jar org.gradle.launcher.daemon.bootstrap.GradleDaemon 8.9

Host: Intel(R) Core(TM) i5-7200U CPU @ 2.50GHz, 4 cores, 3G,  Windows 10 , 64 bit Build 19041 (10.0.19041.5794)
Time: Sun Jun 15 14:57:09 2025 Türkiye Standart Saati elapsed time: 190.366917 seconds (0d 0h 3m 10s)

---------------  T H R E A D  ---------------

Current thread (0x00000198bb62ea50):  VMThread "VM Thread"          [id=8056, stack(0x0000002ddc600000,0x0000002ddc700000) (1024K)]

Stack: [0x0000002ddc600000,0x0000002ddc700000]
Native frames: (J=compiled Java code, j=interpreted, Vv=VM code, C=native code)
V  [jvm.dll+0x6ce119]
V  [jvm.dll+0x8a84a1]
V  [jvm.dll+0x8aa9ce]
V  [jvm.dll+0x8ab0b3]
V  [jvm.dll+0x27f8a6]
V  [jvm.dll+0x6ca945]
V  [jvm.dll+0x6bebea]
V  [jvm.dll+0x355eca]
V  [jvm.dll+0x35da96]
V  [jvm.dll+0x3af72e]
V  [jvm.dll+0x3af9d8]
V  [jvm.dll+0x32a05c]
V  [jvm.dll+0x32a0e7]
V  [jvm.dll+0x36deac]
V  [jvm.dll+0x36c6f8]
V  [jvm.dll+0x329821]
V  [jvm.dll+0x36bd6a]
V  [jvm.dll+0x8b0dcf]
V  [jvm.dll+0x8b2154]
V  [jvm.dll+0x8b2690]
V  [jvm.dll+0x8b2933]
V  [jvm.dll+0x851f6b]
V  [jvm.dll+0x6cc7dd]
C  [ucrtbase.dll+0x21bb2]
C  [KERNEL32.DLL+0x17374]
C  [ntdll.dll+0x4cc91]

VM_Operation (0x0000002de06fc520): G1CollectForAllocation, mode: safepoint, requested by thread 0x00000198d4c05880


---------------  P R O C E S S  ---------------

Threads class SMR info:
_java_thread_list=0x000001991e667250, length=82, elements={
0x00000198bb5633f0, 0x00000198d4bc8000, 0x00000198d4bc8d10, 0x00000198d4bca8d0,
0x00000198d4bcb320, 0x00000198d4bcbd70, 0x00000198d4bcc7c0, 0x00000198d4bcd540,
0x00000198d4c39880, 0x00000198d4c6e270, 0x000001991a1e1a00, 0x000001991b715260,
0x000001991adc6e10, 0x000001991b314f30, 0x000001991a2e3dc0, 0x000001991a2df450,
0x000001991ac77950, 0x000001991ac769a0, 0x000001991a2ea770, 0x000001991b265b30,
0x000001991b266ee0, 0x000001991b2661c0, 0x000001991b266850, 0x000001991b93c470,
0x000001991b93d190, 0x000001991b93b0c0, 0x000001991b93b750, 0x000001991b93deb0,
0x000001991b93ff80, 0x000001991b93a3a0, 0x000001991b93ebd0, 0x000001991b93bde0,
0x000001991b93e540, 0x000001991b93f260, 0x000001991b940610, 0x000001991b93cb00,
0x000001991b939d10, 0x000001991c639b70, 0x000001991c636060, 0x000001991c6366f0,
0x000001991c638130, 0x000001991c63d680, 0x000001991c63a200, 0x000001991c63a890,
0x000001991c6394e0, 0x000001991c636d80, 0x000001991c6387c0, 0x000001991c63bc40,
0x000001991b93aa30, 0x000001991e771b80, 0x000001991e770e60, 0x000001991e7728a0,
0x000001991e76ed90, 0x000001991e7707d0, 0x000001991e76d350, 0x000001991e76d9e0,
0x000001991e76e700, 0x000001991e770140, 0x000001991b93d820, 0x000001991c637aa0,
0x00000198d4c05880, 0x00000198d4c051f0, 0x00000198d4c044d0, 0x000001991d4c8ff0,
0x000001991d4c75b0, 0x000001991d4c6200, 0x000001991d4c3410, 0x000001991d4c47c0,
0x000001991d4c7c40, 0x000001991d4c5b70, 0x000001991d4c82d0, 0x000001991d4c4130,
0x000001991d4c4e50, 0x000001991d4c6890, 0x000001991d4c8960, 0x000001991d4c26f0,
0x000001991d4c3aa0, 0x000001991d4c54e0, 0x00000198d4c0a740, 0x00000198d4c065a0,
0x00000198d4c06c30, 0x00000198d4c072c0
}

Java Threads: ( => current thread )
  0x00000198bb5633f0 JavaThread "main"                              [_thread_blocked, id=13524, stack(0x0000002ddbf00000,0x0000002ddc000000) (1024K)]
  0x00000198d4bc8000 JavaThread "Reference Handler"          daemon [_thread_blocked, id=8760, stack(0x0000002ddc700000,0x0000002ddc800000) (1024K)]
  0x00000198d4bc8d10 JavaThread "Finalizer"                  daemon [_thread_blocked, id=9864, stack(0x0000002ddc800000,0x0000002ddc900000) (1024K)]
  0x00000198d4bca8d0 JavaThread "Signal Dispatcher"          daemon [_thread_blocked, id=268, stack(0x0000002ddc900000,0x0000002ddca00000) (1024K)]
  0x00000198d4bcb320 JavaThread "Attach Listener"            daemon [_thread_blocked, id=1984, stack(0x0000002ddca00000,0x0000002ddcb00000) (1024K)]
  0x00000198d4bcbd70 JavaThread "Service Thread"             daemon [_thread_blocked, id=14432, stack(0x0000002ddcb00000,0x0000002ddcc00000) (1024K)]
  0x00000198d4bcc7c0 JavaThread "Monitor Deflation Thread"   daemon [_thread_blocked, id=13952, stack(0x0000002ddcc00000,0x0000002ddcd00000) (1024K)]
  0x00000198d4bcd540 JavaThread "C2 CompilerThread0"         daemon [_thread_blocked, id=6332, stack(0x0000002ddcd00000,0x0000002ddce00000) (1024K)]
  0x00000198d4c39880 JavaThread "C1 CompilerThread0"         daemon [_thread_blocked, id=4576, stack(0x0000002ddce00000,0x0000002ddcf00000) (1024K)]
  0x00000198d4c6e270 JavaThread "Common-Cleaner"             daemon [_thread_blocked, id=13124, stack(0x0000002ddcf00000,0x0000002ddd000000) (1024K)]
  0x000001991a1e1a00 JavaThread "Notification Thread"        daemon [_thread_blocked, id=12344, stack(0x0000002ddd000000,0x0000002ddd100000) (1024K)]
  0x000001991b715260 JavaThread "Daemon health stats"               [_thread_blocked, id=12648, stack(0x0000002ddd400000,0x0000002ddd500000) (1024K)]
  0x000001991adc6e10 JavaThread "Incoming local TCP Connector on port 61189"        [_thread_in_native, id=12604, stack(0x0000002ddd500000,0x0000002ddd600000) (1024K)]
  0x000001991b314f30 JavaThread "Daemon periodic checks"            [_thread_blocked, id=15048, stack(0x0000002ddd600000,0x0000002ddd700000) (1024K)]
  0x000001991a2e3dc0 JavaThread "Daemon"                            [_thread_blocked, id=5160, stack(0x0000002ddd700000,0x0000002ddd800000) (1024K)]
  0x000001991a2df450 JavaThread "Handler for socket connection from /127.0.0.1:61189 to /127.0.0.1:61190"        [_thread_in_native, id=10904, stack(0x0000002ddd800000,0x0000002ddd900000) (1024K)]
  0x000001991ac77950 JavaThread "Cancel handler"                    [_thread_blocked, id=7324, stack(0x0000002ddd900000,0x0000002ddda00000) (1024K)]
  0x000001991ac769a0 JavaThread "Daemon worker"                     [_thread_blocked, id=13064, stack(0x0000002ddda00000,0x0000002dddb00000) (1024K)]
  0x000001991a2ea770 JavaThread "Asynchronous log dispatcher for DefaultDaemonConnection: socket connection from /127.0.0.1:61189 to /127.0.0.1:61190"        [_thread_blocked, id=12836, stack(0x0000002dddb00000,0x0000002dddc00000) (1024K)]
  0x000001991b265b30 JavaThread "Stdin handler"                     [_thread_blocked, id=6232, stack(0x0000002dddc00000,0x0000002dddd00000) (1024K)]
  0x000001991b266ee0 JavaThread "Daemon client event forwarder"        [_thread_blocked, id=10416, stack(0x0000002dddd00000,0x0000002ddde00000) (1024K)]
  0x000001991b2661c0 JavaThread "Cache worker for journal cache (C:\Users\System Bilgisayar\.gradle\caches\journal-1)"        [_thread_blocked, id=11996, stack(0x0000002ddde00000,0x0000002dddf00000) (1024K)]
  0x000001991b266850 JavaThread "File lock request listener"        [_thread_in_native, id=11596, stack(0x0000002dddf00000,0x0000002dde000000) (1024K)]
  0x000001991b93c470 JavaThread "Cache worker for file hash cache (C:\Users\System Bilgisayar\.gradle\caches\8.9\fileHashes)"        [_thread_blocked, id=14088, stack(0x0000002dde000000,0x0000002dde100000) (1024K)]
  0x000001991b93d190 JavaThread "Cache worker for file hash cache (C:\Users\System Bilgisayar\CV\cv\android\.gradle\8.9\fileHashes)"        [_thread_blocked, id=4376, stack(0x0000002dde100000,0x0000002dde200000) (1024K)]
  0x000001991b93b0c0 JavaThread "Cache worker for Build Output Cleanup Cache (C:\Users\System Bilgisayar\CV\cv\android\.gradle\buildOutputCleanup)"        [_thread_blocked, id=12424, stack(0x0000002dde200000,0x0000002dde300000) (1024K)]
  0x000001991b93b750 JavaThread "File watcher server"        daemon [_thread_in_native, id=13492, stack(0x0000002dde300000,0x0000002dde400000) (1024K)]
  0x000001991b93deb0 JavaThread "File watcher consumer"      daemon [_thread_blocked, id=5296, stack(0x0000002dde400000,0x0000002dde500000) (1024K)]
  0x000001991b93ff80 JavaThread "Cache worker for checksums cache (C:\Users\System Bilgisayar\CV\cv\android\.gradle\8.9\checksums)"        [_thread_blocked, id=13612, stack(0x0000002dde500000,0x0000002dde600000) (1024K)]
  0x000001991b93a3a0 JavaThread "Cache worker for file content cache (C:\Users\System Bilgisayar\.gradle\caches\8.9\fileContent)"        [_thread_blocked, id=14732, stack(0x0000002dde600000,0x0000002dde700000) (1024K)]
  0x000001991b93ebd0 JavaThread "Cache worker for cache directory md-rule (C:\Users\System Bilgisayar\.gradle\caches\8.9\md-rule)"        [_thread_blocked, id=1564, stack(0x0000002dde700000,0x0000002dde800000) (1024K)]
  0x000001991b93bde0 JavaThread "Cache worker for cache directory md-supplier (C:\Users\System Bilgisayar\.gradle\caches\8.9\md-supplier)"        [_thread_blocked, id=13488, stack(0x0000002dde800000,0x0000002dde900000) (1024K)]
  0x000001991b93e540 JavaThread "jar transforms"                    [_thread_blocked, id=15108, stack(0x0000002dde900000,0x0000002ddea00000) (1024K)]
  0x000001991b93f260 JavaThread "jar transforms Thread 2"           [_thread_blocked, id=1280, stack(0x0000002ddea00000,0x0000002ddeb00000) (1024K)]
  0x000001991b940610 JavaThread "jar transforms Thread 3"           [_thread_blocked, id=14600, stack(0x0000002ddeb00000,0x0000002ddec00000) (1024K)]
  0x000001991b93cb00 JavaThread "Cache worker for Build Output Cleanup Cache (C:\Program Files\flutter\packages\flutter_tools\gradle\.gradle\buildOutputCleanup)"        [_thread_blocked, id=14696, stack(0x0000002ddec00000,0x0000002dded00000) (1024K)]
  0x000001991b939d10 JavaThread "Memory manager"                    [_thread_blocked, id=8644, stack(0x0000002dded00000,0x0000002ddee00000) (1024K)]
  0x000001991c639b70 JavaThread "Execution worker"                  [_thread_blocked, id=14076, stack(0x0000002ddef00000,0x0000002ddf000000) (1024K)]
  0x000001991c636060 JavaThread "Execution worker Thread 2"         [_thread_blocked, id=5552, stack(0x0000002ddf000000,0x0000002ddf100000) (1024K)]
  0x000001991c6366f0 JavaThread "Execution worker Thread 3"         [_thread_blocked, id=12436, stack(0x0000002ddf100000,0x0000002ddf200000) (1024K)]
  0x000001991c638130 JavaThread "Cache worker for execution history cache (C:\Program Files\flutter\packages\flutter_tools\gradle\.gradle\8.9\executionHistory)"        [_thread_blocked, id=6064, stack(0x0000002ddf200000,0x0000002ddf300000) (1024K)]
  0x000001991c63d680 JavaThread "Unconstrained build operations"        [_thread_blocked, id=8116, stack(0x0000002ddf300000,0x0000002ddf400000) (1024K)]
  0x000001991c63a200 JavaThread "Unconstrained build operations Thread 2"        [_thread_blocked, id=13500, stack(0x0000002ddf400000,0x0000002ddf500000) (1024K)]
  0x000001991c63a890 JavaThread "Unconstrained build operations Thread 3"        [_thread_blocked, id=15320, stack(0x0000002ddf500000,0x0000002ddf600000) (1024K)]
  0x000001991c6394e0 JavaThread "Unconstrained build operations Thread 4"        [_thread_blocked, id=10096, stack(0x0000002ddf600000,0x0000002ddf700000) (1024K)]
  0x000001991c636d80 JavaThread "Unconstrained build operations Thread 5"        [_thread_blocked, id=9508, stack(0x0000002ddf700000,0x0000002ddf800000) (1024K)]
  0x000001991c6387c0 JavaThread "Unconstrained build operations Thread 6"        [_thread_blocked, id=10408, stack(0x0000002ddf800000,0x0000002ddf900000) (1024K)]
  0x000001991c63bc40 JavaThread "Unconstrained build operations Thread 7"        [_thread_blocked, id=564, stack(0x0000002ddf900000,0x0000002ddfa00000) (1024K)]
  0x000001991b93aa30 JavaThread "Unconstrained build operations Thread 8"        [_thread_blocked, id=8988, stack(0x0000002ddfa00000,0x0000002ddfb00000) (1024K)]
  0x000001991e771b80 JavaThread "Unconstrained build operations Thread 9"        [_thread_blocked, id=13572, stack(0x0000002ddfb00000,0x0000002ddfc00000) (1024K)]
  0x000001991e770e60 JavaThread "Unconstrained build operations Thread 10"        [_thread_blocked, id=14180, stack(0x0000002ddfc00000,0x0000002ddfd00000) (1024K)]
  0x000001991e7728a0 JavaThread "Unconstrained build operations Thread 11"        [_thread_blocked, id=13504, stack(0x0000002ddfd00000,0x0000002ddfe00000) (1024K)]
  0x000001991e76ed90 JavaThread "Unconstrained build operations Thread 12"        [_thread_blocked, id=8464, stack(0x0000002ddfe00000,0x0000002ddff00000) (1024K)]
  0x000001991e7707d0 JavaThread "jar transforms Thread 4"           [_thread_blocked, id=12900, stack(0x0000002ddff00000,0x0000002de0000000) (1024K)]
  0x000001991e76d350 JavaThread "Unconstrained build operations Thread 13"        [_thread_blocked, id=14048, stack(0x0000002de0000000,0x0000002de0100000) (1024K)]
  0x000001991e76d9e0 JavaThread "Unconstrained build operations Thread 14"        [_thread_blocked, id=14700, stack(0x0000002de0100000,0x0000002de0200000) (1024K)]
  0x000001991e76e700 JavaThread "Unconstrained build operations Thread 15"        [_thread_blocked, id=11100, stack(0x0000002de0200000,0x0000002de0300000) (1024K)]
  0x000001991e770140 JavaThread "Unconstrained build operations Thread 16"        [_thread_blocked, id=9048, stack(0x0000002de0300000,0x0000002de0400000) (1024K)]
  0x000001991b93d820 JavaThread "Unconstrained build operations Thread 17"        [_thread_blocked, id=1880, stack(0x0000002de0400000,0x0000002de0500000) (1024K)]
  0x000001991c637aa0 JavaThread "Unconstrained build operations Thread 18"        [_thread_blocked, id=12084, stack(0x0000002de0500000,0x0000002de0600000) (1024K)]
  0x00000198d4c05880 JavaThread "Unconstrained build operations Thread 19"        [_thread_blocked, id=2708, stack(0x0000002de0600000,0x0000002de0700000) (1024K)]
  0x00000198d4c051f0 JavaThread "Unconstrained build operations Thread 20"        [_thread_blocked, id=14100, stack(0x0000002de0700000,0x0000002de0800000) (1024K)]
  0x00000198d4c044d0 JavaThread "Unconstrained build operations Thread 21"        [_thread_blocked, id=12592, stack(0x0000002de0800000,0x0000002de0900000) (1024K)]
  0x000001991d4c8ff0 JavaThread "Unconstrained build operations Thread 22"        [_thread_blocked, id=6168, stack(0x0000002ddbd00000,0x0000002ddbe00000) (1024K)]
  0x000001991d4c75b0 JavaThread "Unconstrained build operations Thread 23"        [_thread_blocked, id=10816, stack(0x0000002ddbe00000,0x0000002ddbf00000) (1024K)]
  0x000001991d4c6200 JavaThread "Unconstrained build operations Thread 24"        [_thread_blocked, id=11212, stack(0x0000002ddee00000,0x0000002ddef00000) (1024K)]
  0x000001991d4c3410 JavaThread "Unconstrained build operations Thread 25"        [_thread_blocked, id=12432, stack(0x0000002de0900000,0x0000002de0a00000) (1024K)]
  0x000001991d4c47c0 JavaThread "Unconstrained build operations Thread 26"        [_thread_blocked, id=11288, stack(0x0000002de0a00000,0x0000002de0b00000) (1024K)]
  0x000001991d4c7c40 JavaThread "Unconstrained build operations Thread 27"        [_thread_blocked, id=4152, stack(0x0000002de0b00000,0x0000002de0c00000) (1024K)]
  0x000001991d4c5b70 JavaThread "Unconstrained build operations Thread 28"        [_thread_blocked, id=13860, stack(0x0000002de0c00000,0x0000002de0d00000) (1024K)]
  0x000001991d4c82d0 JavaThread "Unconstrained build operations Thread 29"        [_thread_blocked, id=14692, stack(0x0000002de0d00000,0x0000002de0e00000) (1024K)]
  0x000001991d4c4130 JavaThread "Unconstrained build operations Thread 30"        [_thread_blocked, id=4068, stack(0x0000002de0e00000,0x0000002de0f00000) (1024K)]
  0x000001991d4c4e50 JavaThread "Unconstrained build operations Thread 31"        [_thread_blocked, id=14200, stack(0x0000002de0f00000,0x0000002de1000000) (1024K)]
  0x000001991d4c6890 JavaThread "Unconstrained build operations Thread 32"        [_thread_blocked, id=13892, stack(0x0000002de1000000,0x0000002de1100000) (1024K)]
  0x000001991d4c8960 JavaThread "Unconstrained build operations Thread 33"        [_thread_blocked, id=4956, stack(0x0000002de1100000,0x0000002de1200000) (1024K)]
  0x000001991d4c26f0 JavaThread "Unconstrained build operations Thread 34"        [_thread_blocked, id=13816, stack(0x0000002de1200000,0x0000002de1300000) (1024K)]
  0x000001991d4c3aa0 JavaThread "Unconstrained build operations Thread 35"        [_thread_blocked, id=1320, stack(0x0000002de1300000,0x0000002de1400000) (1024K)]
  0x000001991d4c54e0 JavaThread "Unconstrained build operations Thread 36"        [_thread_blocked, id=6772, stack(0x0000002de1400000,0x0000002de1500000) (1024K)]
  0x00000198d4c0a740 JavaThread "Unconstrained build operations Thread 37"        [_thread_blocked, id=4324, stack(0x0000002de1500000,0x0000002de1600000) (1024K)]
  0x00000198d4c065a0 JavaThread "Unconstrained build operations Thread 38"        [_thread_blocked, id=14908, stack(0x0000002de1600000,0x0000002de1700000) (1024K)]
  0x00000198d4c06c30 JavaThread "Unconstrained build operations Thread 39"        [_thread_blocked, id=6060, stack(0x0000002de1700000,0x0000002de1800000) (1024K)]
  0x00000198d4c072c0 JavaThread "Unconstrained build operations Thread 40"        [_thread_blocked, id=9992, stack(0x0000002de1800000,0x0000002de1900000) (1024K)]
Total: 82

Other Threads:
=>0x00000198bb62ea50 VMThread "VM Thread"                           [id=8056, stack(0x0000002ddc600000,0x0000002ddc700000) (1024K)]
  0x00000198bb61cd30 WatcherThread "VM Periodic Task Thread"        [id=14128, stack(0x0000002ddc500000,0x0000002ddc600000) (1024K)]
  0x00000198bb5c78e0 WorkerThread "GC Thread#0"                     [id=5616, stack(0x0000002ddc000000,0x0000002ddc100000) (1024K)]
  0x000001991a20ffd0 WorkerThread "GC Thread#1"                     [id=748, stack(0x0000002ddd100000,0x0000002ddd200000) (1024K)]
  0x000001991a243c20 WorkerThread "GC Thread#2"                     [id=9308, stack(0x0000002ddd200000,0x0000002ddd300000) (1024K)]
  0x000001991aa0b130 WorkerThread "GC Thread#3"                     [id=960, stack(0x0000002ddd300000,0x0000002ddd400000) (1024K)]
  0x00000198bb5d87d0 ConcurrentGCThread "G1 Main Marker"            [id=5168, stack(0x0000002ddc100000,0x0000002ddc200000) (1024K)]
  0x00000198bb5da3a0 WorkerThread "G1 Conc#0"                       [id=6792, stack(0x0000002ddc200000,0x0000002ddc300000) (1024K)]
  0x00000198bb605d50 ConcurrentGCThread "G1 Refine#0"               [id=13364, stack(0x0000002ddc300000,0x0000002ddc400000) (1024K)]
  0x00000198bb6096f0 ConcurrentGCThread "G1 Service"                [id=4936, stack(0x0000002ddc400000,0x0000002ddc500000) (1024K)]
Total: 10

Threads with active compile tasks:
Total: 0

VM state: at safepoint (normal execution)

VM Mutex/Monitor currently owned by a thread:  ([mutex/lock_event])
[0x00007ffc6ecbe308] Threads_lock - owner thread: 0x00000198bb62ea50
[0x00007ffc6ecbe408] Heap_lock - owner thread: 0x00000198d4c05880

Heap address: 0x0000000700000000, size: 4096 MB, Compressed Oops mode: Zero based, Oop shift amount: 3

CDS archive(s) mapped at: [0x00000198d5000000-0x00000198d5ba0000-0x00000198d5ba0000), size 12189696, SharedBaseAddress: 0x00000198d5000000, ArchiveRelocationMode: 1.
Compressed class space mapped at: 0x00000198d6000000-0x0000019916000000, reserved size: 1073741824
Narrow klass base: 0x00000198d5000000, Narrow klass shift: 0, Narrow klass range: 0x100000000

GC Precious Log:
 CardTable entry size: 512
 Card Set container configuration: InlinePtr #cards 4 size 8 Array Of Cards #cards 16 size 48 Howl #buckets 8 coarsen threshold 3686 Howl Bitmap #cards 512 size 80 coarsen threshold 460 Card regions per heap region 1 cards per card region 4096
 CPUs: 4 total, 4 available
 Memory: 3345M
 Large Page Support: Disabled
 NUMA Support: Disabled
 Compressed Oops: Enabled (Zero based)
 Heap Region Size: 2M
 Heap Min Capacity: 8M
 Heap Initial Capacity: 54M
 Heap Max Capacity: 4G
 Pre-touch: Disabled
 Parallel Workers: 4
 Concurrent Workers: 1
 Concurrent Refinement Workers: 4
 Periodic GC: Disabled

Heap:
 garbage-first heap   total 526336K, used 193791K [0x0000000700000000, 0x0000000800000000)
  region size 2048K, 2 young (4096K), 2 survivors (4096K)
 Metaspace       used 95946K, committed 98496K, reserved 1179648K
  class space    used 13467K, committed 14720K, reserved 1048576K

Heap Regions: E=young(eden), S=young(survivor), O=old, HS=humongous(starts), HC=humongous(continues), CS=collection set, F=free, TAMS=top-at-mark-start, PB=parsable bottom
|   0|0x0000000700000000, 0x0000000700200000, 0x0000000700200000|100%|HS|  |TAMS 0x0000000700200000| PB 0x0000000700000000| Complete 
|   1|0x0000000700200000, 0x0000000700400000, 0x0000000700400000|100%|HC|  |TAMS 0x0000000700400000| PB 0x0000000700200000| Complete 
|   2|0x0000000700400000, 0x0000000700600000, 0x0000000700600000|100%| O|  |TAMS 0x0000000700600000| PB 0x0000000700400000| Untracked 
|   3|0x0000000700600000, 0x0000000700800000, 0x0000000700800000|100%| O|  |TAMS 0x0000000700800000| PB 0x0000000700600000| Untracked 
|   4|0x0000000700800000, 0x0000000700a00000, 0x0000000700a00000|100%| O|  |TAMS 0x0000000700a00000| PB 0x0000000700800000| Untracked 
|   5|0x0000000700a00000, 0x0000000700c00000, 0x0000000700c00000|100%| O|  |TAMS 0x0000000700c00000| PB 0x0000000700a00000| Untracked 
|   6|0x0000000700c00000, 0x0000000700e00000, 0x0000000700e00000|100%| O|  |TAMS 0x0000000700e00000| PB 0x0000000700c00000| Untracked 
|   7|0x0000000700e00000, 0x0000000701000000, 0x0000000701000000|100%| O|  |TAMS 0x0000000701000000| PB 0x0000000700e00000| Untracked 
|   8|0x0000000701000000, 0x0000000701200000, 0x0000000701200000|100%| O|  |TAMS 0x0000000701200000| PB 0x0000000701000000| Untracked 
|   9|0x0000000701200000, 0x0000000701400000, 0x0000000701400000|100%| O|  |TAMS 0x0000000701400000| PB 0x0000000701200000| Untracked 
|  10|0x0000000701400000, 0x0000000701600000, 0x0000000701600000|100%| O|  |TAMS 0x0000000701600000| PB 0x0000000701400000| Untracked 
|  11|0x0000000701600000, 0x0000000701800000, 0x0000000701800000|100%| O|  |TAMS 0x0000000701800000| PB 0x0000000701600000| Untracked 
|  12|0x0000000701800000, 0x0000000701a00000, 0x0000000701a00000|100%| O|  |TAMS 0x0000000701a00000| PB 0x0000000701800000| Untracked 
|  13|0x0000000701a00000, 0x0000000701c00000, 0x0000000701c00000|100%| O|  |TAMS 0x0000000701c00000| PB 0x0000000701a00000| Untracked 
|  14|0x0000000701c00000, 0x0000000701e00000, 0x0000000701e00000|100%| O|  |TAMS 0x0000000701e00000| PB 0x0000000701c00000| Untracked 
|  15|0x0000000701e00000, 0x0000000702000000, 0x0000000702000000|100%| O|  |TAMS 0x0000000702000000| PB 0x0000000701e00000| Untracked 
|  16|0x0000000702000000, 0x0000000702200000, 0x0000000702200000|100%| O|  |TAMS 0x0000000702200000| PB 0x0000000702000000| Untracked 
|  17|0x0000000702200000, 0x0000000702400000, 0x0000000702400000|100%| O|  |TAMS 0x0000000702400000| PB 0x0000000702200000| Untracked 
|  18|0x0000000702400000, 0x0000000702600000, 0x0000000702600000|100%| O|  |TAMS 0x0000000702600000| PB 0x0000000702400000| Untracked 
|  19|0x0000000702600000, 0x0000000702800000, 0x0000000702800000|100%| O|  |TAMS 0x0000000702800000| PB 0x0000000702600000| Untracked 
|  20|0x0000000702800000, 0x0000000702a00000, 0x0000000702a00000|100%| O|  |TAMS 0x0000000702a00000| PB 0x0000000702800000| Untracked 
|  21|0x0000000702a00000, 0x0000000702c00000, 0x0000000702c00000|100%| O|  |TAMS 0x0000000702c00000| PB 0x0000000702a00000| Untracked 
|  22|0x0000000702c00000, 0x0000000702e00000, 0x0000000702e00000|100%| O|  |TAMS 0x0000000702e00000| PB 0x0000000702c00000| Untracked 
|  23|0x0000000702e00000, 0x0000000703000000, 0x0000000703000000|100%| O|  |TAMS 0x0000000703000000| PB 0x0000000702e00000| Untracked 
|  24|0x0000000703000000, 0x0000000703200000, 0x0000000703200000|100%| O|  |TAMS 0x0000000703200000| PB 0x0000000703000000| Untracked 
|  25|0x0000000703200000, 0x0000000703400000, 0x0000000703400000|100%| O|  |TAMS 0x0000000703400000| PB 0x0000000703200000| Untracked 
|  26|0x0000000703400000, 0x0000000703600000, 0x0000000703600000|100%| O|  |TAMS 0x0000000703600000| PB 0x0000000703400000| Untracked 
|  27|0x0000000703600000, 0x0000000703800000, 0x0000000703800000|100%|HS|  |TAMS 0x0000000703800000| PB 0x0000000703600000| Complete 
|  28|0x0000000703800000, 0x0000000703a00000, 0x0000000703a00000|100%| O|  |TAMS 0x0000000703a00000| PB 0x0000000703800000| Untracked 
|  29|0x0000000703a00000, 0x0000000703c00000, 0x0000000703c00000|100%| O|  |TAMS 0x0000000703c00000| PB 0x0000000703a00000| Untracked 
|  30|0x0000000703c00000, 0x0000000703e00000, 0x0000000703e00000|100%|HS|  |TAMS 0x0000000703e00000| PB 0x0000000703c00000| Complete 
|  31|0x0000000703e00000, 0x0000000704000000, 0x0000000704000000|100%|HC|  |TAMS 0x0000000704000000| PB 0x0000000703e00000| Complete 
|  32|0x0000000704000000, 0x0000000704200000, 0x0000000704200000|100%|HS|  |TAMS 0x0000000704200000| PB 0x0000000704000000| Complete 
|  33|0x0000000704200000, 0x0000000704400000, 0x0000000704400000|100%| O|  |TAMS 0x0000000704400000| PB 0x0000000704200000| Untracked 
|  34|0x0000000704400000, 0x0000000704600000, 0x0000000704600000|100%| O|  |TAMS 0x0000000704600000| PB 0x0000000704400000| Untracked 
|  35|0x0000000704600000, 0x0000000704800000, 0x0000000704800000|100%| O|  |TAMS 0x0000000704800000| PB 0x0000000704600000| Untracked 
|  36|0x0000000704800000, 0x0000000704a00000, 0x0000000704a00000|100%| O|  |TAMS 0x0000000704a00000| PB 0x0000000704800000| Untracked 
|  37|0x0000000704a00000, 0x0000000704c00000, 0x0000000704c00000|100%| O|  |TAMS 0x0000000704c00000| PB 0x0000000704a00000| Untracked 
|  38|0x0000000704c00000, 0x0000000704e00000, 0x0000000704e00000|100%| O|  |TAMS 0x0000000704e00000| PB 0x0000000704c00000| Untracked 
|  39|0x0000000704e00000, 0x0000000705000000, 0x0000000705000000|100%| O|  |TAMS 0x0000000705000000| PB 0x0000000704e00000| Untracked 
|  40|0x0000000705000000, 0x0000000705200000, 0x0000000705200000|100%| O|  |TAMS 0x0000000705200000| PB 0x0000000705000000| Untracked 
|  41|0x0000000705200000, 0x0000000705400000, 0x0000000705400000|100%| O|  |TAMS 0x0000000705400000| PB 0x0000000705200000| Untracked 
|  42|0x0000000705400000, 0x0000000705600000, 0x0000000705600000|100%| O|  |TAMS 0x0000000705600000| PB 0x0000000705400000| Untracked 
|  43|0x0000000705600000, 0x0000000705800000, 0x0000000705800000|100%| O|  |TAMS 0x0000000705800000| PB 0x0000000705600000| Untracked 
|  44|0x0000000705800000, 0x0000000705a00000, 0x0000000705a00000|100%| O|  |TAMS 0x0000000705a00000| PB 0x0000000705800000| Untracked 
|  45|0x0000000705a00000, 0x0000000705c00000, 0x0000000705c00000|100%|HS|  |TAMS 0x0000000705c00000| PB 0x0000000705a00000| Complete 
|  46|0x0000000705c00000, 0x0000000705e00000, 0x0000000705e00000|100%|HC|  |TAMS 0x0000000705e00000| PB 0x0000000705c00000| Complete 
|  47|0x0000000705e00000, 0x0000000706000000, 0x0000000706000000|100%| O|  |TAMS 0x0000000706000000| PB 0x0000000705e00000| Untracked 
|  48|0x0000000706000000, 0x0000000706200000, 0x0000000706200000|100%| O|  |TAMS 0x0000000706200000| PB 0x0000000706000000| Untracked 
|  49|0x0000000706200000, 0x0000000706400000, 0x0000000706400000|100%| O|  |TAMS 0x0000000706400000| PB 0x0000000706200000| Untracked 
|  50|0x0000000706400000, 0x0000000706600000, 0x0000000706600000|100%| O|  |TAMS 0x0000000706600000| PB 0x0000000706400000| Untracked 
|  51|0x0000000706600000, 0x0000000706800000, 0x0000000706800000|100%| O|  |TAMS 0x0000000706800000| PB 0x0000000706600000| Untracked 
|  52|0x0000000706800000, 0x0000000706a00000, 0x0000000706a00000|100%|HS|  |TAMS 0x0000000706a00000| PB 0x0000000706800000| Complete 
|  53|0x0000000706a00000, 0x0000000706c00000, 0x0000000706c00000|100%|HC|  |TAMS 0x0000000706c00000| PB 0x0000000706a00000| Complete 
|  54|0x0000000706c00000, 0x0000000706e00000, 0x0000000706e00000|100%|HS|  |TAMS 0x0000000706e00000| PB 0x0000000706c00000| Complete 
|  55|0x0000000706e00000, 0x0000000707000000, 0x0000000707000000|100%| O|  |TAMS 0x0000000707000000| PB 0x0000000706e00000| Untracked 
|  56|0x0000000707000000, 0x0000000707200000, 0x0000000707200000|100%| O|  |TAMS 0x0000000707200000| PB 0x0000000707000000| Untracked 
|  57|0x0000000707200000, 0x0000000707400000, 0x0000000707400000|100%| O|  |TAMS 0x0000000707400000| PB 0x0000000707200000| Untracked 
|  58|0x0000000707400000, 0x0000000707600000, 0x0000000707600000|100%| O|  |TAMS 0x0000000707600000| PB 0x0000000707400000| Untracked 
|  59|0x0000000707600000, 0x0000000707800000, 0x0000000707800000|100%| O|  |TAMS 0x0000000707800000| PB 0x0000000707600000| Untracked 
|  60|0x0000000707800000, 0x0000000707a00000, 0x0000000707a00000|100%| O|  |TAMS 0x0000000707a00000| PB 0x0000000707800000| Untracked 
|  61|0x0000000707a00000, 0x0000000707c00000, 0x0000000707c00000|100%| O|  |TAMS 0x0000000707c00000| PB 0x0000000707a00000| Untracked 
|  62|0x0000000707c00000, 0x0000000707e00000, 0x0000000707e00000|100%| O|  |TAMS 0x0000000707e00000| PB 0x0000000707c00000| Untracked 
|  63|0x0000000707e00000, 0x0000000708000000, 0x0000000708000000|100%| O|  |TAMS 0x0000000708000000| PB 0x0000000707e00000| Untracked 
|  64|0x0000000708000000, 0x0000000708200000, 0x0000000708200000|100%| O|  |TAMS 0x0000000708200000| PB 0x0000000708000000| Untracked 
|  65|0x0000000708200000, 0x0000000708400000, 0x0000000708400000|100%| O|  |TAMS 0x0000000708400000| PB 0x0000000708200000| Untracked 
|  66|0x0000000708400000, 0x0000000708600000, 0x0000000708600000|100%| O|  |TAMS 0x0000000708600000| PB 0x0000000708400000| Untracked 
|  67|0x0000000708600000, 0x0000000708800000, 0x0000000708800000|100%| O|  |TAMS 0x0000000708800000| PB 0x0000000708600000| Untracked 
|  68|0x0000000708800000, 0x0000000708a00000, 0x0000000708a00000|100%| O|  |TAMS 0x0000000708a00000| PB 0x0000000708800000| Untracked 
|  69|0x0000000708a00000, 0x0000000708c00000, 0x0000000708c00000|100%| O|  |TAMS 0x0000000708c00000| PB 0x0000000708a00000| Untracked 
|  70|0x0000000708c00000, 0x0000000708e00000, 0x0000000708e00000|100%| O|  |TAMS 0x0000000708e00000| PB 0x0000000708c00000| Untracked 
|  71|0x0000000708e00000, 0x0000000709000000, 0x0000000709000000|100%| O|  |TAMS 0x0000000709000000| PB 0x0000000708e00000| Untracked 
|  72|0x0000000709000000, 0x0000000709200000, 0x0000000709200000|100%| O|  |TAMS 0x0000000709200000| PB 0x0000000709000000| Untracked 
|  73|0x0000000709200000, 0x0000000709400000, 0x0000000709400000|100%| O|  |TAMS 0x0000000709400000| PB 0x0000000709200000| Untracked 
|  74|0x0000000709400000, 0x0000000709600000, 0x0000000709600000|100%|HS|  |TAMS 0x0000000709600000| PB 0x0000000709400000| Complete 
|  75|0x0000000709600000, 0x0000000709800000, 0x0000000709800000|100%|HC|  |TAMS 0x0000000709800000| PB 0x0000000709600000| Complete 
|  76|0x0000000709800000, 0x0000000709a00000, 0x0000000709a00000|100%| O|  |TAMS 0x0000000709a00000| PB 0x0000000709800000| Untracked 
|  77|0x0000000709a00000, 0x0000000709c00000, 0x0000000709c00000|100%| O|  |TAMS 0x0000000709c00000| PB 0x0000000709a00000| Untracked 
|  78|0x0000000709c00000, 0x0000000709e00000, 0x0000000709e00000|100%| O|  |TAMS 0x0000000709e00000| PB 0x0000000709c00000| Untracked 
|  79|0x0000000709e00000, 0x000000070a000000, 0x000000070a000000|100%| O|  |TAMS 0x000000070a000000| PB 0x0000000709e00000| Untracked 
|  80|0x000000070a000000, 0x000000070a200000, 0x000000070a200000|100%| O|  |TAMS 0x000000070a200000| PB 0x000000070a000000| Untracked 
|  81|0x000000070a200000, 0x000000070a400000, 0x000000070a400000|100%| O|  |TAMS 0x000000070a400000| PB 0x000000070a200000| Untracked 
|  82|0x000000070a400000, 0x000000070a600000, 0x000000070a600000|100%| O|  |TAMS 0x000000070a600000| PB 0x000000070a400000| Untracked 
|  83|0x000000070a600000, 0x000000070a800000, 0x000000070a800000|100%| O|  |TAMS 0x000000070a800000| PB 0x000000070a600000| Untracked 
|  84|0x000000070a800000, 0x000000070aa00000, 0x000000070aa00000|100%| O|  |TAMS 0x000000070aa00000| PB 0x000000070a800000| Untracked 
|  85|0x000000070aa00000, 0x000000070ac00000, 0x000000070ac00000|100%| O|  |TAMS 0x000000070ac00000| PB 0x000000070aa00000| Untracked 
|  86|0x000000070ac00000, 0x000000070ae00000, 0x000000070ae00000|100%| O|  |TAMS 0x000000070ae00000| PB 0x000000070ac00000| Untracked 
|  87|0x000000070ae00000, 0x000000070b000000, 0x000000070b000000|100%| O|  |TAMS 0x000000070b000000| PB 0x000000070ae00000| Untracked 
|  88|0x000000070b000000, 0x000000070b200000, 0x000000070b200000|100%| O|  |TAMS 0x000000070b200000| PB 0x000000070b000000| Untracked 
|  89|0x000000070b200000, 0x000000070b400000, 0x000000070b400000|100%| O|  |TAMS 0x000000070b400000| PB 0x000000070b200000| Untracked 
|  90|0x000000070b400000, 0x000000070b600000, 0x000000070b600000|100%| O|  |TAMS 0x000000070b600000| PB 0x000000070b400000| Untracked 
|  91|0x000000070b600000, 0x000000070b73ff00, 0x000000070b800000| 62%| O|  |TAMS 0x000000070b73ff00| PB 0x000000070b600000| Untracked 
|  92|0x000000070b800000, 0x000000070b800000, 0x000000070ba00000|  0%| F|  |TAMS 0x000000070b800000| PB 0x000000070b800000| Untracked 
|  93|0x000000070ba00000, 0x000000070ba00000, 0x000000070bc00000|  0%| F|  |TAMS 0x000000070ba00000| PB 0x000000070ba00000| Untracked 
|  94|0x000000070bc00000, 0x000000070bc00000, 0x000000070be00000|  0%| F|  |TAMS 0x000000070bc00000| PB 0x000000070bc00000| Untracked 
|  95|0x000000070be00000, 0x000000070be00000, 0x000000070c000000|  0%| F|  |TAMS 0x000000070be00000| PB 0x000000070be00000| Untracked 
|  96|0x000000070c000000, 0x000000070c000000, 0x000000070c200000|  0%| F|  |TAMS 0x000000070c000000| PB 0x000000070c000000| Untracked 
|  97|0x000000070c200000, 0x000000070c200000, 0x000000070c400000|  0%| F|  |TAMS 0x000000070c200000| PB 0x000000070c200000| Untracked 
|  98|0x000000070c400000, 0x000000070c400000, 0x000000070c600000|  0%| F|  |TAMS 0x000000070c400000| PB 0x000000070c400000| Untracked 
|  99|0x000000070c600000, 0x000000070c600000, 0x000000070c800000|  0%| F|  |TAMS 0x000000070c600000| PB 0x000000070c600000| Untracked 
| 100|0x000000070c800000, 0x000000070c800000, 0x000000070ca00000|  0%| F|  |TAMS 0x000000070c800000| PB 0x000000070c800000| Untracked 
| 101|0x000000070ca00000, 0x000000070ca00000, 0x000000070cc00000|  0%| F|  |TAMS 0x000000070ca00000| PB 0x000000070ca00000| Untracked 
| 102|0x000000070cc00000, 0x000000070cc00000, 0x000000070ce00000|  0%| F|  |TAMS 0x000000070cc00000| PB 0x000000070cc00000| Untracked 
| 103|0x000000070ce00000, 0x000000070ce00000, 0x000000070d000000|  0%| F|  |TAMS 0x000000070ce00000| PB 0x000000070ce00000| Untracked 
| 104|0x000000070d000000, 0x000000070d000000, 0x000000070d200000|  0%| F|  |TAMS 0x000000070d000000| PB 0x000000070d000000| Untracked 
| 105|0x000000070d200000, 0x000000070d200000, 0x000000070d400000|  0%| F|  |TAMS 0x000000070d200000| PB 0x000000070d200000| Untracked 
| 106|0x000000070d400000, 0x000000070d400000, 0x000000070d600000|  0%| F|  |TAMS 0x000000070d400000| PB 0x000000070d400000| Untracked 
| 107|0x000000070d600000, 0x000000070d600000, 0x000000070d800000|  0%| F|  |TAMS 0x000000070d600000| PB 0x000000070d600000| Untracked 
| 108|0x000000070d800000, 0x000000070d800000, 0x000000070da00000|  0%| F|  |TAMS 0x000000070d800000| PB 0x000000070d800000| Untracked 
| 109|0x000000070da00000, 0x000000070da00000, 0x000000070dc00000|  0%| F|  |TAMS 0x000000070da00000| PB 0x000000070da00000| Untracked 
| 110|0x000000070dc00000, 0x000000070dc00000, 0x000000070de00000|  0%| F|  |TAMS 0x000000070dc00000| PB 0x000000070dc00000| Untracked 
| 111|0x000000070de00000, 0x000000070de00000, 0x000000070e000000|  0%| F|  |TAMS 0x000000070de00000| PB 0x000000070de00000| Untracked 
| 112|0x000000070e000000, 0x000000070e000000, 0x000000070e200000|  0%| F|  |TAMS 0x000000070e000000| PB 0x000000070e000000| Untracked 
| 113|0x000000070e200000, 0x000000070e200000, 0x000000070e400000|  0%| F|  |TAMS 0x000000070e200000| PB 0x000000070e200000| Untracked 
| 114|0x000000070e400000, 0x000000070e400000, 0x000000070e600000|  0%| F|  |TAMS 0x000000070e400000| PB 0x000000070e400000| Untracked 
| 115|0x000000070e600000, 0x000000070e600000, 0x000000070e800000|  0%| F|  |TAMS 0x000000070e600000| PB 0x000000070e600000| Untracked 
| 116|0x000000070e800000, 0x000000070e800000, 0x000000070ea00000|  0%| F|  |TAMS 0x000000070e800000| PB 0x000000070e800000| Untracked 
| 117|0x000000070ea00000, 0x000000070ea00000, 0x000000070ec00000|  0%| F|  |TAMS 0x000000070ea00000| PB 0x000000070ea00000| Untracked 
| 118|0x000000070ec00000, 0x000000070ec00000, 0x000000070ee00000|  0%| F|  |TAMS 0x000000070ec00000| PB 0x000000070ec00000| Untracked 
| 119|0x000000070ee00000, 0x000000070ee00000, 0x000000070f000000|  0%| F|  |TAMS 0x000000070ee00000| PB 0x000000070ee00000| Untracked 
| 120|0x000000070f000000, 0x000000070f000000, 0x000000070f200000|  0%| F|  |TAMS 0x000000070f000000| PB 0x000000070f000000| Untracked 
| 121|0x000000070f200000, 0x000000070f200000, 0x000000070f400000|  0%| F|  |TAMS 0x000000070f200000| PB 0x000000070f200000| Untracked 
| 122|0x000000070f400000, 0x000000070f400000, 0x000000070f600000|  0%| F|  |TAMS 0x000000070f400000| PB 0x000000070f400000| Untracked 
| 123|0x000000070f600000, 0x000000070f600000, 0x000000070f800000|  0%| F|  |TAMS 0x000000070f600000| PB 0x000000070f600000| Untracked 
| 124|0x000000070f800000, 0x000000070f800000, 0x000000070fa00000|  0%| F|  |TAMS 0x000000070f800000| PB 0x000000070f800000| Untracked 
| 125|0x000000070fa00000, 0x000000070fa00000, 0x000000070fc00000|  0%| F|  |TAMS 0x000000070fa00000| PB 0x000000070fa00000| Untracked 
| 126|0x000000070fc00000, 0x000000070fc00000, 0x000000070fe00000|  0%| F|  |TAMS 0x000000070fc00000| PB 0x000000070fc00000| Untracked 
| 127|0x000000070fe00000, 0x000000070fe00000, 0x0000000710000000|  0%| F|  |TAMS 0x000000070fe00000| PB 0x000000070fe00000| Untracked 
| 128|0x0000000710000000, 0x0000000710000000, 0x0000000710200000|  0%| F|  |TAMS 0x0000000710000000| PB 0x0000000710000000| Untracked 
| 129|0x0000000710200000, 0x0000000710200000, 0x0000000710400000|  0%| F|  |TAMS 0x0000000710200000| PB 0x0000000710200000| Untracked 
| 130|0x0000000710400000, 0x0000000710400000, 0x0000000710600000|  0%| F|  |TAMS 0x0000000710400000| PB 0x0000000710400000| Untracked 
| 131|0x0000000710600000, 0x0000000710600000, 0x0000000710800000|  0%| F|  |TAMS 0x0000000710600000| PB 0x0000000710600000| Untracked 
| 132|0x0000000710800000, 0x0000000710800000, 0x0000000710a00000|  0%| F|  |TAMS 0x0000000710800000| PB 0x0000000710800000| Untracked 
| 133|0x0000000710a00000, 0x0000000710a00000, 0x0000000710c00000|  0%| F|  |TAMS 0x0000000710a00000| PB 0x0000000710a00000| Untracked 
| 134|0x0000000710c00000, 0x0000000710c00000, 0x0000000710e00000|  0%| F|  |TAMS 0x0000000710c00000| PB 0x0000000710c00000| Untracked 
| 135|0x0000000710e00000, 0x0000000710e00000, 0x0000000711000000|  0%| F|  |TAMS 0x0000000710e00000| PB 0x0000000710e00000| Untracked 
| 136|0x0000000711000000, 0x0000000711000000, 0x0000000711200000|  0%| F|  |TAMS 0x0000000711000000| PB 0x0000000711000000| Untracked 
| 137|0x0000000711200000, 0x0000000711200000, 0x0000000711400000|  0%| F|  |TAMS 0x0000000711200000| PB 0x0000000711200000| Untracked 
| 138|0x0000000711400000, 0x0000000711400000, 0x0000000711600000|  0%| F|  |TAMS 0x0000000711400000| PB 0x0000000711400000| Untracked 
| 139|0x0000000711600000, 0x0000000711600000, 0x0000000711800000|  0%| F|  |TAMS 0x0000000711600000| PB 0x0000000711600000| Untracked 
| 140|0x0000000711800000, 0x0000000711800000, 0x0000000711a00000|  0%| F|  |TAMS 0x0000000711800000| PB 0x0000000711800000| Untracked 
| 141|0x0000000711a00000, 0x0000000711a00000, 0x0000000711c00000|  0%| F|  |TAMS 0x0000000711a00000| PB 0x0000000711a00000| Untracked 
| 142|0x0000000711c00000, 0x0000000711c00000, 0x0000000711e00000|  0%| F|  |TAMS 0x0000000711c00000| PB 0x0000000711c00000| Untracked 
| 143|0x0000000711e00000, 0x0000000711e00000, 0x0000000712000000|  0%| F|  |TAMS 0x0000000711e00000| PB 0x0000000711e00000| Untracked 
| 144|0x0000000712000000, 0x0000000712000000, 0x0000000712200000|  0%| F|  |TAMS 0x0000000712000000| PB 0x0000000712000000| Untracked 
| 145|0x0000000712200000, 0x0000000712200000, 0x0000000712400000|  0%| F|  |TAMS 0x0000000712200000| PB 0x0000000712200000| Untracked 
| 146|0x0000000712400000, 0x0000000712400000, 0x0000000712600000|  0%| F|  |TAMS 0x0000000712400000| PB 0x0000000712400000| Untracked 
| 147|0x0000000712600000, 0x0000000712600000, 0x0000000712800000|  0%| F|  |TAMS 0x0000000712600000| PB 0x0000000712600000| Untracked 
| 148|0x0000000712800000, 0x0000000712800000, 0x0000000712a00000|  0%| F|  |TAMS 0x0000000712800000| PB 0x0000000712800000| Untracked 
| 149|0x0000000712a00000, 0x0000000712a00000, 0x0000000712c00000|  0%| F|  |TAMS 0x0000000712a00000| PB 0x0000000712a00000| Untracked 
| 150|0x0000000712c00000, 0x0000000712c00000, 0x0000000712e00000|  0%| F|  |TAMS 0x0000000712c00000| PB 0x0000000712c00000| Untracked 
| 151|0x0000000712e00000, 0x0000000712e00000, 0x0000000713000000|  0%| F|  |TAMS 0x0000000712e00000| PB 0x0000000712e00000| Untracked 
| 152|0x0000000713000000, 0x0000000713000000, 0x0000000713200000|  0%| F|  |TAMS 0x0000000713000000| PB 0x0000000713000000| Untracked 
| 153|0x0000000713200000, 0x0000000713200000, 0x0000000713400000|  0%| F|  |TAMS 0x0000000713200000| PB 0x0000000713200000| Untracked 
| 154|0x0000000713400000, 0x0000000713400000, 0x0000000713600000|  0%| F|  |TAMS 0x0000000713400000| PB 0x0000000713400000| Untracked 
| 155|0x0000000713600000, 0x0000000713600000, 0x0000000713800000|  0%| F|  |TAMS 0x0000000713600000| PB 0x0000000713600000| Untracked 
| 156|0x0000000713800000, 0x0000000713800000, 0x0000000713a00000|  0%| F|  |TAMS 0x0000000713800000| PB 0x0000000713800000| Untracked 
| 157|0x0000000713a00000, 0x0000000713a00000, 0x0000000713c00000|  0%| F|  |TAMS 0x0000000713a00000| PB 0x0000000713a00000| Untracked 
| 158|0x0000000713c00000, 0x0000000713c00000, 0x0000000713e00000|  0%| F|  |TAMS 0x0000000713c00000| PB 0x0000000713c00000| Untracked 
| 159|0x0000000713e00000, 0x0000000713e00000, 0x0000000714000000|  0%| F|  |TAMS 0x0000000713e00000| PB 0x0000000713e00000| Untracked 
| 160|0x0000000714000000, 0x0000000714000000, 0x0000000714200000|  0%| F|  |TAMS 0x0000000714000000| PB 0x0000000714000000| Untracked 
| 161|0x0000000714200000, 0x0000000714200000, 0x0000000714400000|  0%| F|  |TAMS 0x0000000714200000| PB 0x0000000714200000| Untracked 
| 162|0x0000000714400000, 0x0000000714400000, 0x0000000714600000|  0%| F|  |TAMS 0x0000000714400000| PB 0x0000000714400000| Untracked 
| 163|0x0000000714600000, 0x0000000714600000, 0x0000000714800000|  0%| F|  |TAMS 0x0000000714600000| PB 0x0000000714600000| Untracked 
| 164|0x0000000714800000, 0x0000000714800000, 0x0000000714a00000|  0%| F|  |TAMS 0x0000000714800000| PB 0x0000000714800000| Untracked 
| 165|0x0000000714a00000, 0x0000000714a00000, 0x0000000714c00000|  0%| F|  |TAMS 0x0000000714a00000| PB 0x0000000714a00000| Untracked 
| 166|0x0000000714c00000, 0x0000000714c00000, 0x0000000714e00000|  0%| F|  |TAMS 0x0000000714c00000| PB 0x0000000714c00000| Untracked 
| 167|0x0000000714e00000, 0x0000000714e00000, 0x0000000715000000|  0%| F|  |TAMS 0x0000000714e00000| PB 0x0000000714e00000| Untracked 
| 168|0x0000000715000000, 0x0000000715000000, 0x0000000715200000|  0%| F|  |TAMS 0x0000000715000000| PB 0x0000000715000000| Untracked 
| 169|0x0000000715200000, 0x0000000715200000, 0x0000000715400000|  0%| F|  |TAMS 0x0000000715200000| PB 0x0000000715200000| Untracked 
| 170|0x0000000715400000, 0x0000000715400000, 0x0000000715600000|  0%| F|  |TAMS 0x0000000715400000| PB 0x0000000715400000| Untracked 
| 171|0x0000000715600000, 0x0000000715600000, 0x0000000715800000|  0%| F|  |TAMS 0x0000000715600000| PB 0x0000000715600000| Untracked 
| 172|0x0000000715800000, 0x0000000715800000, 0x0000000715a00000|  0%| F|  |TAMS 0x0000000715800000| PB 0x0000000715800000| Untracked 
| 173|0x0000000715a00000, 0x0000000715a00000, 0x0000000715c00000|  0%| F|  |TAMS 0x0000000715a00000| PB 0x0000000715a00000| Untracked 
| 174|0x0000000715c00000, 0x0000000715c00000, 0x0000000715e00000|  0%| F|  |TAMS 0x0000000715c00000| PB 0x0000000715c00000| Untracked 
| 175|0x0000000715e00000, 0x0000000715e00000, 0x0000000716000000|  0%| F|  |TAMS 0x0000000715e00000| PB 0x0000000715e00000| Untracked 
| 176|0x0000000716000000, 0x0000000716000000, 0x0000000716200000|  0%| F|  |TAMS 0x0000000716000000| PB 0x0000000716000000| Untracked 
| 177|0x0000000716200000, 0x0000000716200000, 0x0000000716400000|  0%| F|  |TAMS 0x0000000716200000| PB 0x0000000716200000| Untracked 
| 178|0x0000000716400000, 0x0000000716400000, 0x0000000716600000|  0%| F|  |TAMS 0x0000000716400000| PB 0x0000000716400000| Untracked 
| 179|0x0000000716600000, 0x0000000716600000, 0x0000000716800000|  0%| F|  |TAMS 0x0000000716600000| PB 0x0000000716600000| Untracked 
| 180|0x0000000716800000, 0x0000000716800000, 0x0000000716a00000|  0%| F|  |TAMS 0x0000000716800000| PB 0x0000000716800000| Untracked 
| 181|0x0000000716a00000, 0x0000000716a00000, 0x0000000716c00000|  0%| F|  |TAMS 0x0000000716a00000| PB 0x0000000716a00000| Untracked 
| 182|0x0000000716c00000, 0x0000000716c00000, 0x0000000716e00000|  0%| F|  |TAMS 0x0000000716c00000| PB 0x0000000716c00000| Untracked 
| 183|0x0000000716e00000, 0x0000000716e00000, 0x0000000717000000|  0%| F|  |TAMS 0x0000000716e00000| PB 0x0000000716e00000| Untracked 
| 184|0x0000000717000000, 0x0000000717000000, 0x0000000717200000|  0%| F|  |TAMS 0x0000000717000000| PB 0x0000000717000000| Untracked 
| 185|0x0000000717200000, 0x0000000717200000, 0x0000000717400000|  0%| F|  |TAMS 0x0000000717200000| PB 0x0000000717200000| Untracked 
| 186|0x0000000717400000, 0x0000000717400000, 0x0000000717600000|  0%| F|  |TAMS 0x0000000717400000| PB 0x0000000717400000| Untracked 
| 187|0x0000000717600000, 0x0000000717600000, 0x0000000717800000|  0%| F|  |TAMS 0x0000000717600000| PB 0x0000000717600000| Untracked 
| 188|0x0000000717800000, 0x0000000717800000, 0x0000000717a00000|  0%| F|  |TAMS 0x0000000717800000| PB 0x0000000717800000| Untracked 
| 189|0x0000000717a00000, 0x0000000717a00000, 0x0000000717c00000|  0%| F|  |TAMS 0x0000000717a00000| PB 0x0000000717a00000| Untracked 
| 190|0x0000000717c00000, 0x0000000717c00000, 0x0000000717e00000|  0%| F|  |TAMS 0x0000000717c00000| PB 0x0000000717c00000| Untracked 
| 191|0x0000000717e00000, 0x0000000717e00000, 0x0000000718000000|  0%| F|  |TAMS 0x0000000717e00000| PB 0x0000000717e00000| Untracked 
| 192|0x0000000718000000, 0x0000000718000000, 0x0000000718200000|  0%| F|  |TAMS 0x0000000718000000| PB 0x0000000718000000| Untracked 
| 193|0x0000000718200000, 0x0000000718200000, 0x0000000718400000|  0%| F|  |TAMS 0x0000000718200000| PB 0x0000000718200000| Untracked 
| 194|0x0000000718400000, 0x0000000718400000, 0x0000000718600000|  0%| F|  |TAMS 0x0000000718400000| PB 0x0000000718400000| Untracked 
| 195|0x0000000718600000, 0x0000000718600000, 0x0000000718800000|  0%| F|  |TAMS 0x0000000718600000| PB 0x0000000718600000| Untracked 
| 196|0x0000000718800000, 0x0000000718800000, 0x0000000718a00000|  0%| F|  |TAMS 0x0000000718800000| PB 0x0000000718800000| Untracked 
| 197|0x0000000718a00000, 0x0000000718a00000, 0x0000000718c00000|  0%| F|  |TAMS 0x0000000718a00000| PB 0x0000000718a00000| Untracked 
| 198|0x0000000718c00000, 0x0000000718c00000, 0x0000000718e00000|  0%| F|  |TAMS 0x0000000718c00000| PB 0x0000000718c00000| Untracked 
| 199|0x0000000718e00000, 0x0000000718e00000, 0x0000000719000000|  0%| F|  |TAMS 0x0000000718e00000| PB 0x0000000718e00000| Untracked 
| 200|0x0000000719000000, 0x0000000719000000, 0x0000000719200000|  0%| F|  |TAMS 0x0000000719000000| PB 0x0000000719000000| Untracked 
| 201|0x0000000719200000, 0x0000000719200000, 0x0000000719400000|  0%| F|  |TAMS 0x0000000719200000| PB 0x0000000719200000| Untracked 
| 202|0x0000000719400000, 0x0000000719400000, 0x0000000719600000|  0%| F|  |TAMS 0x0000000719400000| PB 0x0000000719400000| Untracked 
| 203|0x0000000719600000, 0x0000000719600000, 0x0000000719800000|  0%| F|  |TAMS 0x0000000719600000| PB 0x0000000719600000| Untracked 
| 204|0x0000000719800000, 0x0000000719800000, 0x0000000719a00000|  0%| F|  |TAMS 0x0000000719800000| PB 0x0000000719800000| Untracked 
| 205|0x0000000719a00000, 0x0000000719a00000, 0x0000000719c00000|  0%| F|  |TAMS 0x0000000719a00000| PB 0x0000000719a00000| Untracked 
| 206|0x0000000719c00000, 0x0000000719c00000, 0x0000000719e00000|  0%| F|  |TAMS 0x0000000719c00000| PB 0x0000000719c00000| Untracked 
| 207|0x0000000719e00000, 0x0000000719e00000, 0x000000071a000000|  0%| F|  |TAMS 0x0000000719e00000| PB 0x0000000719e00000| Untracked 
| 208|0x000000071a000000, 0x000000071a000000, 0x000000071a200000|  0%| F|  |TAMS 0x000000071a000000| PB 0x000000071a000000| Untracked 
| 209|0x000000071a200000, 0x000000071a200000, 0x000000071a400000|  0%| F|  |TAMS 0x000000071a200000| PB 0x000000071a200000| Untracked 
| 210|0x000000071a400000, 0x000000071a400000, 0x000000071a600000|  0%| F|  |TAMS 0x000000071a400000| PB 0x000000071a400000| Untracked 
| 211|0x000000071a600000, 0x000000071a600000, 0x000000071a800000|  0%| F|  |TAMS 0x000000071a600000| PB 0x000000071a600000| Untracked 
| 212|0x000000071a800000, 0x000000071a800000, 0x000000071aa00000|  0%| F|  |TAMS 0x000000071a800000| PB 0x000000071a800000| Untracked 
| 213|0x000000071aa00000, 0x000000071aa00000, 0x000000071ac00000|  0%| F|  |TAMS 0x000000071aa00000| PB 0x000000071aa00000| Untracked 
| 214|0x000000071ac00000, 0x000000071ac00000, 0x000000071ae00000|  0%| F|  |TAMS 0x000000071ac00000| PB 0x000000071ac00000| Untracked 
| 215|0x000000071ae00000, 0x000000071ae00000, 0x000000071b000000|  0%| F|  |TAMS 0x000000071ae00000| PB 0x000000071ae00000| Untracked 
| 216|0x000000071b000000, 0x000000071b000000, 0x000000071b200000|  0%| F|  |TAMS 0x000000071b000000| PB 0x000000071b000000| Untracked 
| 217|0x000000071b200000, 0x000000071b200000, 0x000000071b400000|  0%| F|  |TAMS 0x000000071b200000| PB 0x000000071b200000| Untracked 
| 218|0x000000071b400000, 0x000000071b400000, 0x000000071b600000|  0%| F|  |TAMS 0x000000071b400000| PB 0x000000071b400000| Untracked 
| 219|0x000000071b600000, 0x000000071b600000, 0x000000071b800000|  0%| F|  |TAMS 0x000000071b600000| PB 0x000000071b600000| Untracked 
| 220|0x000000071b800000, 0x000000071b800000, 0x000000071ba00000|  0%| F|  |TAMS 0x000000071b800000| PB 0x000000071b800000| Untracked 
| 221|0x000000071ba00000, 0x000000071ba00000, 0x000000071bc00000|  0%| F|  |TAMS 0x000000071ba00000| PB 0x000000071ba00000| Untracked 
| 222|0x000000071bc00000, 0x000000071bc00000, 0x000000071be00000|  0%| F|  |TAMS 0x000000071bc00000| PB 0x000000071bc00000| Untracked 
| 223|0x000000071be00000, 0x000000071be00000, 0x000000071c000000|  0%| F|  |TAMS 0x000000071be00000| PB 0x000000071be00000| Untracked 
| 224|0x000000071c000000, 0x000000071c000000, 0x000000071c200000|  0%| F|  |TAMS 0x000000071c000000| PB 0x000000071c000000| Untracked 
| 225|0x000000071c200000, 0x000000071c400000, 0x000000071c400000|100%| S|CS|TAMS 0x000000071c200000| PB 0x000000071c200000| Complete 
| 226|0x000000071c400000, 0x000000071c600000, 0x000000071c600000|100%| S|CS|TAMS 0x000000071c400000| PB 0x000000071c400000| Complete 
| 227|0x000000071c600000, 0x000000071c600000, 0x000000071c800000|  0%| F|  |TAMS 0x000000071c600000| PB 0x000000071c600000| Untracked 
| 228|0x000000071c800000, 0x000000071c800000, 0x000000071ca00000|  0%| F|  |TAMS 0x000000071c800000| PB 0x000000071c800000| Untracked 
| 229|0x000000071ca00000, 0x000000071ca00000, 0x000000071cc00000|  0%| F|  |TAMS 0x000000071ca00000| PB 0x000000071ca00000| Untracked 
| 230|0x000000071cc00000, 0x000000071cc00000, 0x000000071ce00000|  0%| F|  |TAMS 0x000000071cc00000| PB 0x000000071cc00000| Untracked 
| 231|0x000000071ce00000, 0x000000071ce00000, 0x000000071d000000|  0%| F|  |TAMS 0x000000071ce00000| PB 0x000000071ce00000| Untracked 
| 232|0x000000071d000000, 0x000000071d000000, 0x000000071d200000|  0%| F|  |TAMS 0x000000071d000000| PB 0x000000071d000000| Untracked 
| 233|0x000000071d200000, 0x000000071d200000, 0x000000071d400000|  0%| F|  |TAMS 0x000000071d200000| PB 0x000000071d200000| Untracked 
| 234|0x000000071d400000, 0x000000071d400000, 0x000000071d600000|  0%| F|  |TAMS 0x000000071d400000| PB 0x000000071d400000| Untracked 
| 235|0x000000071d600000, 0x000000071d600000, 0x000000071d800000|  0%| F|  |TAMS 0x000000071d600000| PB 0x000000071d600000| Untracked 
| 236|0x000000071d800000, 0x000000071d800000, 0x000000071da00000|  0%| F|  |TAMS 0x000000071d800000| PB 0x000000071d800000| Untracked 
| 237|0x000000071da00000, 0x000000071da00000, 0x000000071dc00000|  0%| F|  |TAMS 0x000000071da00000| PB 0x000000071da00000| Untracked 
| 238|0x000000071dc00000, 0x000000071dc00000, 0x000000071de00000|  0%| F|  |TAMS 0x000000071dc00000| PB 0x000000071dc00000| Untracked 
| 239|0x000000071de00000, 0x000000071de00000, 0x000000071e000000|  0%| F|  |TAMS 0x000000071de00000| PB 0x000000071de00000| Untracked 
| 240|0x000000071e000000, 0x000000071e000000, 0x000000071e200000|  0%| F|  |TAMS 0x000000071e000000| PB 0x000000071e000000| Untracked 
| 241|0x000000071e200000, 0x000000071e200000, 0x000000071e400000|  0%| F|  |TAMS 0x000000071e200000| PB 0x000000071e200000| Untracked 
| 242|0x000000071e400000, 0x000000071e400000, 0x000000071e600000|  0%| F|  |TAMS 0x000000071e400000| PB 0x000000071e400000| Untracked 
| 243|0x000000071e600000, 0x000000071e600000, 0x000000071e800000|  0%| F|  |TAMS 0x000000071e600000| PB 0x000000071e600000| Untracked 
| 244|0x000000071e800000, 0x000000071e800000, 0x000000071ea00000|  0%| F|  |TAMS 0x000000071e800000| PB 0x000000071e800000| Untracked 
| 245|0x000000071ea00000, 0x000000071ea00000, 0x000000071ec00000|  0%| F|  |TAMS 0x000000071ea00000| PB 0x000000071ea00000| Untracked 
| 246|0x000000071ec00000, 0x000000071ec00000, 0x000000071ee00000|  0%| F|  |TAMS 0x000000071ec00000| PB 0x000000071ec00000| Untracked 
| 247|0x000000071ee00000, 0x000000071ee00000, 0x000000071f000000|  0%| F|  |TAMS 0x000000071ee00000| PB 0x000000071ee00000| Untracked 
| 248|0x000000071f000000, 0x000000071f000000, 0x000000071f200000|  0%| F|  |TAMS 0x000000071f000000| PB 0x000000071f000000| Untracked 
| 249|0x000000071f200000, 0x000000071f200000, 0x000000071f400000|  0%| F|  |TAMS 0x000000071f200000| PB 0x000000071f200000| Untracked 
| 250|0x000000071f400000, 0x000000071f400000, 0x000000071f600000|  0%| F|  |TAMS 0x000000071f400000| PB 0x000000071f400000| Untracked 
| 251|0x000000071f600000, 0x000000071f600000, 0x000000071f800000|  0%| F|  |TAMS 0x000000071f600000| PB 0x000000071f600000| Untracked 
| 252|0x000000071f800000, 0x000000071f800000, 0x000000071fa00000|  0%| F|  |TAMS 0x000000071f800000| PB 0x000000071f800000| Untracked 
| 253|0x000000071fa00000, 0x000000071fa00000, 0x000000071fc00000|  0%| F|  |TAMS 0x000000071fa00000| PB 0x000000071fa00000| Untracked 
| 254|0x000000071fc00000, 0x000000071fc00000, 0x000000071fe00000|  0%| F|  |TAMS 0x000000071fc00000| PB 0x000000071fc00000| Untracked 
| 255|0x000000071fe00000, 0x000000071fe00000, 0x0000000720000000|  0%| F|  |TAMS 0x000000071fe00000| PB 0x000000071fe00000| Untracked 
|2047|0x00000007ffe00000, 0x0000000800000000, 0x0000000800000000|100%| O|  |TAMS 0x0000000800000000| PB 0x00000007ffe00000| Untracked 

Card table byte_map: [0x00000198cdf60000,0x00000198ce760000] _byte_map_base: 0x00000198ca760000

Marking Bits: (CMBitMap*) 0x00000198bb5c7ef0
 Bits: [0x00000198ce760000, 0x00000198d2760000)

Polling page: 0x00000198b9400000

Metaspace:

Usage:
  Non-class:     80.55 MB used.
      Class:     13.15 MB used.
       Both:     93.70 MB used.

Virtual space:
  Non-class space:      128.00 MB reserved,      81.81 MB ( 64%) committed,  2 nodes.
      Class space:        1.00 GB reserved,      14.38 MB (  1%) committed,  1 nodes.
             Both:        1.12 GB reserved,      96.19 MB (  8%) committed. 

Chunk freelists:
   Non-Class:  14.05 MB
       Class:  1.68 MB
        Both:  15.72 MB

MaxMetaspaceSize: 2.00 GB
CompressedClassSpaceSize: 1.00 GB
Initial GC threshold: 21.00 MB
Current GC threshold: 159.06 MB
CDS: on
 - commit_granule_bytes: 65536.
 - commit_granule_words: 8192.
 - virtual_space_node_default_size: 8388608.
 - enlarge_chunks_in_place: 1.
 - use_allocation_guard: 0.


Internal statistics:

num_allocs_failed_limit: 3.
num_arena_births: 4132.
num_arena_deaths: 0.
num_vsnodes_births: 3.
num_vsnodes_deaths: 0.
num_space_committed: 1539.
num_space_uncommitted: 0.
num_chunks_returned_to_freelist: 3.
num_chunks_taken_from_freelist: 8743.
num_chunk_merges: 3.
num_chunk_splits: 5642.
num_chunks_enlarged: 3505.
num_inconsistent_stats: 0.

CodeHeap 'non-profiled nmethods': size=120000Kb used=9024Kb max_used=9024Kb free=110975Kb
 bounds [0x00000198c6230000, 0x00000198c6b10000, 0x00000198cd760000]
CodeHeap 'profiled nmethods': size=120000Kb used=21638Kb max_used=23587Kb free=98361Kb
 bounds [0x00000198be760000, 0x00000198bfe70000, 0x00000198c5c90000]
CodeHeap 'non-nmethods': size=5760Kb used=2866Kb max_used=2964Kb free=2893Kb
 bounds [0x00000198c5c90000, 0x00000198c5f80000, 0x00000198c6230000]
 total_blobs=12380 nmethods=11412 adapters=872
 compilation: enabled
              stopped_count=0, restarted_count=0
 full_count=0

Compilation events (20 events):
Event: 186.478 Thread 0x00000198d4bcd540 14826       4       org.gradle.internal.hash.HashCode$HashCode128::compareTo (9 bytes)
Event: 186.480 Thread 0x00000198d4bcd540 nmethod 14826 0x00000198c676c390 code [0x00000198c676c520, 0x00000198c676c630]
Event: 186.763 Thread 0x00000198d4bcd540 14827       4       java.lang.StringConcatHelper::prepend (22 bytes)
Event: 186.772 Thread 0x00000198d4bcd540 nmethod 14827 0x00000198c6474a90 code [0x00000198c6474c60, 0x00000198c6475158]
Event: 186.776 Thread 0x00000198d4c39880 14828   !   3       org.gradle.cache.internal.ExclusiveCacheAccessingWorker$1::run (153 bytes)
Event: 186.804 Thread 0x00000198d4c39880 nmethod 14828 0x00000198be87b410 code [0x00000198be87b6c0, 0x00000198be87c3c0]
Event: 186.908 Thread 0x00000198d4bcd540 14829       4       sun.nio.fs.WindowsFileSystemProvider::readAttributes (63 bytes)
Event: 187.426 Thread 0x00000198d4bcd540 nmethod 14829 0x00000198c6af8c90 code [0x00000198c6af9460, 0x00000198c6afe4d0]
Event: 187.427 Thread 0x00000198d4bcd540 14830       4       java.util.concurrent.locks.LockSupport::unpark (26 bytes)
Event: 187.429 Thread 0x00000198d4bcd540 nmethod 14830 0x00000198c674eb10 code [0x00000198c674eca0, 0x00000198c674ed88]
Event: 189.710 Thread 0x00000198d4bcd540 14831   !   4       com.google.common.util.concurrent.Uninterruptibles::getUninterruptibly (40 bytes)
Event: 189.723 Thread 0x00000198d4c39880 14833       3       com.google.common.cache.LongAdder::add (108 bytes)
Event: 189.736 Thread 0x00000198d4c39880 nmethod 14833 0x00000198bea59b10 code [0x00000198bea59d20, 0x00000198bea5a350]
Event: 189.754 Thread 0x00000198d4bcd540 nmethod 14831 0x00000198c674e390 code [0x00000198c674e540, 0x00000198c674e6d0]
Event: 189.754 Thread 0x00000198d4bcd540 14832       4       com.google.common.util.concurrent.AbstractFuture$TrustedFuture::get (5 bytes)
Event: 189.757 Thread 0x00000198d4bcd540 nmethod 14832 0x00000198c6785790 code [0x00000198c6785940, 0x00000198c6785ab0]
Event: 189.817 Thread 0x00000198d4bcd540 14834       4       com.google.common.cache.Striped64::casBase (13 bytes)
Event: 189.825 Thread 0x00000198d4bcd540 nmethod 14834 0x00000198c676c090 code [0x00000198c676c220, 0x00000198c676c2c0]
Event: 189.826 Thread 0x00000198d4bcd540 14835       4       org.gradle.internal.snapshot.SnapshotUtil$1::handleUnrelatedToAnyChild (13 bytes)
Event: 189.833 Thread 0x00000198d4bcd540 nmethod 14835 0x00000198c6785490 code [0x00000198c6785620, 0x00000198c67856f0]

GC Heap History (20 events):
Event: 75.824 GC heap after
{Heap after GC invocations=58 (full 0):
 garbage-first heap   total 253952K, used 134344K [0x0000000700000000, 0x0000000800000000)
  region size 2048K, 3 young (6144K), 3 survivors (6144K)
 Metaspace       used 86511K, committed 88768K, reserved 1179648K
  class space    used 12005K, committed 13120K, reserved 1048576K
}
Event: 83.486 GC heap before
{Heap before GC invocations=58 (full 0):
 garbage-first heap   total 253952K, used 226504K [0x0000000700000000, 0x0000000800000000)
  region size 2048K, 48 young (98304K), 3 survivors (6144K)
 Metaspace       used 91720K, committed 94016K, reserved 1179648K
  class space    used 12871K, committed 14016K, reserved 1048576K
}
Event: 83.727 GC heap after
{Heap after GC invocations=59 (full 0):
 garbage-first heap   total 253952K, used 139264K [0x0000000700000000, 0x0000000800000000)
  region size 2048K, 5 young (10240K), 5 survivors (10240K)
 Metaspace       used 91720K, committed 94016K, reserved 1179648K
  class space    used 12871K, committed 14016K, reserved 1048576K
}
Event: 109.870 GC heap before
{Heap before GC invocations=60 (full 0):
 garbage-first heap   total 253952K, used 169984K [0x0000000700000000, 0x0000000800000000)
  region size 2048K, 21 young (43008K), 5 survivors (10240K)
 Metaspace       used 92272K, committed 94592K, reserved 1179648K
  class space    used 12957K, committed 14144K, reserved 1048576K
}
Event: 109.959 GC heap after
{Heap after GC invocations=61 (full 0):
 garbage-first heap   total 253952K, used 141745K [0x0000000700000000, 0x0000000800000000)
  region size 2048K, 3 young (6144K), 3 survivors (6144K)
 Metaspace       used 92272K, committed 94592K, reserved 1179648K
  class space    used 12957K, committed 14144K, reserved 1048576K
}
Event: 118.275 GC heap before
{Heap before GC invocations=61 (full 0):
 garbage-first heap   total 253952K, used 223665K [0x0000000700000000, 0x0000000800000000)
  region size 2048K, 44 young (90112K), 3 survivors (6144K)
 Metaspace       used 93385K, committed 95744K, reserved 1179648K
  class space    used 13100K, committed 14272K, reserved 1048576K
}
Event: 118.348 GC heap after
{Heap after GC invocations=62 (full 0):
 garbage-first heap   total 253952K, used 145925K [0x0000000700000000, 0x0000000800000000)
  region size 2048K, 5 young (10240K), 5 survivors (10240K)
 Metaspace       used 93385K, committed 95744K, reserved 1179648K
  class space    used 13100K, committed 14272K, reserved 1048576K
}
Event: 121.510 GC heap before
{Heap before GC invocations=62 (full 0):
 garbage-first heap   total 253952K, used 199173K [0x0000000700000000, 0x0000000800000000)
  region size 2048K, 32 young (65536K), 5 survivors (10240K)
 Metaspace       used 93636K, committed 96064K, reserved 1179648K
  class space    used 13131K, committed 14336K, reserved 1048576K
}
Event: 121.684 GC heap after
{Heap after GC invocations=63 (full 0):
 garbage-first heap   total 253952K, used 147359K [0x0000000700000000, 0x0000000800000000)
  region size 2048K, 2 young (4096K), 2 survivors (4096K)
 Metaspace       used 93636K, committed 96064K, reserved 1179648K
  class space    used 13131K, committed 14336K, reserved 1048576K
}
Event: 133.175 GC heap before
{Heap before GC invocations=63 (full 0):
 garbage-first heap   total 253952K, used 229279K [0x0000000700000000, 0x0000000800000000)
  region size 2048K, 43 young (88064K), 2 survivors (4096K)
 Metaspace       used 95274K, committed 97728K, reserved 1179648K
  class space    used 13394K, committed 14592K, reserved 1048576K
}
Event: 133.409 GC heap after
{Heap after GC invocations=64 (full 0):
 garbage-first heap   total 526336K, used 159179K [0x0000000700000000, 0x0000000800000000)
  region size 2048K, 6 young (12288K), 6 survivors (12288K)
 Metaspace       used 95274K, committed 97728K, reserved 1179648K
  class space    used 13394K, committed 14592K, reserved 1048576K
}
Event: 134.303 GC heap before
{Heap before GC invocations=64 (full 0):
 garbage-first heap   total 526336K, used 175563K [0x0000000700000000, 0x0000000800000000)
  region size 2048K, 14 young (28672K), 6 survivors (12288K)
 Metaspace       used 95276K, committed 97728K, reserved 1179648K
  class space    used 13394K, committed 14592K, reserved 1048576K
}
Event: 134.351 GC heap after
{Heap after GC invocations=65 (full 0):
 garbage-first heap   total 526336K, used 161243K [0x0000000700000000, 0x0000000800000000)
  region size 2048K, 2 young (4096K), 2 survivors (4096K)
 Metaspace       used 95276K, committed 97728K, reserved 1179648K
  class space    used 13394K, committed 14592K, reserved 1048576K
}
Event: 139.590 GC heap before
{Heap before GC invocations=66 (full 0):
 garbage-first heap   total 526336K, used 253403K [0x0000000700000000, 0x0000000800000000)
  region size 2048K, 48 young (98304K), 2 survivors (4096K)
 Metaspace       used 95280K, committed 97728K, reserved 1179648K
  class space    used 13394K, committed 14592K, reserved 1048576K
}
Event: 139.664 GC heap after
{Heap after GC invocations=67 (full 0):
 garbage-first heap   total 526336K, used 162262K [0x0000000700000000, 0x0000000800000000)
  region size 2048K, 3 young (6144K), 3 survivors (6144K)
 Metaspace       used 95280K, committed 97728K, reserved 1179648K
  class space    used 13394K, committed 14592K, reserved 1048576K
}
Event: 181.663 GC heap before
{Heap before GC invocations=67 (full 0):
 garbage-first heap   total 526336K, used 461270K [0x0000000700000000, 0x0000000800000000)
  region size 2048K, 148 young (303104K), 3 survivors (6144K)
 Metaspace       used 95944K, committed 98496K, reserved 1179648K
  class space    used 13467K, committed 14720K, reserved 1048576K
}
Event: 185.329 GC heap after
{Heap after GC invocations=68 (full 0):
 garbage-first heap   total 526336K, used 190582K [0x0000000700000000, 0x0000000800000000)
  region size 2048K, 16 young (32768K), 16 survivors (32768K)
 Metaspace       used 95944K, committed 98496K, reserved 1179648K
  class space    used 13467K, committed 14720K, reserved 1048576K
}
Event: 186.487 GC heap before
{Heap before GC invocations=68 (full 0):
 garbage-first heap   total 526336K, used 198774K [0x0000000700000000, 0x0000000800000000)
  region size 2048K, 20 young (40960K), 16 survivors (32768K)
 Metaspace       used 95944K, committed 98496K, reserved 1179648K
  class space    used 13467K, committed 14720K, reserved 1048576K
}
Event: 186.758 GC heap after
{Heap after GC invocations=69 (full 0):
 garbage-first heap   total 526336K, used 193791K [0x0000000700000000, 0x0000000800000000)
  region size 2048K, 2 young (4096K), 2 survivors (4096K)
 Metaspace       used 95944K, committed 98496K, reserved 1179648K
  class space    used 13467K, committed 14720K, reserved 1048576K
}
Event: 190.026 GC heap before
{Heap before GC invocations=69 (full 0):
 garbage-first heap   total 526336K, used 247039K [0x0000000700000000, 0x0000000800000000)
  region size 2048K, 29 young (59392K), 2 survivors (4096K)
 Metaspace       used 95946K, committed 98496K, reserved 1179648K
  class space    used 13467K, committed 14720K, reserved 1048576K
}

Dll operation events (14 events):
Event: 0.052 Loaded shared library C:\Users\System Bilgisayar\.vscode\extensions\redhat.java-1.42.0-win32-x64\jre\21.0.7-win32-x86_64\bin\java.dll
Event: 0.161 Loaded shared library C:\Users\System Bilgisayar\.vscode\extensions\redhat.java-1.42.0-win32-x64\jre\21.0.7-win32-x86_64\bin\zip.dll
Event: 0.399 Loaded shared library C:\Users\System Bilgisayar\.vscode\extensions\redhat.java-1.42.0-win32-x64\jre\21.0.7-win32-x86_64\bin\instrument.dll
Event: 0.407 Loaded shared library C:\Users\System Bilgisayar\.vscode\extensions\redhat.java-1.42.0-win32-x64\jre\21.0.7-win32-x86_64\bin\net.dll
Event: 0.412 Loaded shared library C:\Users\System Bilgisayar\.vscode\extensions\redhat.java-1.42.0-win32-x64\jre\21.0.7-win32-x86_64\bin\nio.dll
Event: 0.417 Loaded shared library C:\Users\System Bilgisayar\.vscode\extensions\redhat.java-1.42.0-win32-x64\jre\21.0.7-win32-x86_64\bin\zip.dll
Event: 1.272 Loaded shared library C:\Users\System Bilgisayar\.vscode\extensions\redhat.java-1.42.0-win32-x64\jre\21.0.7-win32-x86_64\bin\jimage.dll
Event: 2.586 Loaded shared library C:\Users\System Bilgisayar\.vscode\extensions\redhat.java-1.42.0-win32-x64\jre\21.0.7-win32-x86_64\bin\verify.dll
Event: 3.058 Loaded shared library C:\Users\System Bilgisayar\.gradle\native\c067742578af261105cb4f569cf0c3c89f3d7b1fecec35dd04571415982c5e48\windows-amd64\native-platform.dll
Event: 3.088 Loaded shared library C:\Users\System Bilgisayar\.gradle\native\100fb08df4bc3b14c8652ba06237920a3bd2aa13389f12d3474272988ae205f9\windows-amd64\native-platform-file-events.dll
Event: 5.403 Loaded shared library C:\Users\System Bilgisayar\.vscode\extensions\redhat.java-1.42.0-win32-x64\jre\21.0.7-win32-x86_64\bin\management.dll
Event: 5.410 Loaded shared library C:\Users\System Bilgisayar\.vscode\extensions\redhat.java-1.42.0-win32-x64\jre\21.0.7-win32-x86_64\bin\management_ext.dll
Event: 5.903 Loaded shared library C:\Users\System Bilgisayar\.vscode\extensions\redhat.java-1.42.0-win32-x64\jre\21.0.7-win32-x86_64\bin\extnet.dll
Event: 6.345 Loaded shared library C:\Users\System Bilgisayar\.vscode\extensions\redhat.java-1.42.0-win32-x64\jre\21.0.7-win32-x86_64\bin\sunmscapi.dll

Deoptimization events (20 events):
Event: 152.002 Thread 0x000001991b266ee0 DEOPT PACKING pc=0x00000198c63f4c00 sp=0x0000002ddddff3e0
Event: 152.003 Thread 0x000001991b266ee0 DEOPT UNPACKING pc=0x00000198c5ce46a2 sp=0x0000002ddddff368 mode 2
Event: 155.540 Thread 0x000001991ac769a0 DEOPT PACKING pc=0x00000198beaa28ef sp=0x0000002dddaf8f80
Event: 155.540 Thread 0x000001991ac769a0 DEOPT UNPACKING pc=0x00000198c5ce4e42 sp=0x0000002dddaf8418 mode 0
Event: 185.387 Thread 0x000001991b266ee0 Uncommon trap: trap_request=0xffffff45 fr.pc=0x00000198c663ce2c relative=0x000000000000008c
Event: 185.389 Thread 0x000001991b266ee0 Uncommon trap: reason=unstable_if action=reinterpret pc=0x00000198c663ce2c method=java.util.concurrent.locks.AbstractQueuedSynchronizer$ConditionObject.canReacquire(Ljava/util/concurrent/locks/AbstractQueuedSynchronizer$ConditionNode;)Z @ 18 c2
Event: 185.389 Thread 0x000001991b266ee0 DEOPT PACKING pc=0x00000198c663ce2c sp=0x0000002ddddff340
Event: 185.390 Thread 0x000001991b266ee0 DEOPT UNPACKING pc=0x00000198c5ce46a2 sp=0x0000002ddddff2d0 mode 2
Event: 189.283 Thread 0x00000198d4c05880 Uncommon trap: trap_request=0xffffff45 fr.pc=0x00000198c682db48 relative=0x00000000000054c8
Event: 189.283 Thread 0x00000198d4c05880 Uncommon trap: reason=unstable_if action=reinterpret pc=0x00000198c682db48 method=com.google.common.cache.LongAdder.add(J)V @ 46 c2
Event: 189.287 Thread 0x00000198d4c05880 DEOPT PACKING pc=0x00000198c682db48 sp=0x0000002de06fd0b0
Event: 189.291 Thread 0x00000198d4c05880 DEOPT UNPACKING pc=0x00000198c5ce46a2 sp=0x0000002de06fcd88 mode 2
Event: 189.344 Thread 0x00000198d4c05880 Uncommon trap: trap_request=0xffffff45 fr.pc=0x00000198c6816e38 relative=0x00000000000006d8
Event: 189.347 Thread 0x00000198d4c05880 Uncommon trap: reason=unstable_if action=reinterpret pc=0x00000198c6816e38 method=java.util.concurrent.FutureTask.awaitDone(ZJ)I @ 23 c2
Event: 189.349 Thread 0x00000198d4c05880 DEOPT PACKING pc=0x00000198c6816e38 sp=0x0000002de06fcbe0
Event: 189.353 Thread 0x00000198d4c05880 DEOPT UNPACKING pc=0x00000198c5ce46a2 sp=0x0000002de06fcb78 mode 2
Event: 189.360 Thread 0x00000198d4c051f0 Uncommon trap: trap_request=0xffffff45 fr.pc=0x00000198c6633054 relative=0x0000000000000354
Event: 189.360 Thread 0x00000198d4c051f0 Uncommon trap: reason=unstable_if action=reinterpret pc=0x00000198c6633054 method=com.google.common.cache.LongAdder.add(J)V @ 72 c2
Event: 189.361 Thread 0x00000198d4c051f0 DEOPT PACKING pc=0x00000198c6633054 sp=0x0000002de07fcbf0
Event: 189.361 Thread 0x00000198d4c051f0 DEOPT UNPACKING pc=0x00000198c5ce46a2 sp=0x0000002de07fcb50 mode 2

Classes loaded (20 events):
Event: 110.733 Loading class jdk/internal/ValueBased
Event: 110.735 Loading class jdk/internal/ValueBased done
Event: 122.756 Loading class java/beans/ParameterDescriptor
Event: 122.773 Loading class java/beans/ParameterDescriptor done
Event: 127.592 Loading class java/util/regex/PatternBeanInfo
Event: 127.594 Loading class java/util/regex/PatternBeanInfo done
Event: 127.594 Loading class java/util/regex/PatternBeanInfo
Event: 127.594 Loading class java/util/regex/PatternBeanInfo done
Event: 127.595 Loading class java/util/regex/PatternCustomizer
Event: 127.595 Loading class java/util/regex/PatternCustomizer done
Event: 127.595 Loading class java/util/regex/PatternCustomizer
Event: 127.595 Loading class java/util/regex/PatternCustomizer done
Event: 127.612 Loading class java/util/regex/MatcherBeanInfo
Event: 127.613 Loading class java/util/regex/MatcherBeanInfo done
Event: 127.616 Loading class java/util/regex/MatcherBeanInfo
Event: 127.616 Loading class java/util/regex/MatcherBeanInfo done
Event: 127.617 Loading class java/util/regex/MatcherCustomizer
Event: 127.618 Loading class java/util/regex/MatcherCustomizer done
Event: 127.619 Loading class java/util/regex/MatcherCustomizer
Event: 127.619 Loading class java/util/regex/MatcherCustomizer done

Classes unloaded (0 events):
No events

Classes redefined (0 events):
No events

Internal exceptions (20 events):
Event: 144.410 Thread 0x000001991ac769a0 Exception <a 'java/lang/ClassNotFoundException'{0x000000071b1fc5b0}: com/google/common/collect/SingletonImmutableSetCustomizer> (0x000000071b1fc5b0) 
thrown [s\src\hotspot\share\classfile\systemDictionary.cpp, line 312]
Event: 144.507 Thread 0x000001991ac769a0 Exception <a 'java/lang/ClassNotFoundException'{0x000000071ae465b8}: build_b2q9dui42dk9fna28c3re2bh8$_run_closure2BeanInfo> (0x000000071ae465b8) 
thrown [s\src\hotspot\share\classfile\systemDictionary.cpp, line 312]
Event: 144.510 Thread 0x000001991ac769a0 Exception <a 'java/lang/ClassNotFoundException'{0x000000071ae50e18}: build_b2q9dui42dk9fna28c3re2bh8$_run_closure2Customizer> (0x000000071ae50e18) 
thrown [s\src\hotspot\share\classfile\systemDictionary.cpp, line 312]
Event: 146.160 Thread 0x000001991ac769a0 Exception <a 'java/lang/ClassNotFoundException'{0x00000007197c1d48}: build_9jk5da6a3gqibzos1u9g74gnmBeanInfo> (0x00000007197c1d48) 
thrown [s\src\hotspot\share\classfile\systemDictionary.cpp, line 312]
Event: 146.166 Thread 0x000001991ac769a0 Exception <a 'java/lang/ClassNotFoundException'{0x000000071940d290}: build_9jk5da6a3gqibzos1u9g74gnmCustomizer> (0x000000071940d290) 
thrown [s\src\hotspot\share\classfile\systemDictionary.cpp, line 312]
Event: 147.656 Thread 0x000001991c63a890 Implicit null exception at 0x00000198c6665140 to 0x00000198c66651b5
Event: 152.376 Thread 0x000001991ac769a0 Exception <a 'java/lang/ClassNotFoundException'{0x00000007104dd078}: build_9jk5da6a3gqibzos1u9g74gnmBeanInfo> (0x00000007104dd078) 
thrown [s\src\hotspot\share\classfile\systemDictionary.cpp, line 312]
Event: 152.379 Thread 0x000001991ac769a0 Exception <a 'java/lang/ClassNotFoundException'{0x00000007104e3a28}: build_9jk5da6a3gqibzos1u9g74gnmCustomizer> (0x00000007104e3a28) 
thrown [s\src\hotspot\share\classfile\systemDictionary.cpp, line 312]
Event: 155.438 Thread 0x000001991ac769a0 Exception <a 'java/lang/ClassNotFoundException'{0x000000070f91c9d8}: com/android/build/gradle/internal/dsl/TestOptions_DecoratedBeanInfo> (0x000000070f91c9d8) 
thrown [s\src\hotspot\share\classfile\systemDictionary.cpp, line 312]
Event: 155.444 Thread 0x000001991ac769a0 Exception <a 'java/lang/ClassNotFoundException'{0x000000070f92a298}: com/android/build/gradle/internal/dsl/TestOptionsBeanInfo> (0x000000070f92a298) 
thrown [s\src\hotspot\share\classfile\systemDictionary.cpp, line 312]
Event: 155.448 Thread 0x000001991ac769a0 Exception <a 'java/lang/ClassNotFoundException'{0x000000070f937de0}: com/android/build/gradle/internal/dsl/TestOptionsCustomizer> (0x000000070f937de0) 
thrown [s\src\hotspot\share\classfile\systemDictionary.cpp, line 312]
Event: 155.460 Thread 0x000001991ac769a0 Exception <a 'java/lang/ClassNotFoundException'{0x000000070f9648f8}: com/android/build/gradle/internal/dsl/TestOptions_DecoratedCustomizer> (0x000000070f9648f8) 
thrown [s\src\hotspot\share\classfile\systemDictionary.cpp, line 312]
Event: 155.477 Thread 0x000001991ac769a0 Exception <a 'java/lang/ClassNotFoundException'{0x000000070f9d0700}: com/android/build/gradle/internal/dsl/TestOptions$UnitTestOptions_DecoratedBeanInfo> (0x000000070f9d0700) 
thrown [s\src\hotspot\share\classfile\systemDictionary.cpp, line 312]
Event: 155.481 Thread 0x000001991ac769a0 Exception <a 'java/lang/ClassNotFoundException'{0x000000070f9de2a8}: com/android/build/gradle/internal/dsl/TestOptions$UnitTestOptionsBeanInfo> (0x000000070f9de2a8) 
thrown [s\src\hotspot\share\classfile\systemDictionary.cpp, line 312]
Event: 155.483 Thread 0x000001991ac769a0 Exception <a 'java/lang/ClassNotFoundException'{0x000000070f9ec428}: com/android/build/gradle/internal/dsl/TestOptions$UnitTestOptionsCustomizer> (0x000000070f9ec428) 
thrown [s\src\hotspot\share\classfile\systemDictionary.cpp, line 312]
Event: 155.486 Thread 0x000001991ac769a0 Exception <a 'java/lang/ClassNotFoundException'{0x000000070f600830}: com/android/build/gradle/internal/dsl/TestOptions$UnitTestOptions_DecoratedCustomizer> (0x000000070f600830) 
thrown [s\src\hotspot\share\classfile\systemDictionary.cpp, line 312]
Event: 156.570 Thread 0x000001991ac769a0 Exception <a 'java/lang/ClassNotFoundException'{0x000000070eeb4540}: build_27avx0l1dgov3o2frxongh3ogBeanInfo> (0x000000070eeb4540) 
thrown [s\src\hotspot\share\classfile\systemDictionary.cpp, line 312]
Event: 156.572 Thread 0x000001991ac769a0 Exception <a 'java/lang/ClassNotFoundException'{0x000000070eebaf60}: build_27avx0l1dgov3o2frxongh3ogCustomizer> (0x000000070eebaf60) 
thrown [s\src\hotspot\share\classfile\systemDictionary.cpp, line 312]
Event: 189.279 Thread 0x00000198d4c05880 Implicit null exception at 0x00000198c682a32c to 0x00000198c682daf4
Event: 189.360 Thread 0x00000198d4c051f0 Implicit null exception at 0x00000198c6632e40 to 0x00000198c6633040

ZGC Phase Switch (0 events):
No events

VM Operations (20 events):
Event: 157.294 Executing VM operation: Cleanup done
Event: 158.303 Executing VM operation: Cleanup
Event: 158.524 Executing VM operation: Cleanup done
Event: 167.578 Executing VM operation: Cleanup
Event: 167.859 Executing VM operation: Cleanup done
Event: 177.914 Executing VM operation: Cleanup
Event: 178.055 Executing VM operation: Cleanup done
Event: 180.822 Executing VM operation: HandshakeAllThreads (HandshakeForDeflation)
Event: 181.293 Executing VM operation: HandshakeAllThreads (HandshakeForDeflation) done
Event: 181.293 Executing VM operation: RendezvousGCThreads
Event: 181.293 Executing VM operation: RendezvousGCThreads done
Event: 181.645 Executing VM operation: G1CollectForAllocation (G1 Evacuation Pause)
Event: 185.330 Executing VM operation: G1CollectForAllocation (G1 Evacuation Pause) done
Event: 186.330 Executing VM operation: Cleanup
Event: 186.346 Executing VM operation: Cleanup done
Event: 186.486 Executing VM operation: G1CollectForAllocation (G1 Evacuation Pause)
Event: 186.758 Executing VM operation: G1CollectForAllocation (G1 Evacuation Pause) done
Event: 187.766 Executing VM operation: Cleanup
Event: 187.767 Executing VM operation: Cleanup done
Event: 190.019 Executing VM operation: G1CollectForAllocation (G1 Evacuation Pause)

Memory protections (0 events):
No events

Nmethod flushes (20 events):
Event: 136.524 Thread 0x00000198bb62ea50 flushing osr nmethod 0x00000198bf641d10
Event: 136.524 Thread 0x00000198bb62ea50 flushing  nmethod 0x00000198bf643b10
Event: 136.524 Thread 0x00000198bb62ea50 flushing  nmethod 0x00000198bf67ab90
Event: 136.524 Thread 0x00000198bb62ea50 flushing  nmethod 0x00000198bf67c310
Event: 136.524 Thread 0x00000198bb62ea50 flushing  nmethod 0x00000198bf680090
Event: 136.524 Thread 0x00000198bb62ea50 flushing  nmethod 0x00000198bf757290
Event: 136.525 Thread 0x00000198bb62ea50 flushing  nmethod 0x00000198bf77f790
Event: 136.525 Thread 0x00000198bb62ea50 flushing  nmethod 0x00000198bf784d90
Event: 136.525 Thread 0x00000198bb62ea50 flushing  nmethod 0x00000198bf86ee10
Event: 136.525 Thread 0x00000198bb62ea50 flushing  nmethod 0x00000198bf873190
Event: 136.525 Thread 0x00000198bb62ea50 flushing  nmethod 0x00000198bf9cef90
Event: 136.525 Thread 0x00000198bb62ea50 flushing  nmethod 0x00000198bf9d0e10
Event: 136.525 Thread 0x00000198bb62ea50 flushing  nmethod 0x00000198bf9d1910
Event: 136.525 Thread 0x00000198bb62ea50 flushing  nmethod 0x00000198bf9d2090
Event: 136.525 Thread 0x00000198bb62ea50 flushing  nmethod 0x00000198bf9d2510
Event: 136.525 Thread 0x00000198bb62ea50 flushing  nmethod 0x00000198bf9d5090
Event: 136.525 Thread 0x00000198bb62ea50 flushing  nmethod 0x00000198bf9d7910
Event: 136.526 Thread 0x00000198bb62ea50 flushing  nmethod 0x00000198bf9e3590
Event: 136.526 Thread 0x00000198bb62ea50 flushing  nmethod 0x00000198bf9e6690
Event: 136.526 Thread 0x00000198bb62ea50 flushing  nmethod 0x00000198bfa5e310

Events (20 events):
Event: 82.776 Thread 0x000001991c63cff0 Thread exited: 0x000001991c63cff0
Event: 112.017 Thread 0x000001991ac769a0 Thread added: 0x000001991d4c8ff0
Event: 112.018 Thread 0x000001991ac769a0 Thread added: 0x000001991d4c75b0
Event: 112.018 Thread 0x000001991ac769a0 Thread added: 0x000001991d4c6200
Event: 112.088 Thread 0x000001991ac769a0 Thread added: 0x000001991d4c3410
Event: 112.089 Thread 0x000001991ac769a0 Thread added: 0x000001991d4c47c0
Event: 112.091 Thread 0x000001991ac769a0 Thread added: 0x000001991d4c7c40
Event: 116.286 Thread 0x000001991ac769a0 Thread added: 0x000001991d4c5b70
Event: 116.287 Thread 0x000001991ac769a0 Thread added: 0x000001991d4c82d0
Event: 116.287 Thread 0x000001991ac769a0 Thread added: 0x000001991d4c4130
Event: 129.146 Thread 0x000001991ac769a0 Thread added: 0x000001991d4c4e50
Event: 129.148 Thread 0x000001991ac769a0 Thread added: 0x000001991d4c6890
Event: 129.149 Thread 0x000001991ac769a0 Thread added: 0x000001991d4c8960
Event: 133.036 Thread 0x000001991ac769a0 Thread added: 0x000001991d4c26f0
Event: 133.037 Thread 0x000001991ac769a0 Thread added: 0x000001991d4c3aa0
Event: 133.037 Thread 0x000001991ac769a0 Thread added: 0x000001991d4c54e0
Event: 133.149 Thread 0x000001991ac769a0 Thread added: 0x00000198d4c0a740
Event: 133.151 Thread 0x000001991ac769a0 Thread added: 0x00000198d4c065a0
Event: 133.153 Thread 0x000001991ac769a0 Thread added: 0x00000198d4c06c30
Event: 135.483 Thread 0x000001991ac769a0 Thread added: 0x00000198d4c072c0


Dynamic libraries:
0x00007ff76ece0000 - 0x00007ff76ecee000 	C:\Users\System Bilgisayar\.vscode\extensions\redhat.java-1.42.0-win32-x64\jre\21.0.7-win32-x86_64\bin\java.exe
0x00007ffcad690000 - 0x00007ffcad888000 	C:\WINDOWS\SYSTEM32\ntdll.dll
0x00007ffcac720000 - 0x00007ffcac7e2000 	C:\WINDOWS\System32\KERNEL32.DLL
0x00007ffcaaf50000 - 0x00007ffcab246000 	C:\WINDOWS\System32\KERNELBASE.dll
0x00007ffcab5c0000 - 0x00007ffcab6c0000 	C:\WINDOWS\System32\ucrtbase.dll
0x00007ffc98920000 - 0x00007ffc98938000 	C:\Users\System Bilgisayar\.vscode\extensions\redhat.java-1.42.0-win32-x64\jre\21.0.7-win32-x86_64\bin\jli.dll
0x00007ffc967b0000 - 0x00007ffc967ce000 	C:\Users\System Bilgisayar\.vscode\extensions\redhat.java-1.42.0-win32-x64\jre\21.0.7-win32-x86_64\bin\VCRUNTIME140.dll
0x00007ffcab6c0000 - 0x00007ffcab85d000 	C:\WINDOWS\System32\USER32.dll
0x00007ffcaad30000 - 0x00007ffcaad52000 	C:\WINDOWS\System32\win32u.dll
0x00007ffcacb80000 - 0x00007ffcacbab000 	C:\WINDOWS\System32\GDI32.dll
0x00007ffcab3d0000 - 0x00007ffcab4ea000 	C:\WINDOWS\System32\gdi32full.dll
0x00007ffcab4f0000 - 0x00007ffcab58d000 	C:\WINDOWS\System32\msvcp_win.dll
0x00007ffc99820000 - 0x00007ffc99aba000 	C:\WINDOWS\WinSxS\amd64_microsoft.windows.common-controls_6595b64144ccf1df_6.0.19041.5794_none_60bcd33171f2783c\COMCTL32.dll
0x00007ffcad320000 - 0x00007ffcad3be000 	C:\WINDOWS\System32\msvcrt.dll
0x00007ffcaba10000 - 0x00007ffcaba3f000 	C:\WINDOWS\System32\IMM32.DLL
0x00007ffca68d0000 - 0x00007ffca68dc000 	C:\Users\System Bilgisayar\.vscode\extensions\redhat.java-1.42.0-win32-x64\jre\21.0.7-win32-x86_64\bin\vcruntime140_1.dll
0x00007ffc8fd90000 - 0x00007ffc8fe1d000 	C:\Users\System Bilgisayar\.vscode\extensions\redhat.java-1.42.0-win32-x64\jre\21.0.7-win32-x86_64\bin\msvcp140.dll
0x00007ffc6e010000 - 0x00007ffc6eda0000 	C:\Users\System Bilgisayar\.vscode\extensions\redhat.java-1.42.0-win32-x64\jre\21.0.7-win32-x86_64\bin\server\jvm.dll
0x00007ffcac5e0000 - 0x00007ffcac68f000 	C:\WINDOWS\System32\ADVAPI32.dll
0x00007ffcaca80000 - 0x00007ffcacb1f000 	C:\WINDOWS\System32\sechost.dll
0x00007ffcad450000 - 0x00007ffcad573000 	C:\WINDOWS\System32\RPCRT4.dll
0x00007ffcab590000 - 0x00007ffcab5b7000 	C:\WINDOWS\System32\bcrypt.dll
0x00007ffcad3c0000 - 0x00007ffcad42b000 	C:\WINDOWS\System32\WS2_32.dll
0x00007ffcaa270000 - 0x00007ffcaa2bb000 	C:\WINDOWS\SYSTEM32\POWRPROF.dll
0x00007ffc99ac0000 - 0x00007ffc99ae7000 	C:\WINDOWS\SYSTEM32\WINMM.dll
0x00007ffca2bd0000 - 0x00007ffca2bda000 	C:\WINDOWS\SYSTEM32\VERSION.dll
0x00007ffcaa130000 - 0x00007ffcaa142000 	C:\WINDOWS\SYSTEM32\UMPDC.dll
0x00007ffca9550000 - 0x00007ffca9562000 	C:\WINDOWS\SYSTEM32\kernel.appcore.dll
0x00007ffca3c90000 - 0x00007ffca3c9a000 	C:\Users\System Bilgisayar\.vscode\extensions\redhat.java-1.42.0-win32-x64\jre\21.0.7-win32-x86_64\bin\jimage.dll
0x00007ffca8a90000 - 0x00007ffca8c91000 	C:\WINDOWS\SYSTEM32\DBGHELP.DLL
0x00007ffc94910000 - 0x00007ffc94944000 	C:\WINDOWS\SYSTEM32\dbgcore.DLL
0x00007ffcaaec0000 - 0x00007ffcaaf42000 	C:\WINDOWS\System32\bcryptPrimitives.dll
0x00007ffca6910000 - 0x00007ffca691f000 	C:\Users\System Bilgisayar\.vscode\extensions\redhat.java-1.42.0-win32-x64\jre\21.0.7-win32-x86_64\bin\instrument.dll
0x00007ffc94860000 - 0x00007ffc9487f000 	C:\Users\System Bilgisayar\.vscode\extensions\redhat.java-1.42.0-win32-x64\jre\21.0.7-win32-x86_64\bin\java.dll
0x00007ffcacbb0000 - 0x00007ffcad31e000 	C:\WINDOWS\System32\SHELL32.dll
0x00007ffca8d90000 - 0x00007ffca9533000 	C:\WINDOWS\SYSTEM32\windows.storage.dll
0x00007ffcabab0000 - 0x00007ffcabe03000 	C:\WINDOWS\System32\combase.dll
0x00007ffcaa760000 - 0x00007ffcaa78b000 	C:\WINDOWS\SYSTEM32\Wldp.dll
0x00007ffcad580000 - 0x00007ffcad64d000 	C:\WINDOWS\System32\OLEAUT32.dll
0x00007ffcac7f0000 - 0x00007ffcac89d000 	C:\WINDOWS\System32\SHCORE.dll
0x00007ffcac580000 - 0x00007ffcac5d5000 	C:\WINDOWS\System32\shlwapi.dll
0x00007ffcaac60000 - 0x00007ffcaac85000 	C:\WINDOWS\SYSTEM32\profapi.dll
0x00007ffc93520000 - 0x00007ffc93538000 	C:\Users\System Bilgisayar\.vscode\extensions\redhat.java-1.42.0-win32-x64\jre\21.0.7-win32-x86_64\bin\zip.dll
0x00007ffca3c60000 - 0x00007ffca3c70000 	C:\Users\System Bilgisayar\.vscode\extensions\redhat.java-1.42.0-win32-x64\jre\21.0.7-win32-x86_64\bin\net.dll
0x00007ffca4260000 - 0x00007ffca436a000 	C:\WINDOWS\SYSTEM32\WINHTTP.dll
0x00007ffcaa4c0000 - 0x00007ffcaa52c000 	C:\WINDOWS\system32\mswsock.dll
0x00007ffc93500000 - 0x00007ffc93516000 	C:\Users\System Bilgisayar\.vscode\extensions\redhat.java-1.42.0-win32-x64\jre\21.0.7-win32-x86_64\bin\nio.dll
0x00007ffca68e0000 - 0x00007ffca68f0000 	C:\Users\System Bilgisayar\.vscode\extensions\redhat.java-1.42.0-win32-x64\jre\21.0.7-win32-x86_64\bin\verify.dll
0x00007ffc96e60000 - 0x00007ffc96e87000 	C:\Users\System Bilgisayar\.gradle\native\c067742578af261105cb4f569cf0c3c89f3d7b1fecec35dd04571415982c5e48\windows-amd64\native-platform.dll
0x00007ffc7c6e0000 - 0x00007ffc7c824000 	C:\Users\System Bilgisayar\.gradle\native\100fb08df4bc3b14c8652ba06237920a3bd2aa13389f12d3474272988ae205f9\windows-amd64\native-platform-file-events.dll
0x00007ffca3bf0000 - 0x00007ffca3bfa000 	C:\Users\System Bilgisayar\.vscode\extensions\redhat.java-1.42.0-win32-x64\jre\21.0.7-win32-x86_64\bin\management.dll
0x00007ffca3390000 - 0x00007ffca339b000 	C:\Users\System Bilgisayar\.vscode\extensions\redhat.java-1.42.0-win32-x64\jre\21.0.7-win32-x86_64\bin\management_ext.dll
0x00007ffcac950000 - 0x00007ffcac958000 	C:\WINDOWS\System32\PSAPI.DLL
0x00007ffcaa6c0000 - 0x00007ffcaa6d8000 	C:\WINDOWS\SYSTEM32\CRYPTSP.dll
0x00007ffca9d70000 - 0x00007ffca9da8000 	C:\WINDOWS\system32\rsaenh.dll
0x00007ffcaac20000 - 0x00007ffcaac4e000 	C:\WINDOWS\SYSTEM32\USERENV.dll
0x00007ffcaa6b0000 - 0x00007ffcaa6bc000 	C:\WINDOWS\SYSTEM32\CRYPTBASE.dll
0x00007ffcaa150000 - 0x00007ffcaa18b000 	C:\WINDOWS\SYSTEM32\IPHLPAPI.DLL
0x00007ffcaba40000 - 0x00007ffcaba48000 	C:\WINDOWS\System32\NSI.dll
0x00007ffca1810000 - 0x00007ffca1819000 	C:\Users\System Bilgisayar\.vscode\extensions\redhat.java-1.42.0-win32-x64\jre\21.0.7-win32-x86_64\bin\extnet.dll
0x00007ffca2f60000 - 0x00007ffca2f6e000 	C:\Users\System Bilgisayar\.vscode\extensions\redhat.java-1.42.0-win32-x64\jre\21.0.7-win32-x86_64\bin\sunmscapi.dll
0x00007ffcaad60000 - 0x00007ffcaaebd000 	C:\WINDOWS\System32\CRYPT32.dll
0x00007ffcaa7d0000 - 0x00007ffcaa7f7000 	C:\WINDOWS\SYSTEM32\ncrypt.dll
0x00007ffcaa790000 - 0x00007ffcaa7cb000 	C:\WINDOWS\SYSTEM32\NTASN1.dll
0x00007ffc99e20000 - 0x00007ffc99e27000 	C:\WINDOWS\system32\wshunix.dll

dbghelp: loaded successfully - version: 4.0.5 - missing functions: none
symbol engine: initialized successfully - sym options: 0x614 - pdb path: .;C:\Users\System Bilgisayar\.vscode\extensions\redhat.java-1.42.0-win32-x64\jre\21.0.7-win32-x86_64\bin;C:\WINDOWS\SYSTEM32;C:\WINDOWS\WinSxS\amd64_microsoft.windows.common-controls_6595b64144ccf1df_6.0.19041.5794_none_60bcd33171f2783c;C:\Users\System Bilgisayar\.vscode\extensions\redhat.java-1.42.0-win32-x64\jre\21.0.7-win32-x86_64\bin\server;C:\Users\System Bilgisayar\.gradle\native\c067742578af261105cb4f569cf0c3c89f3d7b1fecec35dd04571415982c5e48\windows-amd64;C:\Users\System Bilgisayar\.gradle\native\100fb08df4bc3b14c8652ba06237920a3bd2aa13389f12d3474272988ae205f9\windows-amd64

VM Arguments:
jvm_args: -XX:MaxMetaspaceSize=2G -XX:+HeapDumpOnOutOfMemoryError --add-opens=java.base/java.util=ALL-UNNAMED --add-opens=java.base/java.lang=ALL-UNNAMED --add-opens=java.base/java.lang.invoke=ALL-UNNAMED --add-opens=java.prefs/java.util.prefs=ALL-UNNAMED --add-exports=jdk.compiler/com.sun.tools.javac.api=ALL-UNNAMED --add-exports=jdk.compiler/com.sun.tools.javac.util=ALL-UNNAMED --add-opens=java.base/java.nio.charset=ALL-UNNAMED --add-opens=java.base/java.net=ALL-UNNAMED --add-opens=java.base/java.util.concurrent.atomic=ALL-UNNAMED -Xmx4G -Dfile.encoding=utf8 -Duser.country=TR -Duser.language=tr -Duser.variant -javaagent:C:\Users\System Bilgisayar\.gradle\wrapper\dists\gradle-8.9-bin\90cnw93cvbtalezasaz0blq0a\gradle-8.9\lib\agents\gradle-instrumentation-agent-8.9.jar 
java_command: org.gradle.launcher.daemon.bootstrap.GradleDaemon 8.9
java_class_path (initial): C:\Users\System Bilgisayar\.gradle\wrapper\dists\gradle-8.9-bin\90cnw93cvbtalezasaz0blq0a\gradle-8.9\lib\gradle-daemon-main-8.9.jar
Launcher Type: SUN_STANDARD

[Global flags]
     intx CICompilerCount                          = 3                                         {product} {ergonomic}
     uint ConcGCThreads                            = 1                                         {product} {ergonomic}
     uint G1ConcRefinementThreads                  = 4                                         {product} {ergonomic}
   size_t G1HeapRegionSize                         = 2097152                                   {product} {ergonomic}
    uintx GCDrainStackTargetSize                   = 64                                        {product} {ergonomic}
     bool HeapDumpOnOutOfMemoryError               = true                                   {manageable} {command line}
   size_t InitialHeapSize                          = 56623104                                  {product} {ergonomic}
   size_t MarkStackSize                            = 4194304                                   {product} {ergonomic}
   size_t MaxHeapSize                              = 4294967296                                {product} {command line}
   size_t MaxMetaspaceSize                         = 2147483648                                {product} {command line}
   size_t MaxNewSize                               = 2575302656                                {product} {ergonomic}
   size_t MinHeapDeltaBytes                        = 2097152                                   {product} {ergonomic}
   size_t MinHeapSize                              = 8388608                                   {product} {ergonomic}
    uintx NonNMethodCodeHeapSize                   = 5832780                                {pd product} {ergonomic}
    uintx NonProfiledCodeHeapSize                  = 122912730                              {pd product} {ergonomic}
    uintx ProfiledCodeHeapSize                     = 122912730                              {pd product} {ergonomic}
    uintx ReservedCodeCacheSize                    = 251658240                              {pd product} {ergonomic}
     bool SegmentedCodeCache                       = true                                      {product} {ergonomic}
   size_t SoftMaxHeapSize                          = 4294967296                             {manageable} {ergonomic}
     bool UseCompressedOops                        = true                           {product lp64_product} {ergonomic}
     bool UseG1GC                                  = true                                      {product} {ergonomic}
     bool UseLargePagesIndividualAllocation        = false                                  {pd product} {ergonomic}

Logging:
Log output configuration:
 #0: stdout all=warning uptime,level,tags foldmultilines=false
 #1: stderr all=off uptime,level,tags foldmultilines=false

Environment Variables:
JAVA_HOME=C:\Program Files\Java\jdk-23
PATH=C:\Program Files\flutter\bin;C:\Windows\system32;C:\Windows;C:\Windows\System32\Wbem;C:\Windows\System32\WindowsPowerShell\v1.0\;C:\Windows\System32\OpenSSH\;C:\Program Files\Microsoft SQL Server\150\Tools\Binn\;C:\WINDOWS\system32;C:\WINDOWS;C:\WINDOWS\System32\Wbem;C:\WINDOWS\System32\WindowsPowerShell\v1.0\;C:\WINDOWS\System32\OpenSSH\;C:\Program Files (x86)\Git\cmd;C:\Program Files\Java\jdk-23;C:\xampp\php;C:\composer;C:\nodejs;C:\Program Files\nodejs\;C:\Users\System Bilgisayar\AppData\Local\Pub\Cache\bin;C:\Program Files\MySQL\MySQL Shell 8.0\bin\;E:\Anaconda;C:\Program Files\flutter\bin;E: \Anaconda\Library\mingw-64\bin;E:\Anaconda\Library\usr\bin;E:\Anaconda\Library\bin;E:\Anaconda\Scripts;C:\Users\System Bilgisayar\AppData\Local\Microsoft\WindowsApps;C:\Program Files\JetBrains\IntelliJ IDEA Community Edition 2022.2.3\bin;;C:\Users\System Bilgisayar\AppData\Local\Programs\Microsoft VS Code\bin;C:\Program Files\Git\bin\;C:\Program Files\Java\jdk-23\bin;C:\dart-sdk\bin;C:\Users\System Bilgisayar\AppData\Roaming\Composer\vendor\bin;C:\Users\System Bilgisayar\AppData\Local\Microsoft\WinGet\Links;C:\Users\System Bilgisayar\AppData\Roaming\npm
USERNAME=System Bilgisayar
OS=Windows_NT
PROCESSOR_IDENTIFIER=Intel64 Family 6 Model 142 Stepping 9, GenuineIntel
TMP=C:\Users\SYSTEM~1\AppData\Local\Temp
TEMP=C:\Users\SYSTEM~1\AppData\Local\Temp




Periodic native trim disabled

---------------  S Y S T E M  ---------------

OS:
 Windows 10 , 64 bit Build 19041 (10.0.19041.5794)
OS uptime: 16 days 0:35 hours

CPU: total 4 (initial active 4) (2 cores per cpu, 2 threads per core) family 6 model 142 stepping 9 microcode 0xb4, cx8, cmov, fxsr, ht, mmx, 3dnowpref, sse, sse2, sse3, ssse3, sse4.1, sse4.2, popcnt, lzcnt, tsc, tscinvbit, avx, avx2, aes, erms, clmul, bmi1, bmi2, adx, fma, vzeroupper, clflush, clflushopt, rdtscp, f16c
Processor Information for the first 4 processors :
  Max Mhz: 2712, Current Mhz: 2511, Mhz Limit: 2495

Memory: 4k page, system-wide physical 3345M (128M free)
TotalPageFile size 13585M (AvailPageFile size 196M)
current process WorkingSet (physical memory assigned to process): 165M, peak: 331M
current process commit charge ("private bytes"): 828M, peak: 1236M

vm_info: OpenJDK 64-Bit Server VM (21.0.7+6-LTS) for windows-amd64 JRE (21.0.7+6-LTS), built on 2025-04-15T00:00:00Z by "admin" with MS VC++ 17.7 (VS2022)

END.
