#
# There is insufficient memory for the Java Runtime Environment to continue.
# Native memory allocation (mmap) failed to map 622854144 bytes. Error detail: G1 virtual space
# Possible reasons:
#   The system is out of physical RAM or swap space
#   This process is running with CompressedOops enabled, and the Java Heap may be blocking the growth of the native heap
# Possible solutions:
#   Reduce memory load on the system
#   Increase physical memory or swap space
#   Check if swap backing store is full
#   Decrease Java heap size (-Xmx/-Xms)
#   Decrease number of Java threads
#   Decrease Java thread stack sizes (-Xss)
#   Set larger code cache with -XX:ReservedCodeCacheSize=
#   JVM is running with Zero Based Compressed Oops mode in which the Java heap is
#     placed in the first 32GB address space. The Java Heap base address is the
#     maximum limit for the native heap growth. Please use -XX:HeapBaseMinAddress
#     to set the Java Heap base and to place the Java Heap above 32GB virtual address.
# This output file may be truncated or incomplete.
#
#  Out of Memory Error (os_windows.cpp:3686), pid=15188, tid=5924
#
# JRE version: OpenJDK Runtime Environment Temurin-21.0.7+6 (21.0.7+6) (build 21.0.7+6-LTS)
# Java VM: OpenJDK 64-Bit Server VM Temurin-21.0.7+6 (21.0.7+6-LTS, mixed mode, sharing, tiered, compressed oops, compressed class ptrs, g1 gc, windows-amd64)
# No core dump will be written. Minidumps are not enabled by default on client versions of Windows
#

---------------  S U M M A R Y ------------

Command Line: -XX:MaxMetaspaceSize=2G -XX:+HeapDumpOnOutOfMemoryError --add-opens=java.base/java.util=ALL-UNNAMED --add-opens=java.base/java.lang=ALL-UNNAMED --add-opens=java.base/java.lang.invoke=ALL-UNNAMED --add-opens=java.prefs/java.util.prefs=ALL-UNNAMED --add-exports=jdk.compiler/com.sun.tools.javac.api=ALL-UNNAMED --add-exports=jdk.compiler/com.sun.tools.javac.util=ALL-UNNAMED --add-opens=java.base/java.nio.charset=ALL-UNNAMED --add-opens=java.base/java.net=ALL-UNNAMED --add-opens=java.base/java.util.concurrent.atomic=ALL-UNNAMED -Xmx4G -Dfile.encoding=utf8 -Duser.country=TR -Duser.language=tr -Duser.variant -javaagent:C:\Users\System Bilgisayar\.gradle\wrapper\dists\gradle-8.9-bin\90cnw93cvbtalezasaz0blq0a\gradle-8.9\lib\agents\gradle-instrumentation-agent-8.9.jar org.gradle.launcher.daemon.bootstrap.GradleDaemon 8.9

Host: Intel(R) Core(TM) i5-7200U CPU @ 2.50GHz, 4 cores, 3G,  Windows 10 , 64 bit Build 19041 (10.0.19041.5794)
Time: Sun Jun 15 15:03:07 2025 Türkiye Standart Saati elapsed time: 200.544686 seconds (0d 0h 3m 20s)

---------------  T H R E A D  ---------------

Current thread (0x000002077b52e8d0):  VMThread "VM Thread"          [id=5924, stack(0x000000f558200000,0x000000f558300000) (1024K)]

Stack: [0x000000f558200000,0x000000f558300000]
Native frames: (J=compiled Java code, j=interpreted, Vv=VM code, C=native code)
V  [jvm.dll+0x6ce119]
V  [jvm.dll+0x8a84a1]
V  [jvm.dll+0x8aa9ce]
V  [jvm.dll+0x8ab0b3]
V  [jvm.dll+0x27f8a6]
V  [jvm.dll+0x6ca945]
V  [jvm.dll+0x6bebea]
V  [jvm.dll+0x355eca]
V  [jvm.dll+0x35da96]
V  [jvm.dll+0x3af72e]
V  [jvm.dll+0x3af9d8]
V  [jvm.dll+0x32a05c]
V  [jvm.dll+0x32a0e7]
V  [jvm.dll+0x36deac]
V  [jvm.dll+0x36c6f8]
V  [jvm.dll+0x329821]
V  [jvm.dll+0x36bd6a]
V  [jvm.dll+0x8b0dcf]
V  [jvm.dll+0x8b2154]
V  [jvm.dll+0x8b2690]
V  [jvm.dll+0x8b2933]
V  [jvm.dll+0x851f6b]
V  [jvm.dll+0x6cc7dd]
C  [ucrtbase.dll+0x21bb2]
C  [KERNEL32.DLL+0x17374]
C  [ntdll.dll+0x4cc91]

VM_Operation (0x000000f55dcfa570): G1CollectForAllocation, mode: safepoint, requested by thread 0x000002075f6ed670


---------------  P R O C E S S  ---------------

Threads class SMR info:
_java_thread_list=0x000002075fe01e40, length=89, elements={
0x000002077b4627b0, 0x000002077fac7460, 0x000002077fac8320, 0x000002077facc260,
0x000002077facccb0, 0x000002077facd700, 0x000002077face150, 0x000002077faceed0,
0x000002077fae98c0, 0x000002077fbb00f0, 0x000002077fd7b760, 0x000002075ac00a40,
0x000002075b67c7b0, 0x000002075b1a8930, 0x000002075b6c6b90, 0x000002075b76c390,
0x000002077fb5e8d0, 0x000002075b751530, 0x000002075b751b90, 0x000002077fe6d750,
0x000002077fe6feb0, 0x000002077fe6eb00, 0x000002077fe6dde0, 0x000002077fe70540,
0x000002077fe6f190, 0x000002077fe6e470, 0x000002077fe70bd0, 0x000002075b60e040,
0x000002075b6121e0, 0x000002075b614fd0, 0x000002075b614940, 0x000002075b615660,
0x000002075b60e6d0, 0x000002075b60ed60, 0x000002075b60f3f0, 0x000002075b612f00,
0x000002075b613c20, 0x000002075b6114c0, 0x000002075b612870, 0x000002075b610e30,
0x000002075b613590, 0x000002075c8a0c00, 0x000002075c8a2640, 0x000002075c8a1290,
0x000002075c89f1c0, 0x000002075c8a1fb0, 0x000002075c89f850, 0x000002075c8a1920,
0x000002075c8a3360, 0x000002075c8a2cd0, 0x000002075c8a4080, 0x000002075c8a39f0,
0x000002075c8a5430, 0x000002075c8a4710, 0x000002075e652320, 0x000002075e651c90,
0x000002075e6536d0, 0x000002075e650250, 0x000002075e6508e0, 0x000002075e6529b0,
0x000002075e6557a0, 0x000002075e653040, 0x000002075e655110, 0x000002075fa0a020,
0x000002075fa06510, 0x000002075fa07230, 0x000002075fa05160, 0x000002075fa03090,
0x000002075fa09990, 0x000002075fa0a6b0, 0x000002075fa057f0, 0x000002075fa04ad0,
0x000002075e654a80, 0x000002075e655e30, 0x000002075e651600, 0x000002075e656b50,
0x000002075e657870, 0x000002075e650f70, 0x000002075c8a5ac0, 0x000002075c89fee0,
0x000002075c89eb30, 0x000002075c8a6150, 0x0000020766798120, 0x000002075f6ef740,
0x000002075f6ecfe0, 0x000002075f6ea880, 0x000002075f6eea20, 0x000002075f6eaf10,
0x000002075f6ed670
}

Java Threads: ( => current thread )
  0x000002077b4627b0 JavaThread "main"                              [_thread_blocked, id=2444, stack(0x000000f557b00000,0x000000f557c00000) (1024K)]
  0x000002077fac7460 JavaThread "Reference Handler"          daemon [_thread_blocked, id=10756, stack(0x000000f558400000,0x000000f558500000) (1024K)]
  0x000002077fac8320 JavaThread "Finalizer"                  daemon [_thread_blocked, id=15352, stack(0x000000f558500000,0x000000f558600000) (1024K)]
  0x000002077facc260 JavaThread "Signal Dispatcher"          daemon [_thread_blocked, id=11704, stack(0x000000f558600000,0x000000f558700000) (1024K)]
  0x000002077facccb0 JavaThread "Attach Listener"            daemon [_thread_blocked, id=14668, stack(0x000000f558700000,0x000000f558800000) (1024K)]
  0x000002077facd700 JavaThread "Service Thread"             daemon [_thread_blocked, id=7012, stack(0x000000f558800000,0x000000f558900000) (1024K)]
  0x000002077face150 JavaThread "Monitor Deflation Thread"   daemon [_thread_blocked, id=5108, stack(0x000000f558900000,0x000000f558a00000) (1024K)]
  0x000002077faceed0 JavaThread "C2 CompilerThread0"         daemon [_thread_blocked, id=13332, stack(0x000000f558a00000,0x000000f558b00000) (1024K)]
  0x000002077fae98c0 JavaThread "C1 CompilerThread0"         daemon [_thread_blocked, id=3212, stack(0x000000f558b00000,0x000000f558c00000) (1024K)]
  0x000002077fbb00f0 JavaThread "Common-Cleaner"             daemon [_thread_blocked, id=11284, stack(0x000000f558c00000,0x000000f558d00000) (1024K)]
  0x000002077fd7b760 JavaThread "Notification Thread"        daemon [_thread_blocked, id=10008, stack(0x000000f558d00000,0x000000f558e00000) (1024K)]
  0x000002075ac00a40 JavaThread "Daemon health stats"               [_thread_blocked, id=8488, stack(0x000000f559100000,0x000000f559200000) (1024K)]
  0x000002075b67c7b0 JavaThread "Incoming local TCP Connector on port 61437"        [_thread_in_native, id=9740, stack(0x000000f559200000,0x000000f559300000) (1024K)]
  0x000002075b1a8930 JavaThread "Daemon periodic checks"            [_thread_blocked, id=12388, stack(0x000000f559300000,0x000000f559400000) (1024K)]
  0x000002075b6c6b90 JavaThread "Daemon"                            [_thread_blocked, id=4540, stack(0x000000f559400000,0x000000f559500000) (1024K)]
  0x000002075b76c390 JavaThread "Handler for socket connection from /127.0.0.1:61437 to /127.0.0.1:61438"        [_thread_in_native, id=5464, stack(0x000000f559500000,0x000000f559600000) (1024K)]
  0x000002077fb5e8d0 JavaThread "Cancel handler"                    [_thread_blocked, id=6400, stack(0x000000f559600000,0x000000f559700000) (1024K)]
  0x000002075b751530 JavaThread "Daemon worker"                     [_thread_blocked, id=756, stack(0x000000f559700000,0x000000f559800000) (1024K)]
  0x000002075b751b90 JavaThread "Asynchronous log dispatcher for DefaultDaemonConnection: socket connection from /127.0.0.1:61437 to /127.0.0.1:61438"        [_thread_blocked, id=7440, stack(0x000000f559800000,0x000000f559900000) (1024K)]
  0x000002077fe6d750 JavaThread "Stdin handler"                     [_thread_blocked, id=15000, stack(0x000000f559900000,0x000000f559a00000) (1024K)]
  0x000002077fe6feb0 JavaThread "Daemon client event forwarder"        [_thread_blocked, id=13660, stack(0x000000f559a00000,0x000000f559b00000) (1024K)]
  0x000002077fe6eb00 JavaThread "Cache worker for journal cache (C:\Users\System Bilgisayar\.gradle\caches\journal-1)"        [_thread_blocked, id=10464, stack(0x000000f559b00000,0x000000f559c00000) (1024K)]
  0x000002077fe6dde0 JavaThread "File lock request listener"        [_thread_in_native, id=12240, stack(0x000000f559c00000,0x000000f559d00000) (1024K)]
  0x000002077fe70540 JavaThread "Cache worker for file hash cache (C:\Users\System Bilgisayar\.gradle\caches\8.9\fileHashes)"        [_thread_blocked, id=9756, stack(0x000000f559d00000,0x000000f559e00000) (1024K)]
  0x000002077fe6f190 JavaThread "Cache worker for file hash cache (C:\Users\System Bilgisayar\CV\cv\android\.gradle\8.9\fileHashes)"        [_thread_blocked, id=14632, stack(0x000000f559e00000,0x000000f559f00000) (1024K)]
  0x000002077fe6e470 JavaThread "Cache worker for Build Output Cleanup Cache (C:\Users\System Bilgisayar\CV\cv\android\.gradle\buildOutputCleanup)"        [_thread_blocked, id=13108, stack(0x000000f559f00000,0x000000f55a000000) (1024K)]
  0x000002077fe70bd0 JavaThread "File watcher server"        daemon [_thread_in_native, id=8852, stack(0x000000f55a000000,0x000000f55a100000) (1024K)]
  0x000002075b60e040 JavaThread "File watcher consumer"      daemon [_thread_blocked, id=13288, stack(0x000000f55a100000,0x000000f55a200000) (1024K)]
  0x000002075b6121e0 JavaThread "jar transforms"                    [_thread_blocked, id=10328, stack(0x000000f55a200000,0x000000f55a300000) (1024K)]
  0x000002075b614fd0 JavaThread "jar transforms Thread 2"           [_thread_blocked, id=10348, stack(0x000000f55a300000,0x000000f55a400000) (1024K)]
  0x000002075b614940 JavaThread "jar transforms Thread 3"           [_thread_blocked, id=2928, stack(0x000000f55a400000,0x000000f55a500000) (1024K)]
  0x000002075b615660 JavaThread "Cache worker for checksums cache (C:\Users\System Bilgisayar\CV\cv\android\.gradle\8.9\checksums)"        [_thread_blocked, id=13888, stack(0x000000f55a500000,0x000000f55a600000) (1024K)]
  0x000002075b60e6d0 JavaThread "Cache worker for file content cache (C:\Users\System Bilgisayar\.gradle\caches\8.9\fileContent)"        [_thread_blocked, id=12560, stack(0x000000f55a600000,0x000000f55a700000) (1024K)]
  0x000002075b60ed60 JavaThread "Cache worker for cache directory md-rule (C:\Users\System Bilgisayar\.gradle\caches\8.9\md-rule)"        [_thread_blocked, id=3012, stack(0x000000f55a700000,0x000000f55a800000) (1024K)]
  0x000002075b60f3f0 JavaThread "Cache worker for cache directory md-supplier (C:\Users\System Bilgisayar\.gradle\caches\8.9\md-supplier)"        [_thread_blocked, id=7916, stack(0x000000f55a800000,0x000000f55a900000) (1024K)]
  0x000002075b612f00 JavaThread "jar transforms Thread 4"           [_thread_blocked, id=4308, stack(0x000000f55a900000,0x000000f55aa00000) (1024K)]
  0x000002075b613c20 JavaThread "Cache worker for Build Output Cleanup Cache (C:\Program Files\flutter\packages\flutter_tools\gradle\.gradle\buildOutputCleanup)"        [_thread_blocked, id=13268, stack(0x000000f55aa00000,0x000000f55ab00000) (1024K)]
  0x000002075b6114c0 JavaThread "Memory manager"                    [_thread_blocked, id=7860, stack(0x000000f55ab00000,0x000000f55ac00000) (1024K)]
  0x000002075b612870 JavaThread "Execution worker"                  [_thread_blocked, id=4524, stack(0x000000f55ad00000,0x000000f55ae00000) (1024K)]
  0x000002075b610e30 JavaThread "Execution worker Thread 2"         [_thread_blocked, id=15232, stack(0x000000f55ae00000,0x000000f55af00000) (1024K)]
  0x000002075b613590 JavaThread "Execution worker Thread 3"         [_thread_blocked, id=14800, stack(0x000000f55af00000,0x000000f55b000000) (1024K)]
  0x000002075c8a0c00 JavaThread "Cache worker for execution history cache (C:\Program Files\flutter\packages\flutter_tools\gradle\.gradle\8.9\executionHistory)"        [_thread_blocked, id=13956, stack(0x000000f55b000000,0x000000f55b100000) (1024K)]
  0x000002075c8a2640 JavaThread "Unconstrained build operations"        [_thread_blocked, id=11924, stack(0x000000f55b100000,0x000000f55b200000) (1024K)]
  0x000002075c8a1290 JavaThread "Unconstrained build operations Thread 2"        [_thread_blocked, id=4064, stack(0x000000f55b200000,0x000000f55b300000) (1024K)]
  0x000002075c89f1c0 JavaThread "Unconstrained build operations Thread 3"        [_thread_blocked, id=8404, stack(0x000000f55b300000,0x000000f55b400000) (1024K)]
  0x000002075c8a1fb0 JavaThread "Unconstrained build operations Thread 4"        [_thread_blocked, id=12420, stack(0x000000f55b400000,0x000000f55b500000) (1024K)]
  0x000002075c89f850 JavaThread "Unconstrained build operations Thread 5"        [_thread_blocked, id=5888, stack(0x000000f55b500000,0x000000f55b600000) (1024K)]
  0x000002075c8a1920 JavaThread "Unconstrained build operations Thread 6"        [_thread_blocked, id=10308, stack(0x000000f55b600000,0x000000f55b700000) (1024K)]
  0x000002075c8a3360 JavaThread "Unconstrained build operations Thread 7"        [_thread_blocked, id=4660, stack(0x000000f55b700000,0x000000f55b800000) (1024K)]
  0x000002075c8a2cd0 JavaThread "Unconstrained build operations Thread 8"        [_thread_blocked, id=12808, stack(0x000000f55b800000,0x000000f55b900000) (1024K)]
  0x000002075c8a4080 JavaThread "Unconstrained build operations Thread 9"        [_thread_blocked, id=8252, stack(0x000000f55b900000,0x000000f55ba00000) (1024K)]
  0x000002075c8a39f0 JavaThread "Unconstrained build operations Thread 10"        [_thread_blocked, id=13544, stack(0x000000f55ba00000,0x000000f55bb00000) (1024K)]
  0x000002075c8a5430 JavaThread "Unconstrained build operations Thread 11"        [_thread_blocked, id=14648, stack(0x000000f55bb00000,0x000000f55bc00000) (1024K)]
  0x000002075c8a4710 JavaThread "Unconstrained build operations Thread 12"        [_thread_blocked, id=14024, stack(0x000000f55bc00000,0x000000f55bd00000) (1024K)]
  0x000002075e652320 JavaThread "Unconstrained build operations Thread 13"        [_thread_blocked, id=12740, stack(0x000000f557900000,0x000000f557a00000) (1024K)]
  0x000002075e651c90 JavaThread "Unconstrained build operations Thread 14"        [_thread_blocked, id=2236, stack(0x000000f557a00000,0x000000f557b00000) (1024K)]
  0x000002075e6536d0 JavaThread "Unconstrained build operations Thread 15"        [_thread_blocked, id=4516, stack(0x000000f558300000,0x000000f558400000) (1024K)]
  0x000002075e650250 JavaThread "Unconstrained build operations Thread 16"        [_thread_blocked, id=12756, stack(0x000000f55bd00000,0x000000f55be00000) (1024K)]
  0x000002075e6508e0 JavaThread "Unconstrained build operations Thread 17"        [_thread_blocked, id=7232, stack(0x000000f55be00000,0x000000f55bf00000) (1024K)]
  0x000002075e6529b0 JavaThread "Unconstrained build operations Thread 18"        [_thread_blocked, id=6504, stack(0x000000f55bf00000,0x000000f55c000000) (1024K)]
  0x000002075e6557a0 JavaThread "Unconstrained build operations Thread 19"        [_thread_blocked, id=7680, stack(0x000000f55c000000,0x000000f55c100000) (1024K)]
  0x000002075e653040 JavaThread "Unconstrained build operations Thread 20"        [_thread_blocked, id=8080, stack(0x000000f55c100000,0x000000f55c200000) (1024K)]
  0x000002075e655110 JavaThread "Unconstrained build operations Thread 21"        [_thread_blocked, id=6780, stack(0x000000f55c200000,0x000000f55c300000) (1024K)]
  0x000002075fa0a020 JavaThread "Unconstrained build operations Thread 22"        [_thread_blocked, id=10324, stack(0x000000f55ac00000,0x000000f55ad00000) (1024K)]
  0x000002075fa06510 JavaThread "Unconstrained build operations Thread 23"        [_thread_blocked, id=11256, stack(0x000000f55c300000,0x000000f55c400000) (1024K)]
  0x000002075fa07230 JavaThread "Unconstrained build operations Thread 24"        [_thread_blocked, id=8056, stack(0x000000f55c400000,0x000000f55c500000) (1024K)]
  0x000002075fa05160 JavaThread "Unconstrained build operations Thread 25"        [_thread_blocked, id=11340, stack(0x000000f55c500000,0x000000f55c600000) (1024K)]
  0x000002075fa03090 JavaThread "Unconstrained build operations Thread 26"        [_thread_blocked, id=9704, stack(0x000000f55c600000,0x000000f55c700000) (1024K)]
  0x000002075fa09990 JavaThread "Unconstrained build operations Thread 27"        [_thread_blocked, id=6252, stack(0x000000f55c700000,0x000000f55c800000) (1024K)]
  0x000002075fa0a6b0 JavaThread "Unconstrained build operations Thread 28"        [_thread_blocked, id=14084, stack(0x000000f55c800000,0x000000f55c900000) (1024K)]
  0x000002075fa057f0 JavaThread "Unconstrained build operations Thread 29"        [_thread_blocked, id=11664, stack(0x000000f55c900000,0x000000f55ca00000) (1024K)]
  0x000002075fa04ad0 JavaThread "Unconstrained build operations Thread 30"        [_thread_blocked, id=10536, stack(0x000000f55ca00000,0x000000f55cb00000) (1024K)]
  0x000002075e654a80 JavaThread "Unconstrained build operations Thread 31"        [_thread_blocked, id=9524, stack(0x000000f55cb00000,0x000000f55cc00000) (1024K)]
  0x000002075e655e30 JavaThread "Unconstrained build operations Thread 32"        [_thread_blocked, id=4104, stack(0x000000f55cc00000,0x000000f55cd00000) (1024K)]
  0x000002075e651600 JavaThread "Unconstrained build operations Thread 33"        [_thread_blocked, id=3592, stack(0x000000f55cd00000,0x000000f55ce00000) (1024K)]
  0x000002075e656b50 JavaThread "Unconstrained build operations Thread 34"        [_thread_blocked, id=1900, stack(0x000000f55ce00000,0x000000f55cf00000) (1024K)]
  0x000002075e657870 JavaThread "Unconstrained build operations Thread 35"        [_thread_blocked, id=5720, stack(0x000000f55cf00000,0x000000f55d000000) (1024K)]
  0x000002075e650f70 JavaThread "Unconstrained build operations Thread 36"        [_thread_blocked, id=12064, stack(0x000000f55d000000,0x000000f55d100000) (1024K)]
  0x000002075c8a5ac0 JavaThread "Unconstrained build operations Thread 37"        [_thread_blocked, id=13632, stack(0x000000f55d100000,0x000000f55d200000) (1024K)]
  0x000002075c89fee0 JavaThread "Unconstrained build operations Thread 38"        [_thread_blocked, id=14940, stack(0x000000f55d200000,0x000000f55d300000) (1024K)]
  0x000002075c89eb30 JavaThread "Unconstrained build operations Thread 39"        [_thread_blocked, id=11060, stack(0x000000f55d300000,0x000000f55d400000) (1024K)]
  0x000002075c8a6150 JavaThread "Unconstrained build operations Thread 40"        [_thread_blocked, id=2500, stack(0x000000f55d400000,0x000000f55d500000) (1024K)]
  0x0000020766798120 JavaThread "pool-3-thread-1"                   [_thread_blocked, id=5216, stack(0x000000f55d500000,0x000000f55d600000) (1024K)]
  0x000002075f6ef740 JavaThread "included builds Thread 2"          [_thread_blocked, id=640, stack(0x000000f55d600000,0x000000f55d700000) (1024K)]
  0x000002075f6ecfe0 JavaThread "Cache worker for execution history cache (C:\Users\System Bilgisayar\CV\cv\android\.gradle\8.9\executionHistory)"        [_thread_blocked, id=9824, stack(0x000000f55d700000,0x000000f55d800000) (1024K)]
  0x000002075f6ea880 JavaThread "Exec process"                      [_thread_blocked, id=4376, stack(0x000000f55d900000,0x000000f55da00000) (1024K)]
  0x000002075f6eea20 JavaThread "Exec process Thread 2"             [_thread_blocked, id=2424, stack(0x000000f55da00000,0x000000f55db00000) (1024K)]
  0x000002075f6eaf10 JavaThread "Exec process Thread 3"             [_thread_blocked, id=8264, stack(0x000000f55db00000,0x000000f55dc00000) (1024K)]
  0x000002075f6ed670 JavaThread "pool-2-thread-1"                   [_thread_blocked, id=10980, stack(0x000000f55dc00000,0x000000f55dd00000) (1024K)]
Total: 89

Other Threads:
=>0x000002077b52e8d0 VMThread "VM Thread"                           [id=5924, stack(0x000000f558200000,0x000000f558300000) (1024K)]
  0x000002077b51e720 WatcherThread "VM Periodic Task Thread"        [id=7856, stack(0x000000f558100000,0x000000f558200000) (1024K)]
  0x000002077b4c6e20 WorkerThread "GC Thread#0"                     [id=15012, stack(0x000000f557c00000,0x000000f557d00000) (1024K)]
  0x000002077fda2a50 WorkerThread "GC Thread#1"                     [id=820, stack(0x000000f558e00000,0x000000f558f00000) (1024K)]
  0x000002077fe25150 WorkerThread "GC Thread#2"                     [id=11820, stack(0x000000f558f00000,0x000000f559000000) (1024K)]
  0x000002077fc4e5f0 WorkerThread "GC Thread#3"                     [id=11680, stack(0x000000f559000000,0x000000f559100000) (1024K)]
  0x000002077b4d8e10 ConcurrentGCThread "G1 Main Marker"            [id=14132, stack(0x000000f557d00000,0x000000f557e00000) (1024K)]
  0x000002077b4dbc20 WorkerThread "G1 Conc#0"                       [id=5188, stack(0x000000f557e00000,0x000000f557f00000) (1024K)]
  0x000002077b509390 ConcurrentGCThread "G1 Refine#0"               [id=8504, stack(0x000000f557f00000,0x000000f558000000) (1024K)]
  0x000002077b50ae10 ConcurrentGCThread "G1 Service"                [id=5484, stack(0x000000f558000000,0x000000f558100000) (1024K)]
Total: 10

Threads with active compile tasks:
C2 CompilerThread0  200624 17237       4       com.google.common.collect.MapMakerInternalMap$Segment::expand (276 bytes)
Total: 1

VM state: at safepoint (normal execution)

VM Mutex/Monitor currently owned by a thread:  ([mutex/lock_event])
[0x00007ffc6f9de308] Threads_lock - owner thread: 0x000002077b52e8d0
[0x00007ffc6f9de408] Heap_lock - owner thread: 0x000002075f6ed670

Heap address: 0x0000000700000000, size: 4096 MB, Compressed Oops mode: Zero based, Oop shift amount: 3

CDS archive(s) mapped at: [0x0000020715000000-0x0000020715ba0000-0x0000020715ba0000), size 12189696, SharedBaseAddress: 0x0000020715000000, ArchiveRelocationMode: 1.
Compressed class space mapped at: 0x0000020716000000-0x0000020756000000, reserved size: 1073741824
Narrow klass base: 0x0000020715000000, Narrow klass shift: 0, Narrow klass range: 0x100000000

GC Precious Log:
 CardTable entry size: 512
 Card Set container configuration: InlinePtr #cards 4 size 8 Array Of Cards #cards 16 size 48 Howl #buckets 8 coarsen threshold 3686 Howl Bitmap #cards 512 size 80 coarsen threshold 460 Card regions per heap region 1 cards per card region 4096
 CPUs: 4 total, 4 available
 Memory: 3345M
 Large Page Support: Disabled
 NUMA Support: Disabled
 Compressed Oops: Enabled (Zero based)
 Heap Region Size: 2M
 Heap Min Capacity: 8M
 Heap Initial Capacity: 54M
 Heap Max Capacity: 4G
 Pre-touch: Disabled
 Parallel Workers: 4
 Concurrent Workers: 1
 Concurrent Refinement Workers: 4
 Periodic GC: Disabled

Heap:
 garbage-first heap   total 497664K, used 247018K [0x0000000700000000, 0x0000000800000000)
  region size 2048K, 2 young (4096K), 2 survivors (4096K)
 Metaspace       used 110167K, committed 112896K, reserved 1179648K
  class space    used 15304K, committed 16640K, reserved 1048576K

Heap Regions: E=young(eden), S=young(survivor), O=old, HS=humongous(starts), HC=humongous(continues), CS=collection set, F=free, TAMS=top-at-mark-start, PB=parsable bottom
|   0|0x0000000700000000, 0x0000000700200000, 0x0000000700200000|100%|HS|  |TAMS 0x0000000700000000| PB 0x0000000700000000| Complete 
|   1|0x0000000700200000, 0x0000000700400000, 0x0000000700400000|100%|HC|  |TAMS 0x0000000700200000| PB 0x0000000700200000| Complete 
|   2|0x0000000700400000, 0x0000000700600000, 0x0000000700600000|100%| O|  |TAMS 0x0000000700400000| PB 0x0000000700400000| Untracked 
|   3|0x0000000700600000, 0x0000000700800000, 0x0000000700800000|100%| O|  |TAMS 0x0000000700600000| PB 0x0000000700600000| Untracked 
|   4|0x0000000700800000, 0x0000000700a00000, 0x0000000700a00000|100%| O|  |TAMS 0x0000000700800000| PB 0x0000000700800000| Untracked 
|   5|0x0000000700a00000, 0x0000000700c00000, 0x0000000700c00000|100%| O|  |TAMS 0x0000000700a00000| PB 0x0000000700a00000| Untracked 
|   6|0x0000000700c00000, 0x0000000700e00000, 0x0000000700e00000|100%| O|  |TAMS 0x0000000700c00000| PB 0x0000000700c00000| Untracked 
|   7|0x0000000700e00000, 0x0000000701000000, 0x0000000701000000|100%| O|  |TAMS 0x0000000700e00000| PB 0x0000000700e00000| Untracked 
|   8|0x0000000701000000, 0x0000000701200000, 0x0000000701200000|100%| O|  |TAMS 0x0000000701000000| PB 0x0000000701000000| Untracked 
|   9|0x0000000701200000, 0x0000000701400000, 0x0000000701400000|100%| O|  |TAMS 0x0000000701200000| PB 0x0000000701200000| Untracked 
|  10|0x0000000701400000, 0x0000000701600000, 0x0000000701600000|100%| O|  |TAMS 0x0000000701400000| PB 0x0000000701400000| Untracked 
|  11|0x0000000701600000, 0x0000000701800000, 0x0000000701800000|100%| O|  |TAMS 0x0000000701600000| PB 0x0000000701600000| Untracked 
|  12|0x0000000701800000, 0x0000000701a00000, 0x0000000701a00000|100%| O|  |TAMS 0x0000000701800000| PB 0x0000000701800000| Untracked 
|  13|0x0000000701a00000, 0x0000000701c00000, 0x0000000701c00000|100%| O|  |TAMS 0x0000000701a00000| PB 0x0000000701a00000| Untracked 
|  14|0x0000000701c00000, 0x0000000701e00000, 0x0000000701e00000|100%| O|  |TAMS 0x0000000701c00000| PB 0x0000000701c00000| Untracked 
|  15|0x0000000701e00000, 0x0000000702000000, 0x0000000702000000|100%| O|  |TAMS 0x0000000701e00000| PB 0x0000000701e00000| Untracked 
|  16|0x0000000702000000, 0x0000000702200000, 0x0000000702200000|100%| O|  |TAMS 0x0000000702000000| PB 0x0000000702000000| Untracked 
|  17|0x0000000702200000, 0x0000000702400000, 0x0000000702400000|100%| O|  |TAMS 0x0000000702200000| PB 0x0000000702200000| Untracked 
|  18|0x0000000702400000, 0x0000000702600000, 0x0000000702600000|100%| O|  |TAMS 0x0000000702400000| PB 0x0000000702400000| Untracked 
|  19|0x0000000702600000, 0x0000000702800000, 0x0000000702800000|100%| O|  |TAMS 0x0000000702600000| PB 0x0000000702600000| Untracked 
|  20|0x0000000702800000, 0x0000000702a00000, 0x0000000702a00000|100%| O|  |TAMS 0x0000000702800000| PB 0x0000000702800000| Untracked 
|  21|0x0000000702a00000, 0x0000000702c00000, 0x0000000702c00000|100%| O|  |TAMS 0x0000000702a00000| PB 0x0000000702a00000| Untracked 
|  22|0x0000000702c00000, 0x0000000702e00000, 0x0000000702e00000|100%| O|  |TAMS 0x0000000702c00000| PB 0x0000000702c00000| Untracked 
|  23|0x0000000702e00000, 0x0000000703000000, 0x0000000703000000|100%| O|  |TAMS 0x0000000702e00000| PB 0x0000000702e00000| Untracked 
|  24|0x0000000703000000, 0x0000000703200000, 0x0000000703200000|100%| O|  |TAMS 0x0000000703000000| PB 0x0000000703000000| Untracked 
|  25|0x0000000703200000, 0x0000000703400000, 0x0000000703400000|100%| O|  |TAMS 0x0000000703200000| PB 0x0000000703200000| Untracked 
|  26|0x0000000703400000, 0x0000000703600000, 0x0000000703600000|100%| O|  |TAMS 0x0000000703400000| PB 0x0000000703400000| Untracked 
|  27|0x0000000703600000, 0x0000000703800000, 0x0000000703800000|100%|HS|  |TAMS 0x0000000703600000| PB 0x0000000703600000| Complete 
|  28|0x0000000703800000, 0x0000000703a00000, 0x0000000703a00000|100%| O|  |TAMS 0x0000000703800000| PB 0x0000000703800000| Untracked 
|  29|0x0000000703a00000, 0x0000000703c00000, 0x0000000703c00000|100%| O|  |TAMS 0x0000000703a00000| PB 0x0000000703a00000| Untracked 
|  30|0x0000000703c00000, 0x0000000703e00000, 0x0000000703e00000|100%| O|  |TAMS 0x0000000703c00000| PB 0x0000000703c00000| Untracked 
|  31|0x0000000703e00000, 0x0000000704000000, 0x0000000704000000|100%| O|  |TAMS 0x0000000703e00000| PB 0x0000000703e00000| Untracked 
|  32|0x0000000704000000, 0x0000000704200000, 0x0000000704200000|100%| O|  |TAMS 0x0000000704000000| PB 0x0000000704000000| Untracked 
|  33|0x0000000704200000, 0x0000000704400000, 0x0000000704400000|100%|HS|  |TAMS 0x0000000704200000| PB 0x0000000704200000| Complete 
|  34|0x0000000704400000, 0x0000000704600000, 0x0000000704600000|100%|HC|  |TAMS 0x0000000704400000| PB 0x0000000704400000| Complete 
|  35|0x0000000704600000, 0x0000000704800000, 0x0000000704800000|100%| O|  |TAMS 0x0000000704600000| PB 0x0000000704600000| Untracked 
|  36|0x0000000704800000, 0x0000000704a00000, 0x0000000704a00000|100%| O|  |TAMS 0x0000000704800000| PB 0x0000000704800000| Untracked 
|  37|0x0000000704a00000, 0x0000000704c00000, 0x0000000704c00000|100%|HS|  |TAMS 0x0000000704a00000| PB 0x0000000704a00000| Complete 
|  38|0x0000000704c00000, 0x0000000704e00000, 0x0000000704e00000|100%| O|  |TAMS 0x0000000704c00000| PB 0x0000000704c00000| Untracked 
|  39|0x0000000704e00000, 0x0000000705000000, 0x0000000705000000|100%| O|  |TAMS 0x0000000704e00000| PB 0x0000000704e00000| Untracked 
|  40|0x0000000705000000, 0x0000000705200000, 0x0000000705200000|100%| O|  |TAMS 0x0000000705000000| PB 0x0000000705000000| Untracked 
|  41|0x0000000705200000, 0x0000000705400000, 0x0000000705400000|100%| O|  |TAMS 0x0000000705200000| PB 0x0000000705200000| Untracked 
|  42|0x0000000705400000, 0x0000000705600000, 0x0000000705600000|100%| O|  |TAMS 0x0000000705400000| PB 0x0000000705400000| Untracked 
|  43|0x0000000705600000, 0x0000000705800000, 0x0000000705800000|100%| O|  |TAMS 0x0000000705600000| PB 0x0000000705600000| Untracked 
|  44|0x0000000705800000, 0x0000000705a00000, 0x0000000705a00000|100%| O|  |TAMS 0x0000000705800000| PB 0x0000000705800000| Untracked 
|  45|0x0000000705a00000, 0x0000000705c00000, 0x0000000705c00000|100%| O|  |TAMS 0x0000000705a00000| PB 0x0000000705a00000| Untracked 
|  46|0x0000000705c00000, 0x0000000705e00000, 0x0000000705e00000|100%|HS|  |TAMS 0x0000000705c00000| PB 0x0000000705c00000| Complete 
|  47|0x0000000705e00000, 0x0000000706000000, 0x0000000706000000|100%|HC|  |TAMS 0x0000000705e00000| PB 0x0000000705e00000| Complete 
|  48|0x0000000706000000, 0x0000000706200000, 0x0000000706200000|100%| O|  |TAMS 0x0000000706000000| PB 0x0000000706000000| Untracked 
|  49|0x0000000706200000, 0x0000000706400000, 0x0000000706400000|100%| O|  |TAMS 0x0000000706200000| PB 0x0000000706200000| Untracked 
|  50|0x0000000706400000, 0x0000000706600000, 0x0000000706600000|100%| O|  |TAMS 0x0000000706400000| PB 0x0000000706400000| Untracked 
|  51|0x0000000706600000, 0x0000000706800000, 0x0000000706800000|100%| O|  |TAMS 0x0000000706600000| PB 0x0000000706600000| Untracked 
|  52|0x0000000706800000, 0x0000000706a00000, 0x0000000706a00000|100%| O|  |TAMS 0x0000000706800000| PB 0x0000000706800000| Untracked 
|  53|0x0000000706a00000, 0x0000000706c00000, 0x0000000706c00000|100%| O|  |TAMS 0x0000000706a00000| PB 0x0000000706a00000| Untracked 
|  54|0x0000000706c00000, 0x0000000706e00000, 0x0000000706e00000|100%|HS|  |TAMS 0x0000000706c00000| PB 0x0000000706c00000| Complete 
|  55|0x0000000706e00000, 0x0000000707000000, 0x0000000707000000|100%|HC|  |TAMS 0x0000000706e00000| PB 0x0000000706e00000| Complete 
|  56|0x0000000707000000, 0x0000000707200000, 0x0000000707200000|100%|HS|  |TAMS 0x0000000707000000| PB 0x0000000707000000| Complete 
|  57|0x0000000707200000, 0x0000000707400000, 0x0000000707400000|100%| O|  |TAMS 0x0000000707200000| PB 0x0000000707200000| Untracked 
|  58|0x0000000707400000, 0x0000000707600000, 0x0000000707600000|100%| O|  |TAMS 0x0000000707400000| PB 0x0000000707400000| Untracked 
|  59|0x0000000707600000, 0x0000000707800000, 0x0000000707800000|100%| O|  |TAMS 0x0000000707600000| PB 0x0000000707600000| Untracked 
|  60|0x0000000707800000, 0x0000000707a00000, 0x0000000707a00000|100%| O|  |TAMS 0x0000000707800000| PB 0x0000000707800000| Untracked 
|  61|0x0000000707a00000, 0x0000000707c00000, 0x0000000707c00000|100%| O|  |TAMS 0x0000000707a00000| PB 0x0000000707a00000| Untracked 
|  62|0x0000000707c00000, 0x0000000707e00000, 0x0000000707e00000|100%| O|  |TAMS 0x0000000707c00000| PB 0x0000000707c00000| Untracked 
|  63|0x0000000707e00000, 0x0000000708000000, 0x0000000708000000|100%| O|  |TAMS 0x0000000707e00000| PB 0x0000000707e00000| Untracked 
|  64|0x0000000708000000, 0x0000000708200000, 0x0000000708200000|100%| O|  |TAMS 0x0000000708000000| PB 0x0000000708000000| Untracked 
|  65|0x0000000708200000, 0x0000000708200000, 0x0000000708400000|  0%| F|  |TAMS 0x0000000708200000| PB 0x0000000708200000| Untracked 
|  66|0x0000000708400000, 0x0000000708600000, 0x0000000708600000|100%| O|  |TAMS 0x0000000708400000| PB 0x0000000708400000| Untracked 
|  67|0x0000000708600000, 0x0000000708800000, 0x0000000708800000|100%| O|  |TAMS 0x0000000708600000| PB 0x0000000708600000| Untracked 
|  68|0x0000000708800000, 0x0000000708a00000, 0x0000000708a00000|100%| O|  |TAMS 0x0000000708800000| PB 0x0000000708800000| Untracked 
|  69|0x0000000708a00000, 0x0000000708c00000, 0x0000000708c00000|100%| O|  |TAMS 0x0000000708a00000| PB 0x0000000708a00000| Untracked 
|  70|0x0000000708c00000, 0x0000000708e00000, 0x0000000708e00000|100%| O|  |TAMS 0x0000000708c00000| PB 0x0000000708c00000| Untracked 
|  71|0x0000000708e00000, 0x0000000709000000, 0x0000000709000000|100%| O|  |TAMS 0x0000000708e00000| PB 0x0000000708e00000| Untracked 
|  72|0x0000000709000000, 0x0000000709200000, 0x0000000709200000|100%| O|  |TAMS 0x0000000709000000| PB 0x0000000709000000| Untracked 
|  73|0x0000000709200000, 0x0000000709400000, 0x0000000709400000|100%| O|  |TAMS 0x0000000709200000| PB 0x0000000709200000| Untracked 
|  74|0x0000000709400000, 0x0000000709600000, 0x0000000709600000|100%| O|  |TAMS 0x0000000709400000| PB 0x0000000709400000| Untracked 
|  75|0x0000000709600000, 0x0000000709800000, 0x0000000709800000|100%| O|  |TAMS 0x0000000709600000| PB 0x0000000709600000| Untracked 
|  76|0x0000000709800000, 0x0000000709a00000, 0x0000000709a00000|100%| O|  |TAMS 0x0000000709800000| PB 0x0000000709800000| Untracked 
|  77|0x0000000709a00000, 0x0000000709c00000, 0x0000000709c00000|100%|HS|  |TAMS 0x0000000709a00000| PB 0x0000000709a00000| Complete 
|  78|0x0000000709c00000, 0x0000000709e00000, 0x0000000709e00000|100%|HC|  |TAMS 0x0000000709c00000| PB 0x0000000709c00000| Complete 
|  79|0x0000000709e00000, 0x000000070a000000, 0x000000070a000000|100%| O|  |TAMS 0x0000000709e00000| PB 0x0000000709e00000| Untracked 
|  80|0x000000070a000000, 0x000000070a200000, 0x000000070a200000|100%| O|  |TAMS 0x000000070a000000| PB 0x000000070a000000| Untracked 
|  81|0x000000070a200000, 0x000000070a400000, 0x000000070a400000|100%| O|  |TAMS 0x000000070a200000| PB 0x000000070a200000| Untracked 
|  82|0x000000070a400000, 0x000000070a600000, 0x000000070a600000|100%| O|  |TAMS 0x000000070a400000| PB 0x000000070a400000| Untracked 
|  83|0x000000070a600000, 0x000000070a800000, 0x000000070a800000|100%| O|  |TAMS 0x000000070a600000| PB 0x000000070a600000| Untracked 
|  84|0x000000070a800000, 0x000000070aa00000, 0x000000070aa00000|100%| O|  |TAMS 0x000000070a800000| PB 0x000000070a800000| Untracked 
|  85|0x000000070aa00000, 0x000000070ac00000, 0x000000070ac00000|100%| O|  |TAMS 0x000000070aa00000| PB 0x000000070aa00000| Untracked 
|  86|0x000000070ac00000, 0x000000070ae00000, 0x000000070ae00000|100%| O|  |TAMS 0x000000070ac00000| PB 0x000000070ac00000| Untracked 
|  87|0x000000070ae00000, 0x000000070b000000, 0x000000070b000000|100%| O|  |TAMS 0x000000070ae00000| PB 0x000000070ae00000| Untracked 
|  88|0x000000070b000000, 0x000000070b200000, 0x000000070b200000|100%| O|  |TAMS 0x000000070b000000| PB 0x000000070b000000| Untracked 
|  89|0x000000070b200000, 0x000000070b400000, 0x000000070b400000|100%| O|  |TAMS 0x000000070b200000| PB 0x000000070b200000| Untracked 
|  90|0x000000070b400000, 0x000000070b600000, 0x000000070b600000|100%| O|  |TAMS 0x000000070b400000| PB 0x000000070b400000| Untracked 
|  91|0x000000070b600000, 0x000000070b800000, 0x000000070b800000|100%| O|  |TAMS 0x000000070b600000| PB 0x000000070b600000| Untracked 
|  92|0x000000070b800000, 0x000000070ba00000, 0x000000070ba00000|100%| O|  |TAMS 0x000000070b800000| PB 0x000000070b800000| Untracked 
|  93|0x000000070ba00000, 0x000000070bc00000, 0x000000070bc00000|100%| O|  |TAMS 0x000000070ba00000| PB 0x000000070ba00000| Untracked 
|  94|0x000000070bc00000, 0x000000070be00000, 0x000000070be00000|100%| O|  |TAMS 0x000000070bc00000| PB 0x000000070bc00000| Untracked 
|  95|0x000000070be00000, 0x000000070c000000, 0x000000070c000000|100%| O|  |TAMS 0x000000070be00000| PB 0x000000070be00000| Untracked 
|  96|0x000000070c000000, 0x000000070c200000, 0x000000070c200000|100%| O|  |TAMS 0x000000070c000000| PB 0x000000070c000000| Untracked 
|  97|0x000000070c200000, 0x000000070c400000, 0x000000070c400000|100%| O|  |TAMS 0x000000070c200000| PB 0x000000070c200000| Untracked 
|  98|0x000000070c400000, 0x000000070c600000, 0x000000070c600000|100%| O|  |TAMS 0x000000070c400000| PB 0x000000070c400000| Untracked 
|  99|0x000000070c600000, 0x000000070c800000, 0x000000070c800000|100%| O|  |TAMS 0x000000070c600000| PB 0x000000070c600000| Untracked 
| 100|0x000000070c800000, 0x000000070ca00000, 0x000000070ca00000|100%| O|  |TAMS 0x000000070c800000| PB 0x000000070c800000| Untracked 
| 101|0x000000070ca00000, 0x000000070cc00000, 0x000000070cc00000|100%| O|  |TAMS 0x000000070ca00000| PB 0x000000070ca00000| Untracked 
| 102|0x000000070cc00000, 0x000000070ce00000, 0x000000070ce00000|100%| O|  |TAMS 0x000000070cc00000| PB 0x000000070cc00000| Untracked 
| 103|0x000000070ce00000, 0x000000070d000000, 0x000000070d000000|100%| O|  |TAMS 0x000000070ce00000| PB 0x000000070ce00000| Untracked 
| 104|0x000000070d000000, 0x000000070d200000, 0x000000070d200000|100%| O|  |TAMS 0x000000070d000000| PB 0x000000070d000000| Untracked 
| 105|0x000000070d200000, 0x000000070d400000, 0x000000070d400000|100%| O|  |TAMS 0x000000070d200000| PB 0x000000070d200000| Untracked 
| 106|0x000000070d400000, 0x000000070d600000, 0x000000070d600000|100%| O|  |TAMS 0x000000070d400000| PB 0x000000070d400000| Untracked 
| 107|0x000000070d600000, 0x000000070d800000, 0x000000070d800000|100%| O|  |TAMS 0x000000070d600000| PB 0x000000070d600000| Untracked 
| 108|0x000000070d800000, 0x000000070da00000, 0x000000070da00000|100%| O|  |TAMS 0x000000070d800000| PB 0x000000070d800000| Untracked 
| 109|0x000000070da00000, 0x000000070dc00000, 0x000000070dc00000|100%| O|  |TAMS 0x000000070da00000| PB 0x000000070da00000| Untracked 
| 110|0x000000070dc00000, 0x000000070de00000, 0x000000070de00000|100%| O|  |TAMS 0x000000070dc00000| PB 0x000000070dc00000| Untracked 
| 111|0x000000070de00000, 0x000000070e000000, 0x000000070e000000|100%| O|  |TAMS 0x000000070de00000| PB 0x000000070de00000| Untracked 
| 112|0x000000070e000000, 0x000000070e200000, 0x000000070e200000|100%| O|  |TAMS 0x000000070e000000| PB 0x000000070e000000| Untracked 
| 113|0x000000070e200000, 0x000000070e400000, 0x000000070e400000|100%| O|  |TAMS 0x000000070e200000| PB 0x000000070e200000| Untracked 
| 114|0x000000070e400000, 0x000000070e600000, 0x000000070e600000|100%| O|  |TAMS 0x000000070e400000| PB 0x000000070e400000| Untracked 
| 115|0x000000070e600000, 0x000000070e800000, 0x000000070e800000|100%| O|  |TAMS 0x000000070e600000| PB 0x000000070e600000| Untracked 
| 116|0x000000070e800000, 0x000000070ea00000, 0x000000070ea00000|100%| O|  |TAMS 0x000000070e800000| PB 0x000000070e800000| Untracked 
| 117|0x000000070ea00000, 0x000000070ec00000, 0x000000070ec00000|100%| O|  |TAMS 0x000000070ea00000| PB 0x000000070ea00000| Untracked 
| 118|0x000000070ec00000, 0x000000070ee00000, 0x000000070ee00000|100%| O|  |TAMS 0x000000070ec00000| PB 0x000000070ec00000| Untracked 
| 119|0x000000070ee00000, 0x000000070f000000, 0x000000070f000000|100%| O|  |TAMS 0x000000070ee00000| PB 0x000000070ee00000| Untracked 
| 120|0x000000070f000000, 0x000000070f100560, 0x000000070f200000| 50%| O|  |TAMS 0x000000070f000000| PB 0x000000070f000000| Untracked 
| 121|0x000000070f200000, 0x000000070f200000, 0x000000070f400000|  0%| F|  |TAMS 0x000000070f200000| PB 0x000000070f200000| Untracked 
| 122|0x000000070f400000, 0x000000070f400000, 0x000000070f600000|  0%| F|  |TAMS 0x000000070f400000| PB 0x000000070f400000| Untracked 
| 123|0x000000070f600000, 0x000000070f600000, 0x000000070f800000|  0%| F|  |TAMS 0x000000070f600000| PB 0x000000070f600000| Untracked 
| 124|0x000000070f800000, 0x000000070f800000, 0x000000070fa00000|  0%| F|  |TAMS 0x000000070f800000| PB 0x000000070f800000| Untracked 
| 125|0x000000070fa00000, 0x000000070fa00000, 0x000000070fc00000|  0%| F|  |TAMS 0x000000070fa00000| PB 0x000000070fa00000| Untracked 
| 126|0x000000070fc00000, 0x000000070fc00000, 0x000000070fe00000|  0%| F|  |TAMS 0x000000070fc00000| PB 0x000000070fc00000| Untracked 
| 127|0x000000070fe00000, 0x000000070fe00000, 0x0000000710000000|  0%| F|  |TAMS 0x000000070fe00000| PB 0x000000070fe00000| Untracked 
| 128|0x0000000710000000, 0x0000000710000000, 0x0000000710200000|  0%| F|  |TAMS 0x0000000710000000| PB 0x0000000710000000| Untracked 
| 129|0x0000000710200000, 0x0000000710200000, 0x0000000710400000|  0%| F|  |TAMS 0x0000000710200000| PB 0x0000000710200000| Untracked 
| 130|0x0000000710400000, 0x0000000710400000, 0x0000000710600000|  0%| F|  |TAMS 0x0000000710400000| PB 0x0000000710400000| Untracked 
| 131|0x0000000710600000, 0x0000000710600000, 0x0000000710800000|  0%| F|  |TAMS 0x0000000710600000| PB 0x0000000710600000| Untracked 
| 132|0x0000000710800000, 0x0000000710800000, 0x0000000710a00000|  0%| F|  |TAMS 0x0000000710800000| PB 0x0000000710800000| Untracked 
| 133|0x0000000710a00000, 0x0000000710a00000, 0x0000000710c00000|  0%| F|  |TAMS 0x0000000710a00000| PB 0x0000000710a00000| Untracked 
| 134|0x0000000710c00000, 0x0000000710c00000, 0x0000000710e00000|  0%| F|  |TAMS 0x0000000710c00000| PB 0x0000000710c00000| Untracked 
| 135|0x0000000710e00000, 0x0000000710e00000, 0x0000000711000000|  0%| F|  |TAMS 0x0000000710e00000| PB 0x0000000710e00000| Untracked 
| 136|0x0000000711000000, 0x0000000711000000, 0x0000000711200000|  0%| F|  |TAMS 0x0000000711000000| PB 0x0000000711000000| Untracked 
| 137|0x0000000711200000, 0x0000000711200000, 0x0000000711400000|  0%| F|  |TAMS 0x0000000711200000| PB 0x0000000711200000| Untracked 
| 138|0x0000000711400000, 0x0000000711400000, 0x0000000711600000|  0%| F|  |TAMS 0x0000000711400000| PB 0x0000000711400000| Untracked 
| 139|0x0000000711600000, 0x0000000711600000, 0x0000000711800000|  0%| F|  |TAMS 0x0000000711600000| PB 0x0000000711600000| Untracked 
| 140|0x0000000711800000, 0x0000000711800000, 0x0000000711a00000|  0%| F|  |TAMS 0x0000000711800000| PB 0x0000000711800000| Untracked 
| 141|0x0000000711a00000, 0x0000000711a00000, 0x0000000711c00000|  0%| F|  |TAMS 0x0000000711a00000| PB 0x0000000711a00000| Untracked 
| 142|0x0000000711c00000, 0x0000000711c00000, 0x0000000711e00000|  0%| F|  |TAMS 0x0000000711c00000| PB 0x0000000711c00000| Untracked 
| 143|0x0000000711e00000, 0x0000000711e00000, 0x0000000712000000|  0%| F|  |TAMS 0x0000000711e00000| PB 0x0000000711e00000| Untracked 
| 144|0x0000000712000000, 0x0000000712000000, 0x0000000712200000|  0%| F|  |TAMS 0x0000000712000000| PB 0x0000000712000000| Untracked 
| 145|0x0000000712200000, 0x0000000712200000, 0x0000000712400000|  0%| F|  |TAMS 0x0000000712200000| PB 0x0000000712200000| Untracked 
| 146|0x0000000712400000, 0x0000000712400000, 0x0000000712600000|  0%| F|  |TAMS 0x0000000712400000| PB 0x0000000712400000| Untracked 
| 147|0x0000000712600000, 0x0000000712600000, 0x0000000712800000|  0%| F|  |TAMS 0x0000000712600000| PB 0x0000000712600000| Untracked 
| 148|0x0000000712800000, 0x0000000712800000, 0x0000000712a00000|  0%| F|  |TAMS 0x0000000712800000| PB 0x0000000712800000| Untracked 
| 149|0x0000000712a00000, 0x0000000712a00000, 0x0000000712c00000|  0%| F|  |TAMS 0x0000000712a00000| PB 0x0000000712a00000| Untracked 
| 150|0x0000000712c00000, 0x0000000712c00000, 0x0000000712e00000|  0%| F|  |TAMS 0x0000000712c00000| PB 0x0000000712c00000| Untracked 
| 151|0x0000000712e00000, 0x0000000712e00000, 0x0000000713000000|  0%| F|  |TAMS 0x0000000712e00000| PB 0x0000000712e00000| Untracked 
| 152|0x0000000713000000, 0x0000000713000000, 0x0000000713200000|  0%| F|  |TAMS 0x0000000713000000| PB 0x0000000713000000| Untracked 
| 153|0x0000000713200000, 0x0000000713200000, 0x0000000713400000|  0%| F|  |TAMS 0x0000000713200000| PB 0x0000000713200000| Untracked 
| 154|0x0000000713400000, 0x0000000713400000, 0x0000000713600000|  0%| F|  |TAMS 0x0000000713400000| PB 0x0000000713400000| Untracked 
| 155|0x0000000713600000, 0x0000000713600000, 0x0000000713800000|  0%| F|  |TAMS 0x0000000713600000| PB 0x0000000713600000| Untracked 
| 156|0x0000000713800000, 0x0000000713800000, 0x0000000713a00000|  0%| F|  |TAMS 0x0000000713800000| PB 0x0000000713800000| Untracked 
| 157|0x0000000713a00000, 0x0000000713a00000, 0x0000000713c00000|  0%| F|  |TAMS 0x0000000713a00000| PB 0x0000000713a00000| Untracked 
| 158|0x0000000713c00000, 0x0000000713c00000, 0x0000000713e00000|  0%| F|  |TAMS 0x0000000713c00000| PB 0x0000000713c00000| Untracked 
| 159|0x0000000713e00000, 0x0000000713e00000, 0x0000000714000000|  0%| F|  |TAMS 0x0000000713e00000| PB 0x0000000713e00000| Untracked 
| 160|0x0000000714000000, 0x0000000714000000, 0x0000000714200000|  0%| F|  |TAMS 0x0000000714000000| PB 0x0000000714000000| Untracked 
| 161|0x0000000714200000, 0x0000000714200000, 0x0000000714400000|  0%| F|  |TAMS 0x0000000714200000| PB 0x0000000714200000| Untracked 
| 162|0x0000000714400000, 0x0000000714400000, 0x0000000714600000|  0%| F|  |TAMS 0x0000000714400000| PB 0x0000000714400000| Untracked 
| 163|0x0000000714600000, 0x0000000714600000, 0x0000000714800000|  0%| F|  |TAMS 0x0000000714600000| PB 0x0000000714600000| Untracked 
| 164|0x0000000714800000, 0x0000000714800000, 0x0000000714a00000|  0%| F|  |TAMS 0x0000000714800000| PB 0x0000000714800000| Untracked 
| 165|0x0000000714a00000, 0x0000000714a00000, 0x0000000714c00000|  0%| F|  |TAMS 0x0000000714a00000| PB 0x0000000714a00000| Untracked 
| 166|0x0000000714c00000, 0x0000000714c00000, 0x0000000714e00000|  0%| F|  |TAMS 0x0000000714c00000| PB 0x0000000714c00000| Untracked 
| 167|0x0000000714e00000, 0x0000000714e00000, 0x0000000715000000|  0%| F|  |TAMS 0x0000000714e00000| PB 0x0000000714e00000| Untracked 
| 168|0x0000000715000000, 0x0000000715000000, 0x0000000715200000|  0%| F|  |TAMS 0x0000000715000000| PB 0x0000000715000000| Untracked 
| 169|0x0000000715200000, 0x0000000715200000, 0x0000000715400000|  0%| F|  |TAMS 0x0000000715200000| PB 0x0000000715200000| Untracked 
| 170|0x0000000715400000, 0x0000000715400000, 0x0000000715600000|  0%| F|  |TAMS 0x0000000715400000| PB 0x0000000715400000| Untracked 
| 171|0x0000000715600000, 0x0000000715600000, 0x0000000715800000|  0%| F|  |TAMS 0x0000000715600000| PB 0x0000000715600000| Untracked 
| 172|0x0000000715800000, 0x0000000715800000, 0x0000000715a00000|  0%| F|  |TAMS 0x0000000715800000| PB 0x0000000715800000| Untracked 
| 173|0x0000000715a00000, 0x0000000715a00000, 0x0000000715c00000|  0%| F|  |TAMS 0x0000000715a00000| PB 0x0000000715a00000| Untracked 
| 174|0x0000000715c00000, 0x0000000715c00000, 0x0000000715e00000|  0%| F|  |TAMS 0x0000000715c00000| PB 0x0000000715c00000| Untracked 
| 175|0x0000000715e00000, 0x0000000715e00000, 0x0000000716000000|  0%| F|  |TAMS 0x0000000715e00000| PB 0x0000000715e00000| Untracked 
| 176|0x0000000716000000, 0x0000000716000000, 0x0000000716200000|  0%| F|  |TAMS 0x0000000716000000| PB 0x0000000716000000| Untracked 
| 177|0x0000000716200000, 0x0000000716200000, 0x0000000716400000|  0%| F|  |TAMS 0x0000000716200000| PB 0x0000000716200000| Untracked 
| 178|0x0000000716400000, 0x0000000716400000, 0x0000000716600000|  0%| F|  |TAMS 0x0000000716400000| PB 0x0000000716400000| Untracked 
| 179|0x0000000716600000, 0x0000000716600000, 0x0000000716800000|  0%| F|  |TAMS 0x0000000716600000| PB 0x0000000716600000| Untracked 
| 180|0x0000000716800000, 0x0000000716800000, 0x0000000716a00000|  0%| F|  |TAMS 0x0000000716800000| PB 0x0000000716800000| Untracked 
| 181|0x0000000716a00000, 0x0000000716a00000, 0x0000000716c00000|  0%| F|  |TAMS 0x0000000716a00000| PB 0x0000000716a00000| Untracked 
| 182|0x0000000716c00000, 0x0000000716c00000, 0x0000000716e00000|  0%| F|  |TAMS 0x0000000716c00000| PB 0x0000000716c00000| Untracked 
| 183|0x0000000716e00000, 0x0000000716e00000, 0x0000000717000000|  0%| F|  |TAMS 0x0000000716e00000| PB 0x0000000716e00000| Untracked 
| 184|0x0000000717000000, 0x0000000717000000, 0x0000000717200000|  0%| F|  |TAMS 0x0000000717000000| PB 0x0000000717000000| Untracked 
| 185|0x0000000717200000, 0x0000000717200000, 0x0000000717400000|  0%| F|  |TAMS 0x0000000717200000| PB 0x0000000717200000| Untracked 
| 186|0x0000000717400000, 0x0000000717400000, 0x0000000717600000|  0%| F|  |TAMS 0x0000000717400000| PB 0x0000000717400000| Untracked 
| 187|0x0000000717600000, 0x0000000717600000, 0x0000000717800000|  0%| F|  |TAMS 0x0000000717600000| PB 0x0000000717600000| Untracked 
| 188|0x0000000717800000, 0x0000000717800000, 0x0000000717a00000|  0%| F|  |TAMS 0x0000000717800000| PB 0x0000000717800000| Untracked 
| 189|0x0000000717a00000, 0x0000000717a00000, 0x0000000717c00000|  0%| F|  |TAMS 0x0000000717a00000| PB 0x0000000717a00000| Untracked 
| 190|0x0000000717c00000, 0x0000000717c00000, 0x0000000717e00000|  0%| F|  |TAMS 0x0000000717c00000| PB 0x0000000717c00000| Untracked 
| 191|0x0000000717e00000, 0x0000000717e00000, 0x0000000718000000|  0%| F|  |TAMS 0x0000000717e00000| PB 0x0000000717e00000| Untracked 
| 192|0x0000000718000000, 0x0000000718000000, 0x0000000718200000|  0%| F|  |TAMS 0x0000000718000000| PB 0x0000000718000000| Untracked 
| 193|0x0000000718200000, 0x0000000718200000, 0x0000000718400000|  0%| F|  |TAMS 0x0000000718200000| PB 0x0000000718200000| Untracked 
| 194|0x0000000718400000, 0x0000000718400000, 0x0000000718600000|  0%| F|  |TAMS 0x0000000718400000| PB 0x0000000718400000| Untracked 
| 195|0x0000000718600000, 0x0000000718600000, 0x0000000718800000|  0%| F|  |TAMS 0x0000000718600000| PB 0x0000000718600000| Untracked 
| 196|0x0000000718800000, 0x0000000718800000, 0x0000000718a00000|  0%| F|  |TAMS 0x0000000718800000| PB 0x0000000718800000| Untracked 
| 197|0x0000000718a00000, 0x0000000718a00000, 0x0000000718c00000|  0%| F|  |TAMS 0x0000000718a00000| PB 0x0000000718a00000| Untracked 
| 198|0x0000000718c00000, 0x0000000718c00000, 0x0000000718e00000|  0%| F|  |TAMS 0x0000000718c00000| PB 0x0000000718c00000| Untracked 
| 199|0x0000000718e00000, 0x0000000718e00000, 0x0000000719000000|  0%| F|  |TAMS 0x0000000718e00000| PB 0x0000000718e00000| Untracked 
| 200|0x0000000719000000, 0x0000000719000000, 0x0000000719200000|  0%| F|  |TAMS 0x0000000719000000| PB 0x0000000719000000| Untracked 
| 201|0x0000000719200000, 0x0000000719200000, 0x0000000719400000|  0%| F|  |TAMS 0x0000000719200000| PB 0x0000000719200000| Untracked 
| 202|0x0000000719400000, 0x0000000719400000, 0x0000000719600000|  0%| F|  |TAMS 0x0000000719400000| PB 0x0000000719400000| Untracked 
| 203|0x0000000719600000, 0x0000000719600000, 0x0000000719800000|  0%| F|  |TAMS 0x0000000719600000| PB 0x0000000719600000| Untracked 
| 204|0x0000000719800000, 0x0000000719800000, 0x0000000719a00000|  0%| F|  |TAMS 0x0000000719800000| PB 0x0000000719800000| Untracked 
| 205|0x0000000719a00000, 0x0000000719a00000, 0x0000000719c00000|  0%| F|  |TAMS 0x0000000719a00000| PB 0x0000000719a00000| Untracked 
| 206|0x0000000719c00000, 0x0000000719c00000, 0x0000000719e00000|  0%| F|  |TAMS 0x0000000719c00000| PB 0x0000000719c00000| Untracked 
| 207|0x0000000719e00000, 0x0000000719e00000, 0x000000071a000000|  0%| F|  |TAMS 0x0000000719e00000| PB 0x0000000719e00000| Untracked 
| 208|0x000000071a000000, 0x000000071a000000, 0x000000071a200000|  0%| F|  |TAMS 0x000000071a000000| PB 0x000000071a000000| Untracked 
| 209|0x000000071a200000, 0x000000071a200000, 0x000000071a400000|  0%| F|  |TAMS 0x000000071a200000| PB 0x000000071a200000| Untracked 
| 210|0x000000071a400000, 0x000000071a400000, 0x000000071a600000|  0%| F|  |TAMS 0x000000071a400000| PB 0x000000071a400000| Untracked 
| 211|0x000000071a600000, 0x000000071a600000, 0x000000071a800000|  0%| F|  |TAMS 0x000000071a600000| PB 0x000000071a600000| Untracked 
| 212|0x000000071a800000, 0x000000071a800000, 0x000000071aa00000|  0%| F|  |TAMS 0x000000071a800000| PB 0x000000071a800000| Untracked 
| 213|0x000000071aa00000, 0x000000071aa00000, 0x000000071ac00000|  0%| F|  |TAMS 0x000000071aa00000| PB 0x000000071aa00000| Untracked 
| 214|0x000000071ac00000, 0x000000071ac00000, 0x000000071ae00000|  0%| F|  |TAMS 0x000000071ac00000| PB 0x000000071ac00000| Untracked 
| 215|0x000000071ae00000, 0x000000071ae00000, 0x000000071b000000|  0%| F|  |TAMS 0x000000071ae00000| PB 0x000000071ae00000| Untracked 
| 216|0x000000071b000000, 0x000000071b000000, 0x000000071b200000|  0%| F|  |TAMS 0x000000071b000000| PB 0x000000071b000000| Untracked 
| 217|0x000000071b200000, 0x000000071b200000, 0x000000071b400000|  0%| F|  |TAMS 0x000000071b200000| PB 0x000000071b200000| Untracked 
| 218|0x000000071b400000, 0x000000071b400000, 0x000000071b600000|  0%| F|  |TAMS 0x000000071b400000| PB 0x000000071b400000| Untracked 
| 219|0x000000071b600000, 0x000000071b600000, 0x000000071b800000|  0%| F|  |TAMS 0x000000071b600000| PB 0x000000071b600000| Untracked 
| 220|0x000000071b800000, 0x000000071b800000, 0x000000071ba00000|  0%| F|  |TAMS 0x000000071b800000| PB 0x000000071b800000| Untracked 
| 221|0x000000071ba00000, 0x000000071ba00000, 0x000000071bc00000|  0%| F|  |TAMS 0x000000071ba00000| PB 0x000000071ba00000| Untracked 
| 222|0x000000071bc00000, 0x000000071bc00000, 0x000000071be00000|  0%| F|  |TAMS 0x000000071bc00000| PB 0x000000071bc00000| Untracked 
| 223|0x000000071be00000, 0x000000071be00000, 0x000000071c000000|  0%| F|  |TAMS 0x000000071be00000| PB 0x000000071be00000| Untracked 
| 224|0x000000071c000000, 0x000000071c000000, 0x000000071c200000|  0%| F|  |TAMS 0x000000071c000000| PB 0x000000071c000000| Untracked 
| 225|0x000000071c200000, 0x000000071c200000, 0x000000071c400000|  0%| F|  |TAMS 0x000000071c200000| PB 0x000000071c200000| Untracked 
| 226|0x000000071c400000, 0x000000071c400000, 0x000000071c600000|  0%| F|  |TAMS 0x000000071c400000| PB 0x000000071c400000| Untracked 
| 227|0x000000071c600000, 0x000000071c600000, 0x000000071c800000|  0%| F|  |TAMS 0x000000071c600000| PB 0x000000071c600000| Untracked 
| 228|0x000000071c800000, 0x000000071c800000, 0x000000071ca00000|  0%| F|  |TAMS 0x000000071c800000| PB 0x000000071c800000| Untracked 
| 229|0x000000071ca00000, 0x000000071ca3a318, 0x000000071cc00000| 11%| S|CS|TAMS 0x000000071ca00000| PB 0x000000071ca00000| Complete 
| 230|0x000000071cc00000, 0x000000071ce00000, 0x000000071ce00000|100%| S|CS|TAMS 0x000000071cc00000| PB 0x000000071cc00000| Complete 
| 231|0x000000071ce00000, 0x000000071ce00000, 0x000000071d000000|  0%| F|  |TAMS 0x000000071ce00000| PB 0x000000071ce00000| Untracked 
| 232|0x000000071d000000, 0x000000071d000000, 0x000000071d200000|  0%| F|  |TAMS 0x000000071d000000| PB 0x000000071d000000| Untracked 
| 233|0x000000071d200000, 0x000000071d200000, 0x000000071d400000|  0%| F|  |TAMS 0x000000071d200000| PB 0x000000071d200000| Untracked 
| 234|0x000000071d400000, 0x000000071d400000, 0x000000071d600000|  0%| F|  |TAMS 0x000000071d400000| PB 0x000000071d400000| Untracked 
| 235|0x000000071d600000, 0x000000071d600000, 0x000000071d800000|  0%| F|  |TAMS 0x000000071d600000| PB 0x000000071d600000| Untracked 
| 236|0x000000071d800000, 0x000000071d800000, 0x000000071da00000|  0%| F|  |TAMS 0x000000071d800000| PB 0x000000071d800000| Untracked 
| 237|0x000000071da00000, 0x000000071da00000, 0x000000071dc00000|  0%| F|  |TAMS 0x000000071da00000| PB 0x000000071da00000| Untracked 
| 238|0x000000071dc00000, 0x000000071dc00000, 0x000000071de00000|  0%| F|  |TAMS 0x000000071dc00000| PB 0x000000071dc00000| Untracked 
| 239|0x000000071de00000, 0x000000071de00000, 0x000000071e000000|  0%| F|  |TAMS 0x000000071de00000| PB 0x000000071de00000| Untracked 
| 240|0x000000071e000000, 0x000000071e000000, 0x000000071e200000|  0%| F|  |TAMS 0x000000071e000000| PB 0x000000071e000000| Untracked 
| 241|0x000000071e200000, 0x000000071e200000, 0x000000071e400000|  0%| F|  |TAMS 0x000000071e200000| PB 0x000000071e200000| Untracked 
| 242|0x000000071e400000, 0x000000071e400000, 0x000000071e600000|  0%| F|  |TAMS 0x000000071e400000| PB 0x000000071e400000| Untracked 

Card table byte_map: [0x000002077ee60000,0x000002077f660000] _byte_map_base: 0x000002077b660000

Marking Bits: (CMBitMap*) 0x000002077b4c7520
 Bits: [0x000002070f000000, 0x0000020713000000)

Polling page: 0x0000020779210000

Metaspace:

Usage:
  Non-class:     92.64 MB used.
      Class:     14.95 MB used.
       Both:    107.59 MB used.

Virtual space:
  Non-class space:      128.00 MB reserved,      94.00 MB ( 73%) committed,  2 nodes.
      Class space:        1.00 GB reserved,      16.25 MB (  2%) committed,  1 nodes.
             Both:        1.12 GB reserved,     110.25 MB ( 10%) committed. 

Chunk freelists:
   Non-Class:  1.53 MB
       Class:  15.72 MB
        Both:  17.25 MB

MaxMetaspaceSize: 2.00 GB
CompressedClassSpaceSize: 1.00 GB
Initial GC threshold: 21.00 MB
Current GC threshold: 162.94 MB
CDS: on
 - commit_granule_bytes: 65536.
 - commit_granule_words: 8192.
 - virtual_space_node_default_size: 8388608.
 - enlarge_chunks_in_place: 1.
 - use_allocation_guard: 0.


Internal statistics:

num_allocs_failed_limit: 3.
num_arena_births: 4428.
num_arena_deaths: 0.
num_vsnodes_births: 3.
num_vsnodes_deaths: 0.
num_space_committed: 1763.
num_space_uncommitted: 0.
num_chunks_returned_to_freelist: 3.
num_chunks_taken_from_freelist: 9719.
num_chunk_merges: 3.
num_chunk_splits: 6294.
num_chunks_enlarged: 3977.
num_inconsistent_stats: 0.

CodeHeap 'non-profiled nmethods': size=120000Kb used=11504Kb max_used=11504Kb free=108495Kb
 bounds [0x0000020707ad0000, 0x0000020708610000, 0x000002070f000000]
CodeHeap 'profiled nmethods': size=120000Kb used=28726Kb max_used=28726Kb free=91273Kb
 bounds [0x0000020700000000, 0x0000020701c10000, 0x0000020707530000]
CodeHeap 'non-nmethods': size=5760Kb used=2895Kb max_used=2964Kb free=2865Kb
 bounds [0x0000020707530000, 0x0000020707840000, 0x0000020707ad0000]
 total_blobs=15872 nmethods=14882 adapters=894
 compilation: enabled
              stopped_count=0, restarted_count=0
 full_count=0

Compilation events (20 events):
Event: 200.295 Thread 0x000002077fae98c0 17227       3       org.gradle.internal.work.DefaultWorkerLeaseService::releaseLocks (15 bytes)
Event: 200.296 Thread 0x000002077fae98c0 nmethod 17227 0x0000020701c07a10 code [0x0000020701c07be0, 0x0000020701c07f50]
Event: 200.309 Thread 0x000002077fae98c0 17228       3       org.jetbrains.kotlin.statistics.fileloggers.MetricsContainer$MetricDescriptor::compareTo (9 bytes)
Event: 200.310 Thread 0x000002077fae98c0 nmethod 17228 0x0000020701c08110 code [0x0000020701c082c0, 0x0000020701c084f0]
Event: 200.310 Thread 0x000002077fae98c0 17229       3       org.jetbrains.kotlin.statistics.fileloggers.MetricsContainer$MetricDescriptor::compareTo (71 bytes)
Event: 200.311 Thread 0x000002077fae98c0 nmethod 17229 0x0000020701c08590 code [0x0000020701c08820, 0x0000020701c09120]
Event: 200.324 Thread 0x000002077fae98c0 17231       3       java.util.TreeSet::size (10 bytes)
Event: 200.325 Thread 0x000002077fae98c0 nmethod 17231 0x0000020701c09490 code [0x0000020701c09640, 0x0000020701c09820]
Event: 200.355 Thread 0x000002077faceed0 nmethod 17225 0x0000020708603c10 code [0x0000020708603f80, 0x0000020708605990]
Event: 200.356 Thread 0x000002077faceed0 17230   !   4       sun.nio.ch.IOUtil::write (178 bytes)
Event: 200.367 Thread 0x000002077faceed0 nmethod 17230 0x0000020708606c10 code [0x0000020708606ea0, 0x0000020708607678]
Event: 200.367 Thread 0x000002077faceed0 17226       4       org.gradle.internal.classloader.TransformErrorHandler::enterClassLoadingScope (50 bytes)
Event: 200.386 Thread 0x000002077faceed0 nmethod 17226 0x0000020708608110 code [0x0000020708608340, 0x0000020708608e18]
Event: 200.407 Thread 0x000002077faceed0 17234       4       org.gradle.internal.logging.text.AbstractLineChoppingStyledTextOutput::doAppend (43 bytes)
Event: 200.407 Thread 0x000002077fae98c0 17235   !   3       jdk.internal.reflect.DirectMethodHandleAccessor::invoke (92 bytes)
Event: 200.411 Thread 0x000002077fae98c0 nmethod 17235 0x0000020701c09910 code [0x0000020701c09e00, 0x0000020701c0bf18]
Event: 200.411 Thread 0x000002077fae98c0 17236       3       org.gradle.internal.logging.text.AbstractStyledTextOutput::style (20 bytes)
Event: 200.411 Thread 0x000002077fae98c0 nmethod 17236 0x0000020701c0d510 code [0x0000020701c0d6c0, 0x0000020701c0d938]
Event: 200.452 Thread 0x000002077faceed0 nmethod 17234 0x0000020708609810 code [0x0000020708609b60, 0x000002070860b3b8]
Event: 200.452 Thread 0x000002077faceed0 17237       4       com.google.common.collect.MapMakerInternalMap$Segment::expand (276 bytes)

GC Heap History (20 events):
Event: 121.876 GC heap after
{Heap after GC invocations=66 (full 0):
 garbage-first heap   total 342016K, used 160901K [0x0000000700000000, 0x0000000800000000)
  region size 2048K, 2 young (4096K), 2 survivors (4096K)
 Metaspace       used 96389K, committed 98944K, reserved 1179648K
  class space    used 13572K, committed 14848K, reserved 1048576K
}
Event: 125.547 GC heap before
{Heap before GC invocations=66 (full 0):
 garbage-first heap   total 342016K, used 308357K [0x0000000700000000, 0x0000000800000000)
  region size 2048K, 75 young (153600K), 2 survivors (4096K)
 Metaspace       used 96461K, committed 99008K, reserved 1179648K
  class space    used 13575K, committed 14848K, reserved 1048576K
}
Event: 125.637 GC heap after
{Heap after GC invocations=67 (full 0):
 garbage-first heap   total 411648K, used 166843K [0x0000000700000000, 0x0000000800000000)
  region size 2048K, 5 young (10240K), 5 survivors (10240K)
 Metaspace       used 96461K, committed 99008K, reserved 1179648K
  class space    used 13575K, committed 14848K, reserved 1048576K
}
Event: 129.475 GC heap before
{Heap before GC invocations=67 (full 0):
 garbage-first heap   total 411648K, used 252859K [0x0000000700000000, 0x0000000800000000)
  region size 2048K, 46 young (94208K), 5 survivors (10240K)
 Metaspace       used 96831K, committed 99456K, reserved 1179648K
  class space    used 13616K, committed 14912K, reserved 1048576K
}
Event: 129.541 GC heap after
{Heap after GC invocations=68 (full 0):
 garbage-first heap   total 411648K, used 182272K [0x0000000700000000, 0x0000000800000000)
  region size 2048K, 6 young (12288K), 6 survivors (12288K)
 Metaspace       used 96831K, committed 99456K, reserved 1179648K
  class space    used 13616K, committed 14912K, reserved 1048576K
}
Event: 130.142 GC heap before
{Heap before GC invocations=68 (full 0):
 garbage-first heap   total 411648K, used 241664K [0x0000000700000000, 0x0000000800000000)
  region size 2048K, 36 young (73728K), 6 survivors (12288K)
 Metaspace       used 96833K, committed 99456K, reserved 1179648K
  class space    used 13616K, committed 14912K, reserved 1048576K
}
Event: 130.185 GC heap after
{Heap after GC invocations=69 (full 0):
 garbage-first heap   total 411648K, used 187084K [0x0000000700000000, 0x0000000800000000)
  region size 2048K, 3 young (6144K), 3 survivors (6144K)
 Metaspace       used 96833K, committed 99456K, reserved 1179648K
  class space    used 13616K, committed 14912K, reserved 1048576K
}
Event: 135.294 GC heap before
{Heap before GC invocations=69 (full 0):
 garbage-first heap   total 411648K, used 361164K [0x0000000700000000, 0x0000000800000000)
  region size 2048K, 89 young (182272K), 3 survivors (6144K)
 Metaspace       used 97067K, committed 99648K, reserved 1179648K
  class space    used 13644K, committed 14912K, reserved 1048576K
}
Event: 135.387 GC heap after
{Heap after GC invocations=70 (full 0):
 garbage-first heap   total 411648K, used 201749K [0x0000000700000000, 0x0000000800000000)
  region size 2048K, 10 young (20480K), 10 survivors (20480K)
 Metaspace       used 97067K, committed 99648K, reserved 1179648K
  class space    used 13644K, committed 14912K, reserved 1048576K
}
Event: 138.722 GC heap before
{Heap before GC invocations=70 (full 0):
 garbage-first heap   total 411648K, used 295957K [0x0000000700000000, 0x0000000800000000)
  region size 2048K, 57 young (116736K), 10 survivors (20480K)
 Metaspace       used 97189K, committed 99776K, reserved 1179648K
  class space    used 13656K, committed 14912K, reserved 1048576K
}
Event: 138.807 GC heap after
{Heap after GC invocations=71 (full 0):
 garbage-first heap   total 497664K, used 204245K [0x0000000700000000, 0x0000000800000000)
  region size 2048K, 4 young (8192K), 4 survivors (8192K)
 Metaspace       used 97189K, committed 99776K, reserved 1179648K
  class space    used 13656K, committed 14912K, reserved 1048576K
}
Event: 172.469 GC heap before
{Heap before GC invocations=72 (full 0):
 garbage-first heap   total 497664K, used 450005K [0x0000000700000000, 0x0000000800000000)
  region size 2048K, 125 young (256000K), 4 survivors (8192K)
 Metaspace       used 102181K, committed 104832K, reserved 1179648K
  class space    used 14238K, committed 15552K, reserved 1048576K
}
Event: 173.280 GC heap after
{Heap after GC invocations=73 (full 0):
 garbage-first heap   total 497664K, used 220040K [0x0000000700000000, 0x0000000800000000)
  region size 2048K, 11 young (22528K), 11 survivors (22528K)
 Metaspace       used 102181K, committed 104832K, reserved 1179648K
  class space    used 14238K, committed 15552K, reserved 1048576K
}
Event: 183.397 GC heap before
{Heap before GC invocations=73 (full 0):
 garbage-first heap   total 497664K, used 351112K [0x0000000700000000, 0x0000000800000000)
  region size 2048K, 75 young (153600K), 11 survivors (22528K)
 Metaspace       used 108590K, committed 111232K, reserved 1179648K
  class space    used 15107K, committed 16384K, reserved 1048576K
}
Event: 183.805 GC heap after
{Heap after GC invocations=74 (full 0):
 garbage-first heap   total 497664K, used 232102K [0x0000000700000000, 0x0000000800000000)
  region size 2048K, 6 young (12288K), 6 survivors (12288K)
 Metaspace       used 108590K, committed 111232K, reserved 1179648K
  class space    used 15107K, committed 16384K, reserved 1048576K
}
Event: 187.788 GC heap before
{Heap before GC invocations=74 (full 0):
 garbage-first heap   total 497664K, used 283302K [0x0000000700000000, 0x0000000800000000)
  region size 2048K, 32 young (65536K), 6 survivors (12288K)
 Metaspace       used 108899K, committed 111616K, reserved 1179648K
  class space    used 15135K, committed 16448K, reserved 1048576K
}
Event: 192.953 GC heap after
{Heap after GC invocations=75 (full 0):
 garbage-first heap   total 497664K, used 241433K [0x0000000700000000, 0x0000000800000000)
  region size 2048K, 4 young (8192K), 4 survivors (8192K)
 Metaspace       used 108899K, committed 111616K, reserved 1179648K
  class space    used 15135K, committed 16448K, reserved 1048576K
}
Event: 193.759 GC heap before
{Heap before GC invocations=75 (full 0):
 garbage-first heap   total 497664K, used 257817K [0x0000000700000000, 0x0000000800000000)
  region size 2048K, 12 young (24576K), 4 survivors (8192K)
 Metaspace       used 108953K, committed 111680K, reserved 1179648K
  class space    used 15136K, committed 16448K, reserved 1048576K
}
Event: 193.827 GC heap after
{Heap after GC invocations=76 (full 0):
 garbage-first heap   total 497664K, used 245760K [0x0000000700000000, 0x0000000800000000)
  region size 2048K, 2 young (4096K), 2 survivors (4096K)
 Metaspace       used 108953K, committed 111680K, reserved 1179648K
  class space    used 15136K, committed 16448K, reserved 1048576K
}
Event: 200.489 GC heap before
{Heap before GC invocations=76 (full 0):
 garbage-first heap   total 497664K, used 264192K [0x0000000700000000, 0x0000000800000000)
  region size 2048K, 12 young (24576K), 2 survivors (4096K)
 Metaspace       used 110167K, committed 112896K, reserved 1179648K
  class space    used 15304K, committed 16640K, reserved 1048576K
}

Dll operation events (14 events):
Event: 0.019 Loaded shared library C:\Users\System Bilgisayar\.vscode\extensions\redhat.java-1.42.0-win32-x64\jre\21.0.7-win32-x86_64\bin\java.dll
Event: 0.299 Loaded shared library C:\Users\System Bilgisayar\.vscode\extensions\redhat.java-1.42.0-win32-x64\jre\21.0.7-win32-x86_64\bin\zip.dll
Event: 0.498 Loaded shared library C:\Users\System Bilgisayar\.vscode\extensions\redhat.java-1.42.0-win32-x64\jre\21.0.7-win32-x86_64\bin\instrument.dll
Event: 0.542 Loaded shared library C:\Users\System Bilgisayar\.vscode\extensions\redhat.java-1.42.0-win32-x64\jre\21.0.7-win32-x86_64\bin\net.dll
Event: 0.549 Loaded shared library C:\Users\System Bilgisayar\.vscode\extensions\redhat.java-1.42.0-win32-x64\jre\21.0.7-win32-x86_64\bin\nio.dll
Event: 0.557 Loaded shared library C:\Users\System Bilgisayar\.vscode\extensions\redhat.java-1.42.0-win32-x64\jre\21.0.7-win32-x86_64\bin\zip.dll
Event: 5.171 Loaded shared library C:\Users\System Bilgisayar\.vscode\extensions\redhat.java-1.42.0-win32-x64\jre\21.0.7-win32-x86_64\bin\jimage.dll
Event: 5.791 Loaded shared library C:\Users\System Bilgisayar\.vscode\extensions\redhat.java-1.42.0-win32-x64\jre\21.0.7-win32-x86_64\bin\verify.dll
Event: 6.144 Loaded shared library C:\Users\System Bilgisayar\.gradle\native\c067742578af261105cb4f569cf0c3c89f3d7b1fecec35dd04571415982c5e48\windows-amd64\native-platform.dll
Event: 6.177 Loaded shared library C:\Users\System Bilgisayar\.gradle\native\100fb08df4bc3b14c8652ba06237920a3bd2aa13389f12d3474272988ae205f9\windows-amd64\native-platform-file-events.dll
Event: 9.279 Loaded shared library C:\Users\System Bilgisayar\.vscode\extensions\redhat.java-1.42.0-win32-x64\jre\21.0.7-win32-x86_64\bin\management.dll
Event: 9.290 Loaded shared library C:\Users\System Bilgisayar\.vscode\extensions\redhat.java-1.42.0-win32-x64\jre\21.0.7-win32-x86_64\bin\management_ext.dll
Event: 9.850 Loaded shared library C:\Users\System Bilgisayar\.vscode\extensions\redhat.java-1.42.0-win32-x64\jre\21.0.7-win32-x86_64\bin\extnet.dll
Event: 10.505 Loaded shared library C:\Users\System Bilgisayar\.vscode\extensions\redhat.java-1.42.0-win32-x64\jre\21.0.7-win32-x86_64\bin\sunmscapi.dll

Deoptimization events (20 events):
Event: 200.431 Thread 0x000002075b751b90 Uncommon trap: trap_request=0xffffff45 fr.pc=0x0000020707dc7a3c relative=0x000000000000025c
Event: 200.431 Thread 0x000002075b751b90 Uncommon trap: reason=unstable_if action=reinterpret pc=0x0000020707dc7a3c method=com.esotericsoftware.kryo.io.Output.writeString(Ljava/lang/CharSequence;)V @ 83 c2
Event: 200.431 Thread 0x000002075b751b90 DEOPT PACKING pc=0x0000020707dc7a3c sp=0x000000f5598feb60
Event: 200.431 Thread 0x000002075b751b90 DEOPT UNPACKING pc=0x00000207075846a2 sp=0x000000f5598fea98 mode 2
Event: 200.461 Thread 0x000002075b751530 Uncommon trap: trap_request=0xffffff45 fr.pc=0x0000020707f29754 relative=0x0000000000000214
Event: 200.461 Thread 0x000002075b751530 Uncommon trap: reason=unstable_if action=reinterpret pc=0x0000020707f29754 method=org.gradle.internal.snapshot.VfsRelativePath.normalizeRoot(Ljava/lang/String;)Ljava/lang/String; @ 31 c2
Event: 200.461 Thread 0x000002075b751530 DEOPT PACKING pc=0x0000020707f29754 sp=0x000000f5597fc1a0
Event: 200.461 Thread 0x000002075b751530 DEOPT UNPACKING pc=0x00000207075846a2 sp=0x000000f5597fc148 mode 2
Event: 200.476 Thread 0x000002075b751530 Uncommon trap: trap_request=0xffffffc6 fr.pc=0x0000020708235e04 relative=0x00000000000008e4
Event: 200.476 Thread 0x000002075b751530 Uncommon trap: reason=bimorphic_or_optimized_type_check action=maybe_recompile pc=0x0000020708235e04 method=java.util.stream.ReferencePipeline$7$1.accept(Ljava/lang/Object;)V @ 29 c2
Event: 200.476 Thread 0x000002075b751530 DEOPT PACKING pc=0x0000020708235e04 sp=0x000000f5597fc3c0
Event: 200.477 Thread 0x000002075b751530 DEOPT UNPACKING pc=0x00000207075846a2 sp=0x000000f5597fc388 mode 2
Event: 200.477 Thread 0x000002075b751530 Uncommon trap: trap_request=0xffffffc6 fr.pc=0x0000020708235e04 relative=0x00000000000008e4
Event: 200.477 Thread 0x000002075b751530 Uncommon trap: reason=bimorphic_or_optimized_type_check action=maybe_recompile pc=0x0000020708235e04 method=java.util.stream.ReferencePipeline$7$1.accept(Ljava/lang/Object;)V @ 29 c2
Event: 200.477 Thread 0x000002075b751530 DEOPT PACKING pc=0x0000020708235e04 sp=0x000000f5597fc110
Event: 200.477 Thread 0x000002075b751530 DEOPT UNPACKING pc=0x00000207075846a2 sp=0x000000f5597fc0d8 mode 2
Event: 200.478 Thread 0x000002075b751530 Uncommon trap: trap_request=0xffffffc6 fr.pc=0x000002070825ecac relative=0x000000000000032c
Event: 200.478 Thread 0x000002075b751530 Uncommon trap: reason=bimorphic_or_optimized_type_check action=maybe_recompile pc=0x000002070825ecac method=java.util.stream.Streams$StreamBuilderImpl.forEachRemaining(Ljava/util/function/Consumer;)V @ 19 c2
Event: 200.478 Thread 0x000002075b751530 DEOPT PACKING pc=0x000002070825ecac sp=0x000000f5597fb820
Event: 200.478 Thread 0x000002075b751530 DEOPT UNPACKING pc=0x00000207075846a2 sp=0x000000f5597fb7d8 mode 2

Classes loaded (20 events):
Event: 195.355 Loading class java/lang/ProcessHandleImpl
Event: 195.390 Loading class java/lang/ProcessHandleImpl done
Event: 195.425 Loading class java/lang/ProcessImpl$2
Event: 195.427 Loading class java/lang/ProcessImpl$2 done
Event: 195.430 Loading class java/lang/Process$PipeInputStream
Event: 195.433 Loading class java/lang/Process$PipeInputStream done
Event: 196.123 Loading class jdk/internal/event/ProcessStartEvent
Event: 196.131 Loading class jdk/internal/event/ProcessStartEvent done
Event: 199.708 Loading class java/lang/invoke/WrongMethodTypeException
Event: 199.710 Loading class java/lang/invoke/WrongMethodTypeException done
Event: 199.731 Loading class java/io/PrintWriter$1
Event: 199.733 Loading class jdk/internal/access/JavaIOPrintWriterAccess
Event: 199.737 Loading class jdk/internal/access/JavaIOPrintWriterAccess done
Event: 199.737 Loading class java/io/PrintWriter$1 done
Event: 199.738 Loading class java/lang/Throwable$WrappedPrintWriter
Event: 199.739 Loading class java/lang/Throwable$PrintStreamOrWriter
Event: 199.740 Loading class java/lang/Throwable$PrintStreamOrWriter done
Event: 199.740 Loading class java/lang/Throwable$WrappedPrintWriter done
Event: 199.874 Loading class java/util/logging/LogRecord
Event: 199.882 Loading class java/util/logging/LogRecord done

Classes unloaded (0 events):
No events

Classes redefined (0 events):
No events

Internal exceptions (20 events):
Event: 194.795 Thread 0x000002075b751530 Exception <a 'java/lang/ClassNotFoundException'{0x000000071dd85528}: org/gradle/process/internal/DefaultExecActionBeanInfo> (0x000000071dd85528) 
thrown [s\src\hotspot\share\classfile\systemDictionary.cpp, line 312]
Event: 194.798 Thread 0x000002075b751530 Exception <a 'java/lang/ClassNotFoundException'{0x000000071dd90c98}: org/gradle/process/internal/DefaultExecHandleBuilderBeanInfo> (0x000000071dd90c98) 
thrown [s\src\hotspot\share\classfile\systemDictionary.cpp, line 312]
Event: 194.800 Thread 0x000002075b751530 Exception <a 'java/lang/ClassNotFoundException'{0x000000071dd9c6b8}: org/gradle/process/internal/AbstractExecHandleBuilderBeanInfo> (0x000000071dd9c6b8) 
thrown [s\src\hotspot\share\classfile\systemDictionary.cpp, line 312]
Event: 194.807 Thread 0x000002075b751530 Exception <a 'java/lang/ClassNotFoundException'{0x000000071dda8390}: org/gradle/process/internal/DefaultProcessForkOptionsBeanInfo> (0x000000071dda8390) 
thrown [s\src\hotspot\share\classfile\systemDictionary.cpp, line 312]
Event: 194.809 Thread 0x000002075b751530 Exception <a 'java/lang/ClassNotFoundException'{0x000000071ddb4360}: org/gradle/process/internal/DefaultProcessForkOptionsCustomizer> (0x000000071ddb4360) 
thrown [s\src\hotspot\share\classfile\systemDictionary.cpp, line 312]
Event: 194.811 Thread 0x000002075b751530 Exception <a 'java/lang/ClassNotFoundException'{0x000000071ddcde10}: org/gradle/process/internal/AbstractExecHandleBuilderCustomizer> (0x000000071ddcde10) 
thrown [s\src\hotspot\share\classfile\systemDictionary.cpp, line 312]
Event: 194.813 Thread 0x000002075b751530 Exception <a 'java/lang/ClassNotFoundException'{0x000000071ddeb8a0}: org/gradle/process/internal/DefaultExecHandleBuilderCustomizer> (0x000000071ddeb8a0) 
thrown [s\src\hotspot\share\classfile\systemDictionary.cpp, line 312]
Event: 194.816 Thread 0x000002075b751530 Exception <a 'java/lang/ClassNotFoundException'{0x000000071da24c50}: org/gradle/process/internal/DefaultExecActionCustomizer> (0x000000071da24c50) 
thrown [s\src\hotspot\share\classfile\systemDictionary.cpp, line 312]
Event: 194.817 Thread 0x000002075b751530 Exception <a 'java/lang/ClassNotFoundException'{0x000000071da3a358}: org/gradle/process/internal/DefaultExecAction_DecoratedCustomizer> (0x000000071da3a358) 
thrown [s\src\hotspot\share\classfile\systemDictionary.cpp, line 312]
Event: 195.349 Thread 0x000002075f6ea880 Exception <a 'java/lang/NoSuchMethodError'{0x000000071db05e38}: 'void java.lang.invoke.DirectMethodHandle$Holder.invokeStatic(java.lang.Object, long)'> (0x000000071db05e38) 
thrown [s\src\hotspot\share\interpreter\linkResolver.cpp, line 773]
Event: 195.420 Thread 0x000002075f6ea880 Exception <a 'java/lang/NoSuchMethodError'{0x000000071db0fd38}: 'java.lang.Object java.lang.invoke.DirectMethodHandle$Holder.invokeStaticInit(java.lang.Object, long, java.lang.Object)'> (0x000000071db0fd38) 
thrown [s\src\hotspot\share\interpreter\linkResolver.cpp, line 773]
Event: 199.771 Thread 0x000002077fe6feb0 Exception <a 'java/lang/NoSuchMethodError'{0x000000071de8dae8}: static Lorg/gradle/internal/build/event/types/DefaultFailureResult;.<clinit>()V> (0x000000071de8dae8) 
thrown [s\src\hotspot\share\prims\jni.cpp, line 1111]
Event: 199.782 Thread 0x000002077fe6feb0 Exception <a 'java/lang/NoSuchMethodError'{0x000000071d883620}: static Lorg/gradle/internal/build/event/types/DefaultFailure;.<clinit>()V> (0x000000071d883620) 
thrown [s\src\hotspot\share\prims\jni.cpp, line 1111]
Event: 200.090 Thread 0x000002075f6ed670 Implicit null exception at 0x00000207080d3613 to 0x00000207080d3f2c
Event: 200.092 Thread 0x000002075f6ed670 Exception <a 'sun/nio/fs/WindowsException'{0x000000071d9ca5b8}> (0x000000071d9ca5b8) 
thrown [s\src\hotspot\share\prims\jni.cpp, line 520]
Event: 200.340 Thread 0x000002075b751530 Exception <a 'java/lang/NoSuchMethodError'{0x000000071d1e3b50}: 'void java.lang.invoke.DirectMethodHandle$Holder.invokeInterface(java.lang.Object, java.lang.Object, java.lang.Object, int)'> (0x000000071d1e3b50) 
thrown [s\src\hotspot\share\interpreter\linkResolver.cpp, line 773]
Event: 200.340 Thread 0x000002075b751530 Exception <a 'java/lang/IncompatibleClassChangeError'{0x000000071d1e76c8}: Found class java.lang.Object, but interface was expected> (0x000000071d1e76c8) 
thrown [s\src\hotspot\share\interpreter\linkResolver.cpp, line 840]
Event: 200.343 Thread 0x000002075b751530 Exception <a 'java/lang/NoSuchMethodError'{0x000000071d1ebdb8}: 'void java.lang.invoke.DelegatingMethodHandle$Holder.reinvoke_L(java.lang.Object, java.lang.Object, java.lang.Object, int)'> (0x000000071d1ebdb8) 
thrown [s\src\hotspot\share\interpreter\linkResolver.cpp, line 773]
Event: 200.398 Thread 0x000002075b751530 Exception <a 'java/lang/NoSuchMethodError'{0x000000071ceeb240}: 'void java.lang.invoke.DirectMethodHandle$Holder.invokeStatic(java.lang.Object, int, java.lang.Object)'> (0x000000071ceeb240) 
thrown [s\src\hotspot\share\interpreter\linkResolver.cpp, line 773]
Event: 200.406 Thread 0x000002075b751530 Implicit null exception at 0x00000207080ebe00 to 0x00000207080ec163

ZGC Phase Switch (0 events):
No events

VM Operations (20 events):
Event: 196.122 Executing VM operation: Cleanup done
Event: 196.122 Executing VM operation: HandshakeAllThreads (Deoptimize)
Event: 196.122 Executing VM operation: HandshakeAllThreads (Deoptimize) done
Event: 197.132 Executing VM operation: Cleanup
Event: 197.133 Executing VM operation: Cleanup done
Event: 199.159 Executing VM operation: Cleanup
Event: 199.159 Executing VM operation: Cleanup done
Event: 199.716 Executing VM operation: HandshakeAllThreads (Deoptimize)
Event: 199.716 Executing VM operation: HandshakeAllThreads (Deoptimize) done
Event: 200.075 Executing VM operation: HandshakeAllThreads (Deoptimize)
Event: 200.075 Executing VM operation: HandshakeAllThreads (Deoptimize) done
Event: 200.147 Executing VM operation: HandshakeAllThreads (Deoptimize)
Event: 200.169 Executing VM operation: HandshakeAllThreads (Deoptimize) done
Event: 200.169 Executing VM operation: Cleanup
Event: 200.184 Executing VM operation: Cleanup done
Event: 200.397 Executing VM operation: HandshakeAllThreads (Deoptimize)
Event: 200.397 Executing VM operation: HandshakeAllThreads (Deoptimize) done
Event: 200.429 Executing VM operation: HandshakeAllThreads (Deoptimize)
Event: 200.429 Executing VM operation: HandshakeAllThreads (Deoptimize) done
Event: 200.489 Executing VM operation: G1CollectForAllocation (G1 Evacuation Pause)

Memory protections (0 events):
No events

Nmethod flushes (20 events):
Event: 147.107 Thread 0x000002077b52e8d0 flushing  nmethod 0x0000020700997b10
Event: 147.107 Thread 0x000002077b52e8d0 flushing  nmethod 0x0000020700adf010
Event: 147.107 Thread 0x000002077b52e8d0 flushing  nmethod 0x0000020700ae6b90
Event: 147.107 Thread 0x000002077b52e8d0 flushing  nmethod 0x0000020700b9f390
Event: 147.107 Thread 0x000002077b52e8d0 flushing  nmethod 0x0000020700c04490
Event: 147.107 Thread 0x000002077b52e8d0 flushing  nmethod 0x0000020700c08a10
Event: 147.107 Thread 0x000002077b52e8d0 flushing  nmethod 0x0000020700c09a90
Event: 147.107 Thread 0x000002077b52e8d0 flushing  nmethod 0x0000020700c0a290
Event: 147.108 Thread 0x000002077b52e8d0 flushing  nmethod 0x0000020700c0b690
Event: 147.108 Thread 0x000002077b52e8d0 flushing  nmethod 0x0000020700c0d210
Event: 147.108 Thread 0x000002077b52e8d0 flushing  nmethod 0x0000020700d75510
Event: 147.108 Thread 0x000002077b52e8d0 flushing  nmethod 0x0000020700d9f710
Event: 147.108 Thread 0x000002077b52e8d0 flushing  nmethod 0x0000020700db4e10
Event: 147.108 Thread 0x000002077b52e8d0 flushing  nmethod 0x0000020700db6590
Event: 147.108 Thread 0x000002077b52e8d0 flushing  nmethod 0x0000020700df0c90
Event: 147.108 Thread 0x000002077b52e8d0 flushing  nmethod 0x0000020700df1610
Event: 147.108 Thread 0x000002077b52e8d0 flushing  nmethod 0x0000020700e19d10
Event: 147.108 Thread 0x000002077b52e8d0 flushing  nmethod 0x0000020700eab010
Event: 147.108 Thread 0x000002077b52e8d0 flushing  nmethod 0x000002070109b690
Event: 147.108 Thread 0x000002077b52e8d0 flushing  nmethod 0x000002070109bd10

Events (20 events):
Event: 100.862 Thread 0x000002075b751530 Thread added: 0x000002075fa0a6b0
Event: 100.863 Thread 0x000002075b751530 Thread added: 0x000002075fa057f0
Event: 100.864 Thread 0x000002075b751530 Thread added: 0x000002075fa04ad0
Event: 117.325 Thread 0x000002075b751530 Thread added: 0x000002075e654a80
Event: 117.326 Thread 0x000002075b751530 Thread added: 0x000002075e655e30
Event: 117.327 Thread 0x000002075b751530 Thread added: 0x000002075e651600
Event: 122.709 Thread 0x000002075b751530 Thread added: 0x000002075e656b50
Event: 122.710 Thread 0x000002075b751530 Thread added: 0x000002075e657870
Event: 122.710 Thread 0x000002075b751530 Thread added: 0x000002075e650f70
Event: 122.858 Thread 0x000002075b751530 Thread added: 0x000002075c8a5ac0
Event: 122.860 Thread 0x000002075b751530 Thread added: 0x000002075c89fee0
Event: 122.862 Thread 0x000002075b751530 Thread added: 0x000002075c89eb30
Event: 123.353 Thread 0x000002075b751530 Thread added: 0x000002075c8a6150
Event: 167.183 Thread 0x000002075b751530 Thread added: 0x0000020766798120
Event: 169.476 Thread 0x000002075b751530 Thread added: 0x000002075f6ef740
Event: 169.497 Thread 0x000002075f6ef740 Thread added: 0x000002075f6ecfe0
Event: 195.012 Thread 0x000002075b751530 Thread added: 0x000002075f6ea880
Event: 196.153 Thread 0x000002075f6ea880 Thread added: 0x000002075f6eea20
Event: 196.154 Thread 0x000002075f6ea880 Thread added: 0x000002075f6eaf10
Event: 200.083 Thread 0x000002075b751530 Thread added: 0x000002075f6ed670


Dynamic libraries:
0x00007ff646760000 - 0x00007ff64676e000 	C:\Users\System Bilgisayar\.vscode\extensions\redhat.java-1.42.0-win32-x64\jre\21.0.7-win32-x86_64\bin\java.exe
0x00007ffcad690000 - 0x00007ffcad888000 	C:\WINDOWS\SYSTEM32\ntdll.dll
0x00007ffcac720000 - 0x00007ffcac7e2000 	C:\WINDOWS\System32\KERNEL32.DLL
0x00007ffcaaf50000 - 0x00007ffcab246000 	C:\WINDOWS\System32\KERNELBASE.dll
0x00007ffcab5c0000 - 0x00007ffcab6c0000 	C:\WINDOWS\System32\ucrtbase.dll
0x00007ffc96d80000 - 0x00007ffc96d98000 	C:\Users\System Bilgisayar\.vscode\extensions\redhat.java-1.42.0-win32-x64\jre\21.0.7-win32-x86_64\bin\jli.dll
0x00007ffcab6c0000 - 0x00007ffcab85d000 	C:\WINDOWS\System32\USER32.dll
0x00007ffcaad30000 - 0x00007ffcaad52000 	C:\WINDOWS\System32\win32u.dll
0x00007ffcacb80000 - 0x00007ffcacbab000 	C:\WINDOWS\System32\GDI32.dll
0x00007ffcab3d0000 - 0x00007ffcab4ea000 	C:\WINDOWS\System32\gdi32full.dll
0x00007ffcab4f0000 - 0x00007ffcab58d000 	C:\WINDOWS\System32\msvcp_win.dll
0x00007ffc98280000 - 0x00007ffc9829e000 	C:\Users\System Bilgisayar\.vscode\extensions\redhat.java-1.42.0-win32-x64\jre\21.0.7-win32-x86_64\bin\VCRUNTIME140.dll
0x00007ffc99820000 - 0x00007ffc99aba000 	C:\WINDOWS\WinSxS\amd64_microsoft.windows.common-controls_6595b64144ccf1df_6.0.19041.5794_none_60bcd33171f2783c\COMCTL32.dll
0x00007ffcad320000 - 0x00007ffcad3be000 	C:\WINDOWS\System32\msvcrt.dll
0x00007ffcaba10000 - 0x00007ffcaba3f000 	C:\WINDOWS\System32\IMM32.DLL
0x00007ffca6830000 - 0x00007ffca683c000 	C:\Users\System Bilgisayar\.vscode\extensions\redhat.java-1.42.0-win32-x64\jre\21.0.7-win32-x86_64\bin\vcruntime140_1.dll
0x00007ffc832f0000 - 0x00007ffc8337d000 	C:\Users\System Bilgisayar\.vscode\extensions\redhat.java-1.42.0-win32-x64\jre\21.0.7-win32-x86_64\bin\msvcp140.dll
0x00007ffc6ed30000 - 0x00007ffc6fac0000 	C:\Users\System Bilgisayar\.vscode\extensions\redhat.java-1.42.0-win32-x64\jre\21.0.7-win32-x86_64\bin\server\jvm.dll
0x00007ffcac5e0000 - 0x00007ffcac68f000 	C:\WINDOWS\System32\ADVAPI32.dll
0x00007ffcaca80000 - 0x00007ffcacb1f000 	C:\WINDOWS\System32\sechost.dll
0x00007ffcad450000 - 0x00007ffcad573000 	C:\WINDOWS\System32\RPCRT4.dll
0x00007ffcab590000 - 0x00007ffcab5b7000 	C:\WINDOWS\System32\bcrypt.dll
0x00007ffcad3c0000 - 0x00007ffcad42b000 	C:\WINDOWS\System32\WS2_32.dll
0x00007ffcaa270000 - 0x00007ffcaa2bb000 	C:\WINDOWS\SYSTEM32\POWRPROF.dll
0x00007ffc99ac0000 - 0x00007ffc99ae7000 	C:\WINDOWS\SYSTEM32\WINMM.dll
0x00007ffca2bd0000 - 0x00007ffca2bda000 	C:\WINDOWS\SYSTEM32\VERSION.dll
0x00007ffcaa130000 - 0x00007ffcaa142000 	C:\WINDOWS\SYSTEM32\UMPDC.dll
0x00007ffca9550000 - 0x00007ffca9562000 	C:\WINDOWS\SYSTEM32\kernel.appcore.dll
0x00007ffca5510000 - 0x00007ffca551a000 	C:\Users\System Bilgisayar\.vscode\extensions\redhat.java-1.42.0-win32-x64\jre\21.0.7-win32-x86_64\bin\jimage.dll
0x00007ffca8a90000 - 0x00007ffca8c91000 	C:\WINDOWS\SYSTEM32\DBGHELP.DLL
0x00007ffc94910000 - 0x00007ffc94944000 	C:\WINDOWS\SYSTEM32\dbgcore.DLL
0x00007ffcaaec0000 - 0x00007ffcaaf42000 	C:\WINDOWS\System32\bcryptPrimitives.dll
0x00007ffca6ed0000 - 0x00007ffca6edf000 	C:\Users\System Bilgisayar\.vscode\extensions\redhat.java-1.42.0-win32-x64\jre\21.0.7-win32-x86_64\bin\instrument.dll
0x00007ffc967b0000 - 0x00007ffc967cf000 	C:\Users\System Bilgisayar\.vscode\extensions\redhat.java-1.42.0-win32-x64\jre\21.0.7-win32-x86_64\bin\java.dll
0x00007ffcacbb0000 - 0x00007ffcad31e000 	C:\WINDOWS\System32\SHELL32.dll
0x00007ffca8d90000 - 0x00007ffca9533000 	C:\WINDOWS\SYSTEM32\windows.storage.dll
0x00007ffcabab0000 - 0x00007ffcabe03000 	C:\WINDOWS\System32\combase.dll
0x00007ffcaa760000 - 0x00007ffcaa78b000 	C:\WINDOWS\SYSTEM32\Wldp.dll
0x00007ffcad580000 - 0x00007ffcad64d000 	C:\WINDOWS\System32\OLEAUT32.dll
0x00007ffcac7f0000 - 0x00007ffcac89d000 	C:\WINDOWS\System32\SHCORE.dll
0x00007ffcac580000 - 0x00007ffcac5d5000 	C:\WINDOWS\System32\shlwapi.dll
0x00007ffcaac60000 - 0x00007ffcaac85000 	C:\WINDOWS\SYSTEM32\profapi.dll
0x00007ffc95570000 - 0x00007ffc95588000 	C:\Users\System Bilgisayar\.vscode\extensions\redhat.java-1.42.0-win32-x64\jre\21.0.7-win32-x86_64\bin\zip.dll
0x00007ffca3f90000 - 0x00007ffca3fa0000 	C:\Users\System Bilgisayar\.vscode\extensions\redhat.java-1.42.0-win32-x64\jre\21.0.7-win32-x86_64\bin\net.dll
0x00007ffca4260000 - 0x00007ffca436a000 	C:\WINDOWS\SYSTEM32\WINHTTP.dll
0x00007ffcaa4c0000 - 0x00007ffcaa52c000 	C:\WINDOWS\system32\mswsock.dll
0x00007ffc95550000 - 0x00007ffc95566000 	C:\Users\System Bilgisayar\.vscode\extensions\redhat.java-1.42.0-win32-x64\jre\21.0.7-win32-x86_64\bin\nio.dll
0x00007ffca6910000 - 0x00007ffca6920000 	C:\Users\System Bilgisayar\.vscode\extensions\redhat.java-1.42.0-win32-x64\jre\21.0.7-win32-x86_64\bin\verify.dll
0x00007ffc96e60000 - 0x00007ffc96e87000 	C:\Users\System Bilgisayar\.gradle\native\c067742578af261105cb4f569cf0c3c89f3d7b1fecec35dd04571415982c5e48\windows-amd64\native-platform.dll
0x00007ffc7c6e0000 - 0x00007ffc7c824000 	C:\Users\System Bilgisayar\.gradle\native\100fb08df4bc3b14c8652ba06237920a3bd2aa13389f12d3474272988ae205f9\windows-amd64\native-platform-file-events.dll
0x00007ffca3c60000 - 0x00007ffca3c6a000 	C:\Users\System Bilgisayar\.vscode\extensions\redhat.java-1.42.0-win32-x64\jre\21.0.7-win32-x86_64\bin\management.dll
0x00007ffca3b50000 - 0x00007ffca3b5b000 	C:\Users\System Bilgisayar\.vscode\extensions\redhat.java-1.42.0-win32-x64\jre\21.0.7-win32-x86_64\bin\management_ext.dll
0x00007ffcac950000 - 0x00007ffcac958000 	C:\WINDOWS\System32\PSAPI.DLL
0x00007ffcaa6c0000 - 0x00007ffcaa6d8000 	C:\WINDOWS\SYSTEM32\CRYPTSP.dll
0x00007ffca9d70000 - 0x00007ffca9da8000 	C:\WINDOWS\system32\rsaenh.dll
0x00007ffcaac20000 - 0x00007ffcaac4e000 	C:\WINDOWS\SYSTEM32\USERENV.dll
0x00007ffcaa6b0000 - 0x00007ffcaa6bc000 	C:\WINDOWS\SYSTEM32\CRYPTBASE.dll
0x00007ffcaa150000 - 0x00007ffcaa18b000 	C:\WINDOWS\SYSTEM32\IPHLPAPI.DLL
0x00007ffcaba40000 - 0x00007ffcaba48000 	C:\WINDOWS\System32\NSI.dll
0x00007ffca2f60000 - 0x00007ffca2f69000 	C:\Users\System Bilgisayar\.vscode\extensions\redhat.java-1.42.0-win32-x64\jre\21.0.7-win32-x86_64\bin\extnet.dll
0x00007ffca32d0000 - 0x00007ffca32de000 	C:\Users\System Bilgisayar\.vscode\extensions\redhat.java-1.42.0-win32-x64\jre\21.0.7-win32-x86_64\bin\sunmscapi.dll
0x00007ffcaad60000 - 0x00007ffcaaebd000 	C:\WINDOWS\System32\CRYPT32.dll
0x00007ffcaa7d0000 - 0x00007ffcaa7f7000 	C:\WINDOWS\SYSTEM32\ncrypt.dll
0x00007ffcaa790000 - 0x00007ffcaa7cb000 	C:\WINDOWS\SYSTEM32\NTASN1.dll
0x00007ffc99e20000 - 0x00007ffc99e27000 	C:\WINDOWS\system32\wshunix.dll
0x00007ffc95500000 - 0x00007ffc95517000 	C:\WINDOWS\system32\napinsp.dll
0x00007ffc96580000 - 0x00007ffc9659b000 	C:\WINDOWS\system32\pnrpnsp.dll
0x00007ffc89940000 - 0x00007ffc8995d000 	C:\WINDOWS\system32\wshbth.dll
0x00007ffca6e90000 - 0x00007ffca6ead000 	C:\WINDOWS\system32\NLAapi.dll
0x00007ffcaa1a0000 - 0x00007ffcaa26a000 	C:\WINDOWS\SYSTEM32\DNSAPI.dll
0x00007ffca4800000 - 0x00007ffca4812000 	C:\WINDOWS\System32\winrnr.dll
0x00007ffca1780000 - 0x00007ffca178a000 	C:\Windows\System32\rasadhlp.dll
0x00007ffca0a10000 - 0x00007ffca0a90000 	C:\WINDOWS\System32\fwpuclnt.dll

dbghelp: loaded successfully - version: 4.0.5 - missing functions: none
symbol engine: initialized successfully - sym options: 0x614 - pdb path: .;C:\Users\System Bilgisayar\.vscode\extensions\redhat.java-1.42.0-win32-x64\jre\21.0.7-win32-x86_64\bin;C:\WINDOWS\SYSTEM32;C:\WINDOWS\WinSxS\amd64_microsoft.windows.common-controls_6595b64144ccf1df_6.0.19041.5794_none_60bcd33171f2783c;C:\Users\System Bilgisayar\.vscode\extensions\redhat.java-1.42.0-win32-x64\jre\21.0.7-win32-x86_64\bin\server;C:\Users\System Bilgisayar\.gradle\native\c067742578af261105cb4f569cf0c3c89f3d7b1fecec35dd04571415982c5e48\windows-amd64;C:\Users\System Bilgisayar\.gradle\native\100fb08df4bc3b14c8652ba06237920a3bd2aa13389f12d3474272988ae205f9\windows-amd64

VM Arguments:
jvm_args: -XX:MaxMetaspaceSize=2G -XX:+HeapDumpOnOutOfMemoryError --add-opens=java.base/java.util=ALL-UNNAMED --add-opens=java.base/java.lang=ALL-UNNAMED --add-opens=java.base/java.lang.invoke=ALL-UNNAMED --add-opens=java.prefs/java.util.prefs=ALL-UNNAMED --add-exports=jdk.compiler/com.sun.tools.javac.api=ALL-UNNAMED --add-exports=jdk.compiler/com.sun.tools.javac.util=ALL-UNNAMED --add-opens=java.base/java.nio.charset=ALL-UNNAMED --add-opens=java.base/java.net=ALL-UNNAMED --add-opens=java.base/java.util.concurrent.atomic=ALL-UNNAMED -Xmx4G -Dfile.encoding=utf8 -Duser.country=TR -Duser.language=tr -Duser.variant -javaagent:C:\Users\System Bilgisayar\.gradle\wrapper\dists\gradle-8.9-bin\90cnw93cvbtalezasaz0blq0a\gradle-8.9\lib\agents\gradle-instrumentation-agent-8.9.jar 
java_command: org.gradle.launcher.daemon.bootstrap.GradleDaemon 8.9
java_class_path (initial): C:\Users\System Bilgisayar\.gradle\wrapper\dists\gradle-8.9-bin\90cnw93cvbtalezasaz0blq0a\gradle-8.9\lib\gradle-daemon-main-8.9.jar
Launcher Type: SUN_STANDARD

[Global flags]
     intx CICompilerCount                          = 3                                         {product} {ergonomic}
     uint ConcGCThreads                            = 1                                         {product} {ergonomic}
     uint G1ConcRefinementThreads                  = 4                                         {product} {ergonomic}
   size_t G1HeapRegionSize                         = 2097152                                   {product} {ergonomic}
    uintx GCDrainStackTargetSize                   = 64                                        {product} {ergonomic}
     bool HeapDumpOnOutOfMemoryError               = true                                   {manageable} {command line}
   size_t InitialHeapSize                          = 56623104                                  {product} {ergonomic}
   size_t MarkStackSize                            = 4194304                                   {product} {ergonomic}
   size_t MaxHeapSize                              = 4294967296                                {product} {command line}
   size_t MaxMetaspaceSize                         = 2147483648                                {product} {command line}
   size_t MaxNewSize                               = 2575302656                                {product} {ergonomic}
   size_t MinHeapDeltaBytes                        = 2097152                                   {product} {ergonomic}
   size_t MinHeapSize                              = 8388608                                   {product} {ergonomic}
    uintx NonNMethodCodeHeapSize                   = 5832780                                {pd product} {ergonomic}
    uintx NonProfiledCodeHeapSize                  = 122912730                              {pd product} {ergonomic}
    uintx ProfiledCodeHeapSize                     = 122912730                              {pd product} {ergonomic}
    uintx ReservedCodeCacheSize                    = 251658240                              {pd product} {ergonomic}
     bool SegmentedCodeCache                       = true                                      {product} {ergonomic}
   size_t SoftMaxHeapSize                          = 4294967296                             {manageable} {ergonomic}
     bool UseCompressedOops                        = true                           {product lp64_product} {ergonomic}
     bool UseG1GC                                  = true                                      {product} {ergonomic}
     bool UseLargePagesIndividualAllocation        = false                                  {pd product} {ergonomic}

Logging:
Log output configuration:
 #0: stdout all=warning uptime,level,tags foldmultilines=false
 #1: stderr all=off uptime,level,tags foldmultilines=false

Environment Variables:
JAVA_HOME=C:\Program Files\Java\jdk-23
PATH=C:\Program Files\flutter\bin;C:\Windows\system32;C:\Windows;C:\Windows\System32\Wbem;C:\Windows\System32\WindowsPowerShell\v1.0\;C:\Windows\System32\OpenSSH\;C:\Program Files\Microsoft SQL Server\150\Tools\Binn\;C:\WINDOWS\system32;C:\WINDOWS;C:\WINDOWS\System32\Wbem;C:\WINDOWS\System32\WindowsPowerShell\v1.0\;C:\WINDOWS\System32\OpenSSH\;C:\Program Files (x86)\Git\cmd;C:\Program Files\Java\jdk-23;C:\xampp\php;C:\composer;C:\nodejs;C:\Program Files\nodejs\;C:\Users\System Bilgisayar\AppData\Local\Pub\Cache\bin;C:\Program Files\MySQL\MySQL Shell 8.0\bin\;E:\Anaconda;C:\Program Files\flutter\bin;E: \Anaconda\Library\mingw-64\bin;E:\Anaconda\Library\usr\bin;E:\Anaconda\Library\bin;E:\Anaconda\Scripts;C:\Users\System Bilgisayar\AppData\Local\Microsoft\WindowsApps;C:\Program Files\JetBrains\IntelliJ IDEA Community Edition 2022.2.3\bin;;C:\Users\System Bilgisayar\AppData\Local\Programs\Microsoft VS Code\bin;C:\Program Files\Git\bin\;C:\Program Files\Java\jdk-23\bin;C:\dart-sdk\bin;C:\Users\System Bilgisayar\AppData\Roaming\Composer\vendor\bin;C:\Users\System Bilgisayar\AppData\Local\Microsoft\WinGet\Links;C:\Users\System Bilgisayar\AppData\Roaming\npm
USERNAME=System Bilgisayar
OS=Windows_NT
PROCESSOR_IDENTIFIER=Intel64 Family 6 Model 142 Stepping 9, GenuineIntel
TMP=C:\Users\SYSTEM~1\AppData\Local\Temp
TEMP=C:\Users\SYSTEM~1\AppData\Local\Temp




Periodic native trim disabled

---------------  S Y S T E M  ---------------

OS:
 Windows 10 , 64 bit Build 19041 (10.0.19041.5794)
OS uptime: 16 days 0:41 hours

CPU: total 4 (initial active 4) (2 cores per cpu, 2 threads per core) family 6 model 142 stepping 9 microcode 0xb4, cx8, cmov, fxsr, ht, mmx, 3dnowpref, sse, sse2, sse3, ssse3, sse4.1, sse4.2, popcnt, lzcnt, tsc, tscinvbit, avx, avx2, aes, erms, clmul, bmi1, bmi2, adx, fma, vzeroupper, clflush, clflushopt, rdtscp, f16c
Processor Information for the first 4 processors :
  Max Mhz: 2712, Current Mhz: 2511, Mhz Limit: 2495

Memory: 4k page, system-wide physical 3345M (130M free)
TotalPageFile size 13585M (AvailPageFile size 202M)
current process WorkingSet (physical memory assigned to process): 319M, peak: 409M
current process commit charge ("private bytes"): 839M, peak: 1433M

vm_info: OpenJDK 64-Bit Server VM (21.0.7+6-LTS) for windows-amd64 JRE (21.0.7+6-LTS), built on 2025-04-15T00:00:00Z by "admin" with MS VC++ 17.7 (VS2022)

END.
